{"/Users/dominiksek/Documents/school-server/app.ts": {"path":"/Users/dominiksek/Documents/school-server/app.ts","statementMap":{"0":{"start":{"line":2,"column":0},"end":{"line":2,"column":66}},"1":{"start":{"line":2,"column":40},"end":{"line":2,"column":63}},"2":{"start":{"line":4,"column":0},"end":{"line":4,"column":30}},"3":{"start":{"line":5,"column":0},"end":{"line":5,"column":24}},"4":{"start":{"line":6,"column":0},"end":{"line":6,"column":34}},"5":{"start":{"line":7,"column":0},"end":{"line":7,"column":38}},"6":{"start":{"line":8,"column":0},"end":{"line":8,"column":32}},"7":{"start":{"line":9,"column":0},"end":{"line":9,"column":30}},"8":{"start":{"line":10,"column":0},"end":{"line":10,"column":47}},"9":{"start":{"line":11,"column":0},"end":{"line":11,"column":36}},"10":{"start":{"line":12,"column":0},"end":{"line":12,"column":57}},"11":{"start":{"line":13,"column":0},"end":{"line":13,"column":44}},"12":{"start":{"line":14,"column":0},"end":{"line":14,"column":36}},"13":{"start":{"line":16,"column":0},"end":{"line":16,"column":27}},"14":{"start":{"line":17,"column":12},"end":{"line":17,"column":21}},"15":{"start":{"line":19,"column":0},"end":{"line":19,"column":24}},"16":{"start":{"line":20,"column":0},"end":{"line":23,"column":4}},"17":{"start":{"line":24,"column":13},"end":{"line":24,"column":37}},"18":{"start":{"line":26,"column":0},"end":{"line":26,"column":17}},"19":{"start":{"line":27,"column":0},"end":{"line":37,"column":4}},"20":{"start":{"line":38,"column":0},"end":{"line":38,"column":21}},"21":{"start":{"line":39,"column":0},"end":{"line":39,"column":31}},"22":{"start":{"line":40,"column":0},"end":{"line":40,"column":28}},"23":{"start":{"line":42,"column":0},"end":{"line":42,"column":26}},"24":{"start":{"line":44,"column":0},"end":{"line":46,"column":3}},"25":{"start":{"line":45,"column":4},"end":{"line":45,"column":31}},"26":{"start":{"line":47,"column":0},"end":{"line":58,"column":3}},"27":{"start":{"line":48,"column":22},"end":{"line":48,"column":63}},"28":{"start":{"line":50,"column":22},"end":{"line":52,"column":38}},"29":{"start":{"line":53,"column":4},"end":{"line":56,"column":7}},"30":{"start":{"line":60,"column":0},"end":{"line":89,"column":3}},"31":{"start":{"line":61,"column":4},"end":{"line":88,"column":23}},"32":{"start":{"line":62,"column":8},"end":{"line":64,"column":10}},"33":{"start":{"line":63,"column":12},"end":{"line":63,"column":29}},"34":{"start":{"line":65,"column":8},"end":{"line":87,"column":null}},"35":{"start":{"line":65,"column":19},"end":{"line":65,"column":54}},"36":{"start":{"line":67,"column":12},"end":{"line":86,"column":15}},"37":{"start":{"line":67,"column":42},"end":{"line":86,"column":14}},"38":{"start":{"line":68,"column":16},"end":{"line":68,"column":35}},"39":{"start":{"line":68,"column":25},"end":{"line":68,"column":35}},"40":{"start":{"line":69,"column":34},"end":{"line":69,"column":101}},"41":{"start":{"line":71,"column":39},"end":{"line":75,"column":18}},"42":{"start":{"line":77,"column":16},"end":{"line":84,"column":19}},"43":{"start":{"line":85,"column":16},"end":{"line":85,"column":53}},"44":{"start":{"line":92,"column":0},"end":{"line":111,"column":3}},"45":{"start":{"line":92,"column":49},"end":{"line":111,"column":2}},"46":{"start":{"line":93,"column":4},"end":{"line":110,"column":null}},"47":{"start":{"line":94,"column":8},"end":{"line":97,"column":11}},"48":{"start":{"line":99,"column":29},"end":{"line":103,"column":10}},"49":{"start":{"line":104,"column":8},"end":{"line":109,"column":10}},"50":{"start":{"line":113,"column":0},"end":{"line":120,"column":3}},"51":{"start":{"line":114,"column":4},"end":{"line":119,"column":7}},"52":{"start":{"line":115,"column":8},"end":{"line":117,"column":null}},"53":{"start":{"line":116,"column":12},"end":{"line":116,"column":29}},"54":{"start":{"line":118,"column":8},"end":{"line":118,"column":56}},"55":{"start":{"line":124,"column":0},"end":{"line":124,"column":19}}},"fnMap":{"0":{"name":"(anonymous_8)","decl":{"start":{"line":2,"column":26},"end":{"line":2,"column":40}},"loc":{"start":{"line":2,"column":26},"end":{"line":2,"column":65}}},"1":{"name":"(anonymous_9)","decl":{"start":{"line":44,"column":20},"end":{"line":44,"column":21}},"loc":{"start":{"line":44,"column":39},"end":{"line":46,"column":1}}},"2":{"name":"(anonymous_10)","decl":{"start":{"line":47,"column":107},"end":{"line":47,"column":108}},"loc":{"start":{"line":47,"column":126},"end":{"line":58,"column":1}}},"3":{"name":"(anonymous_11)","decl":{"start":{"line":60,"column":26},"end":{"line":60,"column":27}},"loc":{"start":{"line":60,"column":45},"end":{"line":89,"column":1}}},"4":{"name":"(anonymous_12)","decl":{"start":{"line":61,"column":35},"end":{"line":61,"column":36}},"loc":{"start":{"line":61,"column":55},"end":{"line":88,"column":5}}},"5":{"name":"(anonymous_13)","decl":{"start":{"line":67,"column":28},"end":{"line":67,"column":35}},"loc":{"start":{"line":67,"column":42},"end":{"line":86,"column":14}}},"6":{"name":"(anonymous_14)","decl":{"start":{"line":67,"column":42},"end":{"line":67,"column":null}},"loc":{"start":{"line":67,"column":42},"end":{"line":86,"column":13}}},"7":{"name":"(anonymous_15)","decl":{"start":{"line":92,"column":30},"end":{"line":92,"column":37}},"loc":{"start":{"line":92,"column":49},"end":{"line":111,"column":2}}},"8":{"name":"(anonymous_16)","decl":{"start":{"line":92,"column":49},"end":{"line":92,"column":null}},"loc":{"start":{"line":92,"column":49},"end":{"line":111,"column":1}}},"9":{"name":"(anonymous_17)","decl":{"start":{"line":113,"column":29},"end":{"line":113,"column":30}},"loc":{"start":{"line":113,"column":48},"end":{"line":120,"column":1}}},"10":{"name":"(anonymous_18)","decl":{"start":{"line":114,"column":15},"end":{"line":114,"column":25}},"loc":{"start":{"line":114,"column":28},"end":{"line":119,"column":5}}}},"branchMap":{"0":{"loc":{"start":{"line":24,"column":13},"end":{"line":24,"column":37}},"type":"binary-expr","locations":[{"start":{"line":24,"column":13},"end":{"line":24,"column":17}},{"start":{"line":24,"column":21},"end":{"line":24,"column":37}}]},"1":{"loc":{"start":{"line":62,"column":8},"end":{"line":64,"column":10}},"type":"if","locations":[{"start":{"line":62,"column":8},"end":{"line":64,"column":10}}]},"2":{"loc":{"start":{"line":65,"column":8},"end":{"line":87,"column":null}},"type":"if","locations":[{"start":{"line":65,"column":8},"end":{"line":87,"column":null}},{"start":{"line":66,"column":13},"end":{"line":87,"column":null}}]},"3":{"loc":{"start":{"line":68,"column":16},"end":{"line":68,"column":35}},"type":"if","locations":[{"start":{"line":68,"column":16},"end":{"line":68,"column":35}}]},"4":{"loc":{"start":{"line":73,"column":28},"end":{"line":73,"column":47}},"type":"cond-expr","locations":[{"start":{"line":73,"column":36},"end":{"line":73,"column":38}},{"start":{"line":73,"column":36},"end":{"line":73,"column":47}}]},"5":{"loc":{"start":{"line":73,"column":28},"end":{"line":73,"column":38}},"type":"binary-expr","locations":[{"start":{"line":73,"column":28},"end":{"line":73,"column":38}},{"start":{"line":73,"column":36},"end":{"line":73,"column":38}}]},"6":{"loc":{"start":{"line":79,"column":35},"end":{"line":79,"column":54}},"type":"cond-expr","locations":[{"start":{"line":79,"column":43},"end":{"line":79,"column":45}},{"start":{"line":79,"column":43},"end":{"line":79,"column":54}}]},"7":{"loc":{"start":{"line":79,"column":35},"end":{"line":79,"column":45}},"type":"binary-expr","locations":[{"start":{"line":79,"column":35},"end":{"line":79,"column":45}},{"start":{"line":79,"column":43},"end":{"line":79,"column":45}}]},"8":{"loc":{"start":{"line":93,"column":4},"end":{"line":110,"column":null}},"type":"if","locations":[{"start":{"line":93,"column":4},"end":{"line":110,"column":null}},{"start":{"line":98,"column":11},"end":{"line":110,"column":null}}]},"9":{"loc":{"start":{"line":106,"column":22},"end":{"line":106,"column":40}},"type":"cond-expr","locations":[{"start":{"line":106,"column":34},"end":{"line":106,"column":36}},{"start":{"line":106,"column":22},"end":{"line":106,"column":40}}]},"10":{"loc":{"start":{"line":106,"column":22},"end":{"line":106,"column":36}},"type":"binary-expr","locations":[{"start":{"line":106,"column":22},"end":{"line":106,"column":36}},{"start":{"line":106,"column":22},"end":{"line":106,"column":36}}]},"11":{"loc":{"start":{"line":115,"column":8},"end":{"line":117,"column":null}},"type":"if","locations":[{"start":{"line":115,"column":8},"end":{"line":117,"column":null}}]}},"s":{"0":7,"1":0,"2":7,"3":7,"4":7,"5":7,"6":7,"7":7,"8":7,"9":7,"10":7,"11":7,"12":7,"13":7,"14":7,"15":7,"16":7,"17":7,"18":7,"19":7,"20":7,"21":7,"22":7,"23":7,"24":7,"25":0,"26":7,"27":0,"28":0,"29":0,"30":7,"31":15,"32":15,"33":0,"34":15,"35":2,"36":13,"37":13,"38":13,"39":0,"40":13,"41":13,"42":13,"43":13,"44":7,"45":2,"46":2,"47":1,"48":1,"49":1,"50":7,"51":2,"52":2,"53":0,"54":2,"55":7},"f":{"0":0,"1":0,"2":0,"3":15,"4":15,"5":13,"6":13,"7":2,"8":2,"9":2,"10":2},"b":{"0":[7,0],"1":[0],"2":[2,13],"3":[0],"4":[0,13],"5":[13,13],"6":[0,13],"7":[13,13],"8":[1,1],"9":[0,1],"10":[1,1],"11":[0]}}
,"/Users/dominiksek/Documents/school-server/passport-config.ts": {"path":"/Users/dominiksek/Documents/school-server/passport-config.ts","statementMap":{"0":{"start":{"line":2,"column":22},"end":{"line":2,"column":56}},"1":{"start":{"line":3,"column":15},"end":{"line":3,"column":32}},"2":{"start":{"line":6,"column":0},"end":{"line":6,"column":30}},"3":{"start":{"line":14,"column":26},"end":{"line":53,"column":1}},"4":{"start":{"line":15,"column":27},"end":{"line":37,"column":4}},"5":{"start":{"line":15,"column":159},"end":{"line":37,"column":4}},"6":{"start":{"line":17,"column":20},"end":{"line":21,"column":6}},"7":{"start":{"line":23,"column":4},"end":{"line":25,"column":null}},"8":{"start":{"line":24,"column":6},"end":{"line":24,"column":61}},"9":{"start":{"line":27,"column":4},"end":{"line":35,"column":null}},"10":{"start":{"line":28,"column":6},"end":{"line":32,"column":null}},"11":{"start":{"line":29,"column":8},"end":{"line":29,"column":35}},"12":{"start":{"line":31,"column":8},"end":{"line":31,"column":77}},"13":{"start":{"line":34,"column":6},"end":{"line":34,"column":21}},"14":{"start":{"line":39,"column":2},"end":{"line":43,"column":23}},"15":{"start":{"line":44,"column":2},"end":{"line":44,"column":84}},"16":{"start":{"line":44,"column":53},"end":{"line":44,"column":82}},"17":{"start":{"line":45,"column":2},"end":{"line":51,"column":5}},"18":{"start":{"line":45,"column":54},"end":{"line":51,"column":4}},"19":{"start":{"line":46,"column":4},"end":{"line":50,"column":8}},"20":{"start":{"line":14,"column":13},"end":{"line":14,"column":26}}},"fnMap":{"0":{"name":"(anonymous_8)","decl":{"start":{"line":14,"column":26},"end":{"line":14,"column":27}},"loc":{"start":{"line":14,"column":55},"end":{"line":53,"column":1}}},"1":{"name":"(anonymous_9)","decl":{"start":{"line":15,"column":27},"end":{"line":15,"column":34}},"loc":{"start":{"line":15,"column":159},"end":{"line":37,"column":4}}},"2":{"name":"(anonymous_10)","decl":{"start":{"line":15,"column":159},"end":{"line":15,"column":null}},"loc":{"start":{"line":15,"column":159},"end":{"line":37,"column":3}}},"3":{"name":"(anonymous_11)","decl":{"start":{"line":44,"column":25},"end":{"line":44,"column":26}},"loc":{"start":{"line":44,"column":53},"end":{"line":44,"column":82}}},"4":{"name":"(anonymous_12)","decl":{"start":{"line":45,"column":27},"end":{"line":45,"column":34}},"loc":{"start":{"line":45,"column":54},"end":{"line":51,"column":4}}},"5":{"name":"(anonymous_13)","decl":{"start":{"line":45,"column":54},"end":{"line":45,"column":null}},"loc":{"start":{"line":45,"column":54},"end":{"line":51,"column":3}}}},"branchMap":{"0":{"loc":{"start":{"line":23,"column":4},"end":{"line":25,"column":null}},"type":"if","locations":[{"start":{"line":23,"column":4},"end":{"line":25,"column":null}}]},"1":{"loc":{"start":{"line":28,"column":6},"end":{"line":32,"column":null}},"type":"if","locations":[{"start":{"line":28,"column":6},"end":{"line":32,"column":null}},{"start":{"line":30,"column":13},"end":{"line":32,"column":null}}]}},"s":{"0":7,"1":7,"2":7,"3":7,"4":7,"5":13,"6":13,"7":13,"8":0,"9":13,"10":13,"11":13,"12":0,"13":0,"14":7,"15":7,"16":13,"17":7,"18":33,"19":33,"20":7},"f":{"0":7,"1":13,"2":13,"3":13,"4":33,"5":33},"b":{"0":[0],"1":[13,0]}}
,"/Users/dominiksek/Documents/school-server/prisma.ts": {"path":"/Users/dominiksek/Documents/school-server/prisma.ts","statementMap":{"0":{"start":{"line":1,"column":0},"end":{"line":1,"column":43}},"1":{"start":{"line":3,"column":15},"end":{"line":3,"column":33}},"2":{"start":{"line":5,"column":0},"end":{"line":5,"column":22}}},"fnMap":{},"branchMap":{},"s":{"0":8,"1":8,"2":8},"f":{},"b":{}}
,"/Users/dominiksek/Documents/school-server/enums/userRole.ts": {"path":"/Users/dominiksek/Documents/school-server/enums/userRole.ts","statementMap":{"0":{"start":{"line":3,"column":0},"end":{"line":3,"column":null}},"1":{"start":{"line":5,"column":2},"end":{"line":5,"column":null}},"2":{"start":{"line":7,"column":2},"end":{"line":7,"column":null}},"3":{"start":{"line":9,"column":2},"end":{"line":9,"column":null}}},"fnMap":{"0":{"name":"(anonymous_0)","decl":{"start":{"line":3,"column":0},"end":{"line":3,"column":12}},"loc":{"start":{"line":3,"column":20},"end":{"line":10,"column":1}}}},"branchMap":{"0":{"loc":{"start":{"line":3,"column":12},"end":{"line":3,"column":null}},"type":"binary-expr","locations":[{"start":{"line":3,"column":12},"end":{"line":3,"column":20}},{"start":{"line":3,"column":12},"end":{"line":3,"column":null}}]}},"s":{"0":8,"1":8,"2":8,"3":8},"f":{"0":8},"b":{"0":[8,8]}}
,"/Users/dominiksek/Documents/school-server/middleware/authPage.ts": {"path":"/Users/dominiksek/Documents/school-server/middleware/authPage.ts","statementMap":{"0":{"start":{"line":2,"column":0},"end":{"line":2,"column":31}},"1":{"start":{"line":5,"column":24},"end":{"line":25,"column":1}},"2":{"start":{"line":6,"column":2},"end":{"line":23,"column":4}},"3":{"start":{"line":6,"column":67},"end":{"line":23,"column":4}},"4":{"start":{"line":7,"column":4},"end":{"line":22,"column":null}},"5":{"start":{"line":8,"column":6},"end":{"line":8,"column":43}},"6":{"start":{"line":10,"column":25},"end":{"line":14,"column":8}},"7":{"start":{"line":15,"column":6},"end":{"line":15,"column":49}},"8":{"start":{"line":16,"column":28},"end":{"line":16,"column":68}},"9":{"start":{"line":16,"column":45},"end":{"line":16,"column":68}},"10":{"start":{"line":17,"column":6},"end":{"line":21,"column":null}},"11":{"start":{"line":18,"column":8},"end":{"line":18,"column":42}},"12":{"start":{"line":20,"column":8},"end":{"line":20,"column":15}},"13":{"start":{"line":5,"column":13},"end":{"line":5,"column":24}},"14":{"start":{"line":27,"column":32},"end":{"line":51,"column":1}},"15":{"start":{"line":28,"column":2},"end":{"line":50,"column":4}},"16":{"start":{"line":28,"column":67},"end":{"line":50,"column":4}},"17":{"start":{"line":30,"column":4},"end":{"line":49,"column":null}},"18":{"start":{"line":31,"column":6},"end":{"line":31,"column":43}},"19":{"start":{"line":33,"column":25},"end":{"line":37,"column":8}},"20":{"start":{"line":39,"column":6},"end":{"line":39,"column":49}},"21":{"start":{"line":40,"column":28},"end":{"line":40,"column":68}},"22":{"start":{"line":40,"column":45},"end":{"line":40,"column":68}},"23":{"start":{"line":42,"column":23},"end":{"line":42,"column":65}},"24":{"start":{"line":44,"column":6},"end":{"line":48,"column":null}},"25":{"start":{"line":45,"column":8},"end":{"line":45,"column":15}},"26":{"start":{"line":47,"column":8},"end":{"line":47,"column":42}},"27":{"start":{"line":27,"column":13},"end":{"line":27,"column":32}}},"fnMap":{"0":{"name":"(anonymous_8)","decl":{"start":{"line":5,"column":24},"end":{"line":5,"column":25}},"loc":{"start":{"line":5,"column":56},"end":{"line":25,"column":1}}},"1":{"name":"(anonymous_9)","decl":{"start":{"line":6,"column":9},"end":{"line":6,"column":16}},"loc":{"start":{"line":6,"column":67},"end":{"line":23,"column":4}}},"2":{"name":"(anonymous_10)","decl":{"start":{"line":6,"column":67},"end":{"line":6,"column":null}},"loc":{"start":{"line":6,"column":67},"end":{"line":23,"column":3}}},"3":{"name":"(anonymous_11)","decl":{"start":{"line":16,"column":38},"end":{"line":16,"column":39}},"loc":{"start":{"line":16,"column":45},"end":{"line":16,"column":68}}},"4":{"name":"(anonymous_12)","decl":{"start":{"line":27,"column":32},"end":{"line":27,"column":33}},"loc":{"start":{"line":27,"column":64},"end":{"line":51,"column":1}}},"5":{"name":"(anonymous_13)","decl":{"start":{"line":28,"column":9},"end":{"line":28,"column":16}},"loc":{"start":{"line":28,"column":67},"end":{"line":50,"column":4}}},"6":{"name":"(anonymous_14)","decl":{"start":{"line":28,"column":67},"end":{"line":28,"column":null}},"loc":{"start":{"line":28,"column":67},"end":{"line":50,"column":3}}},"7":{"name":"(anonymous_15)","decl":{"start":{"line":40,"column":38},"end":{"line":40,"column":39}},"loc":{"start":{"line":40,"column":45},"end":{"line":40,"column":68}}}},"branchMap":{"0":{"loc":{"start":{"line":7,"column":4},"end":{"line":22,"column":null}},"type":"if","locations":[{"start":{"line":7,"column":4},"end":{"line":22,"column":null}},{"start":{"line":9,"column":11},"end":{"line":22,"column":null}}]},"1":{"loc":{"start":{"line":15,"column":13},"end":{"line":15,"column":48}},"type":"cond-expr","locations":[{"start":{"line":15,"column":35},"end":{"line":15,"column":39}},{"start":{"line":15,"column":42},"end":{"line":15,"column":48}}]},"2":{"loc":{"start":{"line":16,"column":51},"end":{"line":16,"column":67}},"type":"cond-expr","locations":[{"start":{"line":16,"column":61},"end":{"line":16,"column":63}},{"start":{"line":16,"column":51},"end":{"line":16,"column":67}}]},"3":{"loc":{"start":{"line":16,"column":51},"end":{"line":16,"column":63}},"type":"binary-expr","locations":[{"start":{"line":16,"column":51},"end":{"line":16,"column":63}},{"start":{"line":16,"column":51},"end":{"line":16,"column":63}}]},"4":{"loc":{"start":{"line":17,"column":6},"end":{"line":21,"column":null}},"type":"if","locations":[{"start":{"line":17,"column":6},"end":{"line":21,"column":null}},{"start":{"line":19,"column":13},"end":{"line":21,"column":null}}]},"5":{"loc":{"start":{"line":30,"column":4},"end":{"line":49,"column":null}},"type":"if","locations":[{"start":{"line":30,"column":4},"end":{"line":49,"column":null}},{"start":{"line":32,"column":11},"end":{"line":49,"column":null}}]},"6":{"loc":{"start":{"line":39,"column":13},"end":{"line":39,"column":48}},"type":"cond-expr","locations":[{"start":{"line":39,"column":35},"end":{"line":39,"column":39}},{"start":{"line":39,"column":42},"end":{"line":39,"column":48}}]},"7":{"loc":{"start":{"line":40,"column":51},"end":{"line":40,"column":67}},"type":"cond-expr","locations":[{"start":{"line":40,"column":61},"end":{"line":40,"column":63}},{"start":{"line":40,"column":51},"end":{"line":40,"column":67}}]},"8":{"loc":{"start":{"line":40,"column":51},"end":{"line":40,"column":63}},"type":"binary-expr","locations":[{"start":{"line":40,"column":51},"end":{"line":40,"column":63}},{"start":{"line":40,"column":51},"end":{"line":40,"column":63}}]},"9":{"loc":{"start":{"line":42,"column":23},"end":{"line":42,"column":37}},"type":"cond-expr","locations":[{"start":{"line":42,"column":33},"end":{"line":42,"column":35}},{"start":{"line":42,"column":23},"end":{"line":42,"column":37}}]},"10":{"loc":{"start":{"line":42,"column":23},"end":{"line":42,"column":35}},"type":"binary-expr","locations":[{"start":{"line":42,"column":23},"end":{"line":42,"column":35}},{"start":{"line":42,"column":23},"end":{"line":42,"column":35}}]},"11":{"loc":{"start":{"line":44,"column":6},"end":{"line":48,"column":null}},"type":"if","locations":[{"start":{"line":44,"column":6},"end":{"line":48,"column":null}},{"start":{"line":46,"column":13},"end":{"line":48,"column":null}}]},"12":{"loc":{"start":{"line":44,"column":10},"end":{"line":44,"column":35}},"type":"binary-expr","locations":[{"start":{"line":44,"column":10},"end":{"line":44,"column":23}},{"start":{"line":44,"column":27},"end":{"line":44,"column":35}}]}},"s":{"0":8,"1":8,"2":205,"3":25,"4":25,"5":1,"6":24,"7":24,"8":24,"9":24,"10":24,"11":2,"12":22,"13":8,"14":8,"15":77,"16":3,"17":3,"18":0,"19":3,"20":3,"21":3,"22":3,"23":3,"24":3,"25":2,"26":1,"27":8},"f":{"0":205,"1":25,"2":25,"3":24,"4":77,"5":3,"6":3,"7":3},"b":{"0":[1,24],"1":[2,22],"2":[0,24],"3":[24,24],"4":[2,22],"5":[0,3],"6":[1,2],"7":[0,3],"8":[3,3],"9":[0,3],"10":[3,3],"11":[2,1],"12":[3,2]}}
,"/Users/dominiksek/Documents/school-server/routes/api/v1/courses.ts": {"path":"/Users/dominiksek/Documents/school-server/routes/api/v1/courses.ts","statementMap":{"0":{"start":{"line":1,"column":0},"end":{"line":1,"column":33}},"1":{"start":{"line":2,"column":0},"end":{"line":2,"column":37}},"2":{"start":{"line":3,"column":0},"end":{"line":3,"column":74}},"3":{"start":{"line":4,"column":0},"end":{"line":4,"column":51}},"4":{"start":{"line":7,"column":15},"end":{"line":7,"column":23}},"5":{"start":{"line":9,"column":0},"end":{"line":21,"column":3}},"6":{"start":{"line":9,"column":61},"end":{"line":21,"column":2}},"7":{"start":{"line":10,"column":2},"end":{"line":20,"column":null}},"8":{"start":{"line":11,"column":19},"end":{"line":16,"column":6}},"9":{"start":{"line":17,"column":4},"end":{"line":17,"column":33}},"10":{"start":{"line":19,"column":4},"end":{"line":19,"column":51}},"11":{"start":{"line":24,"column":0},"end":{"line":43,"column":null}},"12":{"start":{"line":24,"column":92},"end":{"line":43,"column":2}},"13":{"start":{"line":25,"column":2},"end":{"line":42,"column":null}},"14":{"start":{"line":26,"column":19},"end":{"line":38,"column":6}},"15":{"start":{"line":39,"column":4},"end":{"line":39,"column":33}},"16":{"start":{"line":41,"column":4},"end":{"line":41,"column":49}},"17":{"start":{"line":44,"column":0},"end":{"line":70,"column":null}},"18":{"start":{"line":44,"column":128},"end":{"line":70,"column":2}},"19":{"start":{"line":45,"column":2},"end":{"line":68,"column":null}},"20":{"start":{"line":46,"column":19},"end":{"line":64,"column":6}},"21":{"start":{"line":65,"column":4},"end":{"line":65,"column":33}},"22":{"start":{"line":67,"column":4},"end":{"line":67,"column":49}},"23":{"start":{"line":72,"column":0},"end":{"line":103,"column":null}},"24":{"start":{"line":72,"column":97},"end":{"line":103,"column":2}},"25":{"start":{"line":73,"column":2},"end":{"line":102,"column":null}},"26":{"start":{"line":74,"column":19},"end":{"line":97,"column":6}},"27":{"start":{"line":98,"column":4},"end":{"line":98,"column":33}},"28":{"start":{"line":100,"column":4},"end":{"line":100,"column":null}},"29":{"start":{"line":101,"column":4},"end":{"line":101,"column":49}},"30":{"start":{"line":106,"column":0},"end":{"line":120,"column":3}},"31":{"start":{"line":106,"column":84},"end":{"line":120,"column":2}},"32":{"start":{"line":107,"column":2},"end":{"line":119,"column":null}},"33":{"start":{"line":108,"column":19},"end":{"line":115,"column":6}},"34":{"start":{"line":116,"column":4},"end":{"line":116,"column":33}},"35":{"start":{"line":118,"column":4},"end":{"line":118,"column":49}},"36":{"start":{"line":122,"column":0},"end":{"line":133,"column":3}},"37":{"start":{"line":122,"column":62},"end":{"line":133,"column":2}},"38":{"start":{"line":123,"column":2},"end":{"line":132,"column":null}},"39":{"start":{"line":124,"column":22},"end":{"line":128,"column":6}},"40":{"start":{"line":129,"column":4},"end":{"line":129,"column":36}},"41":{"start":{"line":131,"column":4},"end":{"line":131,"column":49}},"42":{"start":{"line":134,"column":0},"end":{"line":148,"column":3}},"43":{"start":{"line":134,"column":64},"end":{"line":148,"column":2}},"44":{"start":{"line":135,"column":2},"end":{"line":147,"column":null}},"45":{"start":{"line":136,"column":26},"end":{"line":143,"column":6}},"46":{"start":{"line":144,"column":4},"end":{"line":144,"column":40}},"47":{"start":{"line":146,"column":4},"end":{"line":146,"column":49}},"48":{"start":{"line":149,"column":0},"end":{"line":161,"column":3}},"49":{"start":{"line":149,"column":67},"end":{"line":161,"column":2}},"50":{"start":{"line":150,"column":2},"end":{"line":159,"column":null}},"51":{"start":{"line":151,"column":26},"end":{"line":155,"column":6}},"52":{"start":{"line":156,"column":4},"end":{"line":156,"column":40}},"53":{"start":{"line":158,"column":4},"end":{"line":158,"column":49}},"54":{"start":{"line":164,"column":0},"end":{"line":164,"column":22}}},"fnMap":{"0":{"name":"(anonymous_8)","decl":{"start":{"line":9,"column":42},"end":{"line":9,"column":49}},"loc":{"start":{"line":9,"column":61},"end":{"line":21,"column":2}}},"1":{"name":"(anonymous_9)","decl":{"start":{"line":9,"column":61},"end":{"line":9,"column":null}},"loc":{"start":{"line":9,"column":61},"end":{"line":21,"column":1}}},"2":{"name":"(anonymous_10)","decl":{"start":{"line":24,"column":73},"end":{"line":24,"column":80}},"loc":{"start":{"line":24,"column":92},"end":{"line":43,"column":2}}},"3":{"name":"(anonymous_11)","decl":{"start":{"line":24,"column":92},"end":{"line":24,"column":null}},"loc":{"start":{"line":24,"column":92},"end":{"line":43,"column":1}}},"4":{"name":"(anonymous_12)","decl":{"start":{"line":44,"column":109},"end":{"line":44,"column":116}},"loc":{"start":{"line":44,"column":128},"end":{"line":70,"column":2}}},"5":{"name":"(anonymous_13)","decl":{"start":{"line":44,"column":128},"end":{"line":44,"column":null}},"loc":{"start":{"line":44,"column":128},"end":{"line":70,"column":1}}},"6":{"name":"(anonymous_14)","decl":{"start":{"line":72,"column":78},"end":{"line":72,"column":85}},"loc":{"start":{"line":72,"column":97},"end":{"line":103,"column":2}}},"7":{"name":"(anonymous_15)","decl":{"start":{"line":72,"column":97},"end":{"line":72,"column":null}},"loc":{"start":{"line":72,"column":97},"end":{"line":103,"column":1}}},"8":{"name":"(anonymous_16)","decl":{"start":{"line":106,"column":65},"end":{"line":106,"column":72}},"loc":{"start":{"line":106,"column":84},"end":{"line":120,"column":2}}},"9":{"name":"(anonymous_17)","decl":{"start":{"line":106,"column":84},"end":{"line":106,"column":null}},"loc":{"start":{"line":106,"column":84},"end":{"line":120,"column":1}}},"10":{"name":"(anonymous_18)","decl":{"start":{"line":122,"column":43},"end":{"line":122,"column":50}},"loc":{"start":{"line":122,"column":62},"end":{"line":133,"column":2}}},"11":{"name":"(anonymous_19)","decl":{"start":{"line":122,"column":62},"end":{"line":122,"column":null}},"loc":{"start":{"line":122,"column":62},"end":{"line":133,"column":1}}},"12":{"name":"(anonymous_20)","decl":{"start":{"line":134,"column":45},"end":{"line":134,"column":52}},"loc":{"start":{"line":134,"column":64},"end":{"line":148,"column":2}}},"13":{"name":"(anonymous_21)","decl":{"start":{"line":134,"column":64},"end":{"line":134,"column":null}},"loc":{"start":{"line":134,"column":64},"end":{"line":148,"column":1}}},"14":{"name":"(anonymous_22)","decl":{"start":{"line":149,"column":48},"end":{"line":149,"column":55}},"loc":{"start":{"line":149,"column":67},"end":{"line":161,"column":2}}},"15":{"name":"(anonymous_23)","decl":{"start":{"line":149,"column":67},"end":{"line":149,"column":null}},"loc":{"start":{"line":149,"column":67},"end":{"line":161,"column":1}}}},"branchMap":{"0":{"loc":{"start":{"line":76,"column":26},"end":{"line":76,"column":45}},"type":"cond-expr","locations":[{"start":{"line":76,"column":34},"end":{"line":76,"column":36}},{"start":{"line":76,"column":34},"end":{"line":76,"column":45}}]},"1":{"loc":{"start":{"line":76,"column":26},"end":{"line":76,"column":36}},"type":"binary-expr","locations":[{"start":{"line":76,"column":26},"end":{"line":76,"column":36}},{"start":{"line":76,"column":34},"end":{"line":76,"column":36}}]}},"s":{"0":7,"1":7,"2":7,"3":7,"4":7,"5":7,"6":1,"7":1,"8":1,"9":1,"10":0,"11":7,"12":0,"13":0,"14":0,"15":0,"16":0,"17":7,"18":0,"19":0,"20":0,"21":0,"22":0,"23":7,"24":0,"25":0,"26":0,"27":0,"28":0,"29":0,"30":7,"31":1,"32":1,"33":1,"34":1,"35":0,"36":7,"37":1,"38":1,"39":1,"40":1,"41":0,"42":7,"43":1,"44":1,"45":1,"46":1,"47":0,"48":7,"49":1,"50":1,"51":1,"52":1,"53":0,"54":7},"f":{"0":1,"1":1,"2":0,"3":0,"4":0,"5":0,"6":0,"7":0,"8":1,"9":1,"10":1,"11":1,"12":1,"13":1,"14":1,"15":1},"b":{"0":[0,0],"1":[0,0]}}
,"/Users/dominiksek/Documents/school-server/routes/api/v1/department-students.ts": {"path":"/Users/dominiksek/Documents/school-server/routes/api/v1/department-students.ts","statementMap":{"0":{"start":{"line":1,"column":0},"end":{"line":1,"column":33}},"1":{"start":{"line":2,"column":0},"end":{"line":2,"column":37}},"2":{"start":{"line":3,"column":0},"end":{"line":3,"column":74}},"3":{"start":{"line":4,"column":0},"end":{"line":4,"column":51}},"4":{"start":{"line":6,"column":15},"end":{"line":6,"column":23}},"5":{"start":{"line":8,"column":0},"end":{"line":21,"column":3}},"6":{"start":{"line":8,"column":61},"end":{"line":21,"column":2}},"7":{"start":{"line":9,"column":2},"end":{"line":19,"column":null}},"8":{"start":{"line":10,"column":19},"end":{"line":15,"column":6}},"9":{"start":{"line":16,"column":4},"end":{"line":16,"column":33}},"10":{"start":{"line":18,"column":4},"end":{"line":18,"column":49}},"11":{"start":{"line":23,"column":0},"end":{"line":38,"column":3}},"12":{"start":{"line":23,"column":90},"end":{"line":38,"column":2}},"13":{"start":{"line":24,"column":2},"end":{"line":37,"column":null}},"14":{"start":{"line":25,"column":19},"end":{"line":33,"column":6}},"15":{"start":{"line":34,"column":4},"end":{"line":34,"column":33}},"16":{"start":{"line":36,"column":4},"end":{"line":36,"column":49}},"17":{"start":{"line":40,"column":0},"end":{"line":56,"column":3}},"18":{"start":{"line":40,"column":80},"end":{"line":56,"column":2}},"19":{"start":{"line":41,"column":2},"end":{"line":55,"column":null}},"20":{"start":{"line":42,"column":19},"end":{"line":50,"column":6}},"21":{"start":{"line":51,"column":4},"end":{"line":51,"column":33}},"22":{"start":{"line":54,"column":4},"end":{"line":54,"column":49}},"23":{"start":{"line":58,"column":0},"end":{"line":69,"column":3}},"24":{"start":{"line":58,"column":62},"end":{"line":69,"column":2}},"25":{"start":{"line":59,"column":2},"end":{"line":68,"column":null}},"26":{"start":{"line":60,"column":33},"end":{"line":64,"column":6}},"27":{"start":{"line":65,"column":4},"end":{"line":65,"column":47}},"28":{"start":{"line":67,"column":4},"end":{"line":67,"column":49}},"29":{"start":{"line":71,"column":0},"end":{"line":87,"column":3}},"30":{"start":{"line":71,"column":82},"end":{"line":87,"column":2}},"31":{"start":{"line":73,"column":2},"end":{"line":85,"column":null}},"32":{"start":{"line":74,"column":37},"end":{"line":81,"column":6}},"33":{"start":{"line":82,"column":4},"end":{"line":82,"column":51}},"34":{"start":{"line":84,"column":4},"end":{"line":84,"column":49}},"35":{"start":{"line":89,"column":0},"end":{"line":101,"column":3}},"36":{"start":{"line":89,"column":75},"end":{"line":101,"column":2}},"37":{"start":{"line":90,"column":2},"end":{"line":99,"column":null}},"38":{"start":{"line":91,"column":37},"end":{"line":95,"column":6}},"39":{"start":{"line":96,"column":4},"end":{"line":96,"column":51}},"40":{"start":{"line":98,"column":4},"end":{"line":98,"column":49}},"41":{"start":{"line":103,"column":0},"end":{"line":103,"column":22}}},"fnMap":{"0":{"name":"(anonymous_8)","decl":{"start":{"line":8,"column":42},"end":{"line":8,"column":49}},"loc":{"start":{"line":8,"column":61},"end":{"line":21,"column":2}}},"1":{"name":"(anonymous_9)","decl":{"start":{"line":8,"column":61},"end":{"line":8,"column":null}},"loc":{"start":{"line":8,"column":61},"end":{"line":21,"column":1}}},"2":{"name":"(anonymous_10)","decl":{"start":{"line":23,"column":71},"end":{"line":23,"column":78}},"loc":{"start":{"line":23,"column":90},"end":{"line":38,"column":2}}},"3":{"name":"(anonymous_11)","decl":{"start":{"line":23,"column":90},"end":{"line":23,"column":null}},"loc":{"start":{"line":23,"column":90},"end":{"line":38,"column":1}}},"4":{"name":"(anonymous_12)","decl":{"start":{"line":40,"column":61},"end":{"line":40,"column":68}},"loc":{"start":{"line":40,"column":80},"end":{"line":56,"column":2}}},"5":{"name":"(anonymous_13)","decl":{"start":{"line":40,"column":80},"end":{"line":40,"column":null}},"loc":{"start":{"line":40,"column":80},"end":{"line":56,"column":1}}},"6":{"name":"(anonymous_14)","decl":{"start":{"line":58,"column":43},"end":{"line":58,"column":50}},"loc":{"start":{"line":58,"column":62},"end":{"line":69,"column":2}}},"7":{"name":"(anonymous_15)","decl":{"start":{"line":58,"column":62},"end":{"line":58,"column":null}},"loc":{"start":{"line":58,"column":62},"end":{"line":69,"column":1}}},"8":{"name":"(anonymous_16)","decl":{"start":{"line":71,"column":63},"end":{"line":71,"column":70}},"loc":{"start":{"line":71,"column":82},"end":{"line":87,"column":2}}},"9":{"name":"(anonymous_17)","decl":{"start":{"line":71,"column":82},"end":{"line":71,"column":null}},"loc":{"start":{"line":71,"column":82},"end":{"line":87,"column":1}}},"10":{"name":"(anonymous_18)","decl":{"start":{"line":89,"column":56},"end":{"line":89,"column":63}},"loc":{"start":{"line":89,"column":75},"end":{"line":101,"column":2}}},"11":{"name":"(anonymous_19)","decl":{"start":{"line":89,"column":75},"end":{"line":89,"column":null}},"loc":{"start":{"line":89,"column":75},"end":{"line":101,"column":1}}}},"branchMap":{},"s":{"0":7,"1":7,"2":7,"3":7,"4":7,"5":7,"6":0,"7":0,"8":0,"9":0,"10":0,"11":7,"12":0,"13":0,"14":0,"15":0,"16":0,"17":7,"18":0,"19":0,"20":0,"21":0,"22":0,"23":7,"24":0,"25":0,"26":0,"27":0,"28":0,"29":7,"30":0,"31":0,"32":0,"33":0,"34":0,"35":7,"36":0,"37":0,"38":0,"39":0,"40":0,"41":7},"f":{"0":0,"1":0,"2":0,"3":0,"4":0,"5":0,"6":0,"7":0,"8":0,"9":0,"10":0,"11":0},"b":{}}
,"/Users/dominiksek/Documents/school-server/routes/api/v1/departments.ts": {"path":"/Users/dominiksek/Documents/school-server/routes/api/v1/departments.ts","statementMap":{"0":{"start":{"line":1,"column":0},"end":{"line":1,"column":33}},"1":{"start":{"line":2,"column":0},"end":{"line":2,"column":37}},"2":{"start":{"line":3,"column":0},"end":{"line":3,"column":56}},"3":{"start":{"line":4,"column":0},"end":{"line":4,"column":51}},"4":{"start":{"line":5,"column":15},"end":{"line":5,"column":23}},"5":{"start":{"line":7,"column":0},"end":{"line":18,"column":3}},"6":{"start":{"line":7,"column":61},"end":{"line":18,"column":2}},"7":{"start":{"line":8,"column":2},"end":{"line":17,"column":null}},"8":{"start":{"line":9,"column":19},"end":{"line":13,"column":6}},"9":{"start":{"line":14,"column":4},"end":{"line":14,"column":33}},"10":{"start":{"line":16,"column":4},"end":{"line":16,"column":49}},"11":{"start":{"line":20,"column":0},"end":{"line":34,"column":3}},"12":{"start":{"line":20,"column":64},"end":{"line":34,"column":2}},"13":{"start":{"line":21,"column":2},"end":{"line":33,"column":null}},"14":{"start":{"line":22,"column":19},"end":{"line":29,"column":6}},"15":{"start":{"line":30,"column":4},"end":{"line":30,"column":33}},"16":{"start":{"line":32,"column":4},"end":{"line":32,"column":49}},"17":{"start":{"line":36,"column":0},"end":{"line":48,"column":3}},"18":{"start":{"line":36,"column":62},"end":{"line":48,"column":2}},"19":{"start":{"line":37,"column":2},"end":{"line":46,"column":null}},"20":{"start":{"line":38,"column":26},"end":{"line":42,"column":6}},"21":{"start":{"line":43,"column":4},"end":{"line":43,"column":40}},"22":{"start":{"line":45,"column":4},"end":{"line":45,"column":49}},"23":{"start":{"line":50,"column":0},"end":{"line":65,"column":3}},"24":{"start":{"line":50,"column":64},"end":{"line":65,"column":2}},"25":{"start":{"line":51,"column":2},"end":{"line":63,"column":null}},"26":{"start":{"line":52,"column":30},"end":{"line":59,"column":6}},"27":{"start":{"line":60,"column":4},"end":{"line":60,"column":44}},"28":{"start":{"line":62,"column":4},"end":{"line":62,"column":49}},"29":{"start":{"line":67,"column":0},"end":{"line":79,"column":3}},"30":{"start":{"line":67,"column":67},"end":{"line":79,"column":2}},"31":{"start":{"line":68,"column":2},"end":{"line":77,"column":null}},"32":{"start":{"line":69,"column":30},"end":{"line":73,"column":6}},"33":{"start":{"line":74,"column":4},"end":{"line":74,"column":44}},"34":{"start":{"line":76,"column":4},"end":{"line":76,"column":49}},"35":{"start":{"line":82,"column":0},"end":{"line":82,"column":22}}},"fnMap":{"0":{"name":"(anonymous_8)","decl":{"start":{"line":7,"column":42},"end":{"line":7,"column":49}},"loc":{"start":{"line":7,"column":61},"end":{"line":18,"column":2}}},"1":{"name":"(anonymous_9)","decl":{"start":{"line":7,"column":61},"end":{"line":7,"column":null}},"loc":{"start":{"line":7,"column":61},"end":{"line":18,"column":1}}},"2":{"name":"(anonymous_10)","decl":{"start":{"line":20,"column":45},"end":{"line":20,"column":52}},"loc":{"start":{"line":20,"column":64},"end":{"line":34,"column":2}}},"3":{"name":"(anonymous_11)","decl":{"start":{"line":20,"column":64},"end":{"line":20,"column":null}},"loc":{"start":{"line":20,"column":64},"end":{"line":34,"column":1}}},"4":{"name":"(anonymous_12)","decl":{"start":{"line":36,"column":43},"end":{"line":36,"column":50}},"loc":{"start":{"line":36,"column":62},"end":{"line":48,"column":2}}},"5":{"name":"(anonymous_13)","decl":{"start":{"line":36,"column":62},"end":{"line":36,"column":null}},"loc":{"start":{"line":36,"column":62},"end":{"line":48,"column":1}}},"6":{"name":"(anonymous_14)","decl":{"start":{"line":50,"column":45},"end":{"line":50,"column":52}},"loc":{"start":{"line":50,"column":64},"end":{"line":65,"column":2}}},"7":{"name":"(anonymous_15)","decl":{"start":{"line":50,"column":64},"end":{"line":50,"column":null}},"loc":{"start":{"line":50,"column":64},"end":{"line":65,"column":1}}},"8":{"name":"(anonymous_16)","decl":{"start":{"line":67,"column":48},"end":{"line":67,"column":55}},"loc":{"start":{"line":67,"column":67},"end":{"line":79,"column":2}}},"9":{"name":"(anonymous_17)","decl":{"start":{"line":67,"column":67},"end":{"line":67,"column":null}},"loc":{"start":{"line":67,"column":67},"end":{"line":79,"column":1}}}},"branchMap":{},"s":{"0":7,"1":7,"2":7,"3":7,"4":7,"5":7,"6":1,"7":1,"8":1,"9":1,"10":0,"11":7,"12":1,"13":1,"14":1,"15":1,"16":0,"17":7,"18":1,"19":1,"20":1,"21":1,"22":0,"23":7,"24":1,"25":1,"26":1,"27":1,"28":0,"29":7,"30":1,"31":1,"32":1,"33":1,"34":0,"35":7},"f":{"0":1,"1":1,"2":1,"3":1,"4":1,"5":1,"6":1,"7":1,"8":1,"9":1},"b":{}}
,"/Users/dominiksek/Documents/school-server/routes/api/v1/faculties.ts": {"path":"/Users/dominiksek/Documents/school-server/routes/api/v1/faculties.ts","statementMap":{"0":{"start":{"line":1,"column":0},"end":{"line":1,"column":33}},"1":{"start":{"line":2,"column":0},"end":{"line":2,"column":37}},"2":{"start":{"line":3,"column":0},"end":{"line":3,"column":74}},"3":{"start":{"line":4,"column":0},"end":{"line":4,"column":51}},"4":{"start":{"line":6,"column":15},"end":{"line":6,"column":23}},"5":{"start":{"line":8,"column":0},"end":{"line":21,"column":3}},"6":{"start":{"line":8,"column":61},"end":{"line":21,"column":2}},"7":{"start":{"line":9,"column":2},"end":{"line":20,"column":null}},"8":{"start":{"line":10,"column":19},"end":{"line":15,"column":6}},"9":{"start":{"line":16,"column":4},"end":{"line":16,"column":33}},"10":{"start":{"line":19,"column":4},"end":{"line":19,"column":49}},"11":{"start":{"line":23,"column":0},"end":{"line":39,"column":3}},"12":{"start":{"line":23,"column":84},"end":{"line":39,"column":2}},"13":{"start":{"line":24,"column":2},"end":{"line":38,"column":null}},"14":{"start":{"line":25,"column":19},"end":{"line":33,"column":6}},"15":{"start":{"line":34,"column":4},"end":{"line":34,"column":33}},"16":{"start":{"line":37,"column":4},"end":{"line":37,"column":49}},"17":{"start":{"line":41,"column":0},"end":{"line":58,"column":3}},"18":{"start":{"line":41,"column":62},"end":{"line":58,"column":2}},"19":{"start":{"line":42,"column":2},"end":{"line":57,"column":null}},"20":{"start":{"line":43,"column":23},"end":{"line":52,"column":6}},"21":{"start":{"line":53,"column":4},"end":{"line":53,"column":37}},"22":{"start":{"line":56,"column":4},"end":{"line":56,"column":49}},"23":{"start":{"line":59,"column":0},"end":{"line":79,"column":3}},"24":{"start":{"line":59,"column":64},"end":{"line":79,"column":2}},"25":{"start":{"line":60,"column":2},"end":{"line":78,"column":null}},"26":{"start":{"line":61,"column":27},"end":{"line":73,"column":6}},"27":{"start":{"line":74,"column":4},"end":{"line":74,"column":41}},"28":{"start":{"line":77,"column":4},"end":{"line":77,"column":49}},"29":{"start":{"line":80,"column":0},"end":{"line":97,"column":3}},"30":{"start":{"line":80,"column":67},"end":{"line":97,"column":2}},"31":{"start":{"line":81,"column":2},"end":{"line":95,"column":null}},"32":{"start":{"line":82,"column":27},"end":{"line":90,"column":6}},"33":{"start":{"line":91,"column":4},"end":{"line":91,"column":41}},"34":{"start":{"line":94,"column":4},"end":{"line":94,"column":49}},"35":{"start":{"line":100,"column":0},"end":{"line":100,"column":22}}},"fnMap":{"0":{"name":"(anonymous_8)","decl":{"start":{"line":8,"column":42},"end":{"line":8,"column":49}},"loc":{"start":{"line":8,"column":61},"end":{"line":21,"column":2}}},"1":{"name":"(anonymous_9)","decl":{"start":{"line":8,"column":61},"end":{"line":8,"column":null}},"loc":{"start":{"line":8,"column":61},"end":{"line":21,"column":1}}},"2":{"name":"(anonymous_10)","decl":{"start":{"line":23,"column":65},"end":{"line":23,"column":72}},"loc":{"start":{"line":23,"column":84},"end":{"line":39,"column":2}}},"3":{"name":"(anonymous_11)","decl":{"start":{"line":23,"column":84},"end":{"line":23,"column":null}},"loc":{"start":{"line":23,"column":84},"end":{"line":39,"column":1}}},"4":{"name":"(anonymous_12)","decl":{"start":{"line":41,"column":43},"end":{"line":41,"column":50}},"loc":{"start":{"line":41,"column":62},"end":{"line":58,"column":2}}},"5":{"name":"(anonymous_13)","decl":{"start":{"line":41,"column":62},"end":{"line":41,"column":null}},"loc":{"start":{"line":41,"column":62},"end":{"line":58,"column":1}}},"6":{"name":"(anonymous_14)","decl":{"start":{"line":59,"column":45},"end":{"line":59,"column":52}},"loc":{"start":{"line":59,"column":64},"end":{"line":79,"column":2}}},"7":{"name":"(anonymous_15)","decl":{"start":{"line":59,"column":64},"end":{"line":59,"column":null}},"loc":{"start":{"line":59,"column":64},"end":{"line":79,"column":1}}},"8":{"name":"(anonymous_16)","decl":{"start":{"line":80,"column":48},"end":{"line":80,"column":55}},"loc":{"start":{"line":80,"column":67},"end":{"line":97,"column":2}}},"9":{"name":"(anonymous_17)","decl":{"start":{"line":80,"column":67},"end":{"line":80,"column":null}},"loc":{"start":{"line":80,"column":67},"end":{"line":97,"column":1}}}},"branchMap":{},"s":{"0":7,"1":7,"2":7,"3":7,"4":7,"5":7,"6":1,"7":1,"8":1,"9":1,"10":0,"11":7,"12":1,"13":1,"14":1,"15":1,"16":0,"17":7,"18":1,"19":1,"20":1,"21":1,"22":0,"23":7,"24":1,"25":1,"26":1,"27":1,"28":0,"29":7,"30":1,"31":1,"32":1,"33":1,"34":0,"35":7},"f":{"0":1,"1":1,"2":1,"3":1,"4":1,"5":1,"6":1,"7":1,"8":1,"9":1},"b":{}}
,"/Users/dominiksek/Documents/school-server/routes/api/v1/grades.ts": {"path":"/Users/dominiksek/Documents/school-server/routes/api/v1/grades.ts","statementMap":{"0":{"start":{"line":1,"column":0},"end":{"line":1,"column":33}},"1":{"start":{"line":2,"column":0},"end":{"line":2,"column":37}},"2":{"start":{"line":3,"column":0},"end":{"line":3,"column":74}},"3":{"start":{"line":4,"column":0},"end":{"line":4,"column":51}},"4":{"start":{"line":6,"column":15},"end":{"line":6,"column":23}},"5":{"start":{"line":7,"column":18},"end":{"line":7,"column":85}},"6":{"start":{"line":9,"column":0},"end":{"line":22,"column":3}},"7":{"start":{"line":9,"column":61},"end":{"line":22,"column":2}},"8":{"start":{"line":11,"column":2},"end":{"line":20,"column":null}},"9":{"start":{"line":12,"column":19},"end":{"line":16,"column":6}},"10":{"start":{"line":17,"column":4},"end":{"line":17,"column":33}},"11":{"start":{"line":19,"column":4},"end":{"line":19,"column":49}},"12":{"start":{"line":24,"column":0},"end":{"line":40,"column":3}},"13":{"start":{"line":24,"column":128},"end":{"line":40,"column":2}},"14":{"start":{"line":25,"column":2},"end":{"line":38,"column":null}},"15":{"start":{"line":26,"column":19},"end":{"line":34,"column":6}},"16":{"start":{"line":35,"column":4},"end":{"line":35,"column":33}},"17":{"start":{"line":37,"column":4},"end":{"line":37,"column":49}},"18":{"start":{"line":41,"column":0},"end":{"line":60,"column":3}},"19":{"start":{"line":41,"column":89},"end":{"line":60,"column":2}},"20":{"start":{"line":43,"column":4},"end":{"line":58,"column":null}},"21":{"start":{"line":44,"column":21},"end":{"line":54,"column":8}},"22":{"start":{"line":55,"column":6},"end":{"line":55,"column":35}},"23":{"start":{"line":57,"column":6},"end":{"line":57,"column":51}},"24":{"start":{"line":61,"column":0},"end":{"line":77,"column":3}},"25":{"start":{"line":61,"column":98},"end":{"line":77,"column":2}},"26":{"start":{"line":63,"column":2},"end":{"line":76,"column":null}},"27":{"start":{"line":64,"column":19},"end":{"line":71,"column":6}},"28":{"start":{"line":72,"column":4},"end":{"line":72,"column":33}},"29":{"start":{"line":75,"column":4},"end":{"line":75,"column":49}},"30":{"start":{"line":79,"column":0},"end":{"line":93,"column":3}},"31":{"start":{"line":79,"column":82},"end":{"line":93,"column":2}},"32":{"start":{"line":80,"column":2},"end":{"line":92,"column":null}},"33":{"start":{"line":81,"column":21},"end":{"line":88,"column":6}},"34":{"start":{"line":89,"column":4},"end":{"line":89,"column":35}},"35":{"start":{"line":91,"column":4},"end":{"line":91,"column":49}},"36":{"start":{"line":95,"column":0},"end":{"line":116,"column":3}},"37":{"start":{"line":95,"column":128},"end":{"line":116,"column":2}},"38":{"start":{"line":97,"column":4},"end":{"line":115,"column":null}},"39":{"start":{"line":98,"column":24},"end":{"line":106,"column":8}},"40":{"start":{"line":108,"column":6},"end":{"line":112,"column":null}},"41":{"start":{"line":109,"column":8},"end":{"line":109,"column":40}},"42":{"start":{"line":111,"column":8},"end":{"line":111,"column":48}},"43":{"start":{"line":114,"column":6},"end":{"line":114,"column":51}},"44":{"start":{"line":148,"column":0},"end":{"line":162,"column":3}},"45":{"start":{"line":148,"column":101},"end":{"line":162,"column":2}},"46":{"start":{"line":150,"column":2},"end":{"line":160,"column":null}},"47":{"start":{"line":151,"column":25},"end":{"line":155,"column":6}},"48":{"start":{"line":156,"column":4},"end":{"line":156,"column":39}},"49":{"start":{"line":159,"column":4},"end":{"line":159,"column":49}},"50":{"start":{"line":165,"column":0},"end":{"line":165,"column":22}}},"fnMap":{"0":{"name":"(anonymous_8)","decl":{"start":{"line":9,"column":42},"end":{"line":9,"column":49}},"loc":{"start":{"line":9,"column":61},"end":{"line":22,"column":2}}},"1":{"name":"(anonymous_9)","decl":{"start":{"line":9,"column":61},"end":{"line":9,"column":null}},"loc":{"start":{"line":9,"column":61},"end":{"line":22,"column":1}}},"2":{"name":"(anonymous_10)","decl":{"start":{"line":24,"column":109},"end":{"line":24,"column":116}},"loc":{"start":{"line":24,"column":128},"end":{"line":40,"column":2}}},"3":{"name":"(anonymous_11)","decl":{"start":{"line":24,"column":128},"end":{"line":24,"column":null}},"loc":{"start":{"line":24,"column":128},"end":{"line":40,"column":1}}},"4":{"name":"(anonymous_12)","decl":{"start":{"line":41,"column":70},"end":{"line":41,"column":77}},"loc":{"start":{"line":41,"column":89},"end":{"line":60,"column":2}}},"5":{"name":"(anonymous_13)","decl":{"start":{"line":41,"column":89},"end":{"line":41,"column":null}},"loc":{"start":{"line":41,"column":89},"end":{"line":60,"column":1}}},"6":{"name":"(anonymous_14)","decl":{"start":{"line":61,"column":79},"end":{"line":61,"column":86}},"loc":{"start":{"line":61,"column":98},"end":{"line":77,"column":2}}},"7":{"name":"(anonymous_15)","decl":{"start":{"line":61,"column":98},"end":{"line":61,"column":null}},"loc":{"start":{"line":61,"column":98},"end":{"line":77,"column":1}}},"8":{"name":"(anonymous_16)","decl":{"start":{"line":79,"column":63},"end":{"line":79,"column":70}},"loc":{"start":{"line":79,"column":82},"end":{"line":93,"column":2}}},"9":{"name":"(anonymous_17)","decl":{"start":{"line":79,"column":82},"end":{"line":79,"column":null}},"loc":{"start":{"line":79,"column":82},"end":{"line":93,"column":1}}},"10":{"name":"(anonymous_18)","decl":{"start":{"line":95,"column":109},"end":{"line":95,"column":116}},"loc":{"start":{"line":95,"column":128},"end":{"line":116,"column":2}}},"11":{"name":"(anonymous_19)","decl":{"start":{"line":95,"column":128},"end":{"line":95,"column":null}},"loc":{"start":{"line":95,"column":128},"end":{"line":116,"column":1}}},"12":{"name":"(anonymous_20)","decl":{"start":{"line":148,"column":82},"end":{"line":148,"column":89}},"loc":{"start":{"line":148,"column":101},"end":{"line":162,"column":2}}},"13":{"name":"(anonymous_21)","decl":{"start":{"line":148,"column":101},"end":{"line":148,"column":null}},"loc":{"start":{"line":148,"column":101},"end":{"line":162,"column":1}}}},"branchMap":{"0":{"loc":{"start":{"line":46,"column":28},"end":{"line":46,"column":47}},"type":"cond-expr","locations":[{"start":{"line":46,"column":36},"end":{"line":46,"column":38}},{"start":{"line":46,"column":36},"end":{"line":46,"column":47}}]},"1":{"loc":{"start":{"line":46,"column":28},"end":{"line":46,"column":38}},"type":"binary-expr","locations":[{"start":{"line":46,"column":28},"end":{"line":46,"column":38}},{"start":{"line":46,"column":36},"end":{"line":46,"column":38}}]},"2":{"loc":{"start":{"line":108,"column":6},"end":{"line":112,"column":null}},"type":"if","locations":[{"start":{"line":108,"column":6},"end":{"line":112,"column":null}},{"start":{"line":110,"column":13},"end":{"line":112,"column":null}}]}},"s":{"0":7,"1":7,"2":7,"3":7,"4":7,"5":7,"6":7,"7":0,"8":0,"9":0,"10":0,"11":0,"12":7,"13":0,"14":0,"15":0,"16":0,"17":0,"18":7,"19":0,"20":0,"21":0,"22":0,"23":0,"24":7,"25":0,"26":0,"27":0,"28":0,"29":0,"30":7,"31":0,"32":0,"33":0,"34":0,"35":0,"36":7,"37":0,"38":0,"39":0,"40":0,"41":0,"42":0,"43":0,"44":7,"45":0,"46":0,"47":0,"48":0,"49":0,"50":7},"f":{"0":0,"1":0,"2":0,"3":0,"4":0,"5":0,"6":0,"7":0,"8":0,"9":0,"10":0,"11":0,"12":0,"13":0},"b":{"0":[0,0],"1":[0,0],"2":[0,0]}}
,"/Users/dominiksek/Documents/school-server/routes/api/v1/index.ts": {"path":"/Users/dominiksek/Documents/school-server/routes/api/v1/index.ts","statementMap":{"0":{"start":{"line":1,"column":0},"end":{"line":1,"column":30}},"1":{"start":{"line":2,"column":0},"end":{"line":2,"column":34}},"2":{"start":{"line":3,"column":0},"end":{"line":3,"column":38}},"3":{"start":{"line":4,"column":0},"end":{"line":4,"column":46}},"4":{"start":{"line":5,"column":0},"end":{"line":5,"column":61}},"5":{"start":{"line":6,"column":0},"end":{"line":6,"column":42}},"6":{"start":{"line":7,"column":0},"end":{"line":7,"column":36}},"7":{"start":{"line":9,"column":15},"end":{"line":9,"column":31}},"8":{"start":{"line":11,"column":0},"end":{"line":11,"column":34}},"9":{"start":{"line":12,"column":0},"end":{"line":12,"column":38}},"10":{"start":{"line":13,"column":0},"end":{"line":13,"column":46}},"11":{"start":{"line":14,"column":0},"end":{"line":14,"column":61}},"12":{"start":{"line":15,"column":0},"end":{"line":15,"column":42}},"13":{"start":{"line":16,"column":0},"end":{"line":16,"column":36}},"14":{"start":{"line":18,"column":0},"end":{"line":18,"column":22}}},"fnMap":{},"branchMap":{},"s":{"0":7,"1":7,"2":7,"3":7,"4":7,"5":7,"6":7,"7":7,"8":7,"9":7,"10":7,"11":7,"12":7,"13":7,"14":7},"f":{},"b":{}}
,"/Users/dominiksek/Documents/school-server/routes/api/v1/users.ts": {"path":"/Users/dominiksek/Documents/school-server/routes/api/v1/users.ts","statementMap":{"0":{"start":{"line":1,"column":0},"end":{"line":1,"column":33}},"1":{"start":{"line":2,"column":0},"end":{"line":2,"column":37}},"2":{"start":{"line":3,"column":0},"end":{"line":3,"column":74}},"3":{"start":{"line":4,"column":0},"end":{"line":4,"column":51}},"4":{"start":{"line":7,"column":15},"end":{"line":7,"column":23}},"5":{"start":{"line":8,"column":0},"end":{"line":45,"column":3}},"6":{"start":{"line":8,"column":61},"end":{"line":45,"column":2}},"7":{"start":{"line":10,"column":2},"end":{"line":44,"column":null}},"8":{"start":{"line":11,"column":28},"end":{"line":39,"column":6}},"9":{"start":{"line":41,"column":4},"end":{"line":41,"column":33}},"10":{"start":{"line":43,"column":4},"end":{"line":43,"column":49}},"11":{"start":{"line":46,"column":0},"end":{"line":94,"column":3}},"12":{"start":{"line":46,"column":114},"end":{"line":94,"column":2}},"13":{"start":{"line":47,"column":2},"end":{"line":93,"column":null}},"14":{"start":{"line":48,"column":19},"end":{"line":88,"column":6}},"15":{"start":{"line":90,"column":4},"end":{"line":90,"column":33}},"16":{"start":{"line":92,"column":4},"end":{"line":92,"column":49}},"17":{"start":{"line":96,"column":0},"end":{"line":118,"column":3}},"18":{"start":{"line":96,"column":72},"end":{"line":118,"column":2}},"19":{"start":{"line":97,"column":2},"end":{"line":116,"column":null}},"20":{"start":{"line":98,"column":19},"end":{"line":110,"column":6}},"21":{"start":{"line":112,"column":4},"end":{"line":112,"column":33}},"22":{"start":{"line":115,"column":4},"end":{"line":115,"column":49}},"23":{"start":{"line":119,"column":0},"end":{"line":166,"column":3}},"24":{"start":{"line":119,"column":62},"end":{"line":166,"column":2}},"25":{"start":{"line":120,"column":2},"end":{"line":164,"column":null}},"26":{"start":{"line":121,"column":22},"end":{"line":146,"column":6}},"27":{"start":{"line":148,"column":19},"end":{"line":159,"column":6}},"28":{"start":{"line":161,"column":4},"end":{"line":161,"column":33}},"29":{"start":{"line":163,"column":4},"end":{"line":163,"column":49}},"30":{"start":{"line":168,"column":0},"end":{"line":194,"column":3}},"31":{"start":{"line":168,"column":121},"end":{"line":194,"column":2}},"32":{"start":{"line":169,"column":2},"end":{"line":193,"column":null}},"33":{"start":{"line":170,"column":19},"end":{"line":189,"column":6}},"34":{"start":{"line":190,"column":4},"end":{"line":190,"column":33}},"35":{"start":{"line":192,"column":4},"end":{"line":192,"column":49}},"36":{"start":{"line":195,"column":0},"end":{"line":213,"column":3}},"37":{"start":{"line":195,"column":125},"end":{"line":213,"column":2}},"38":{"start":{"line":196,"column":2},"end":{"line":212,"column":null}},"39":{"start":{"line":197,"column":19},"end":{"line":208,"column":6}},"40":{"start":{"line":209,"column":4},"end":{"line":209,"column":33}},"41":{"start":{"line":211,"column":4},"end":{"line":211,"column":49}},"42":{"start":{"line":214,"column":0},"end":{"line":248,"column":3}},"43":{"start":{"line":214,"column":72},"end":{"line":248,"column":2}},"44":{"start":{"line":215,"column":2},"end":{"line":246,"column":null}},"45":{"start":{"line":217,"column":19},"end":{"line":242,"column":6}},"46":{"start":{"line":243,"column":4},"end":{"line":243,"column":33}},"47":{"start":{"line":245,"column":4},"end":{"line":245,"column":49}},"48":{"start":{"line":249,"column":0},"end":{"line":263,"column":3}},"49":{"start":{"line":249,"column":67},"end":{"line":263,"column":2}},"50":{"start":{"line":251,"column":2},"end":{"line":262,"column":null}},"51":{"start":{"line":252,"column":19},"end":{"line":256,"column":6}},"52":{"start":{"line":258,"column":4},"end":{"line":258,"column":33}},"53":{"start":{"line":261,"column":4},"end":{"line":261,"column":49}},"54":{"start":{"line":266,"column":0},"end":{"line":266,"column":22}}},"fnMap":{"0":{"name":"(anonymous_8)","decl":{"start":{"line":8,"column":42},"end":{"line":8,"column":49}},"loc":{"start":{"line":8,"column":61},"end":{"line":45,"column":2}}},"1":{"name":"(anonymous_9)","decl":{"start":{"line":8,"column":61},"end":{"line":8,"column":null}},"loc":{"start":{"line":8,"column":61},"end":{"line":45,"column":1}}},"2":{"name":"(anonymous_10)","decl":{"start":{"line":46,"column":95},"end":{"line":46,"column":102}},"loc":{"start":{"line":46,"column":114},"end":{"line":94,"column":2}}},"3":{"name":"(anonymous_11)","decl":{"start":{"line":46,"column":114},"end":{"line":46,"column":null}},"loc":{"start":{"line":46,"column":114},"end":{"line":94,"column":1}}},"4":{"name":"(anonymous_12)","decl":{"start":{"line":96,"column":53},"end":{"line":96,"column":60}},"loc":{"start":{"line":96,"column":72},"end":{"line":118,"column":2}}},"5":{"name":"(anonymous_13)","decl":{"start":{"line":96,"column":72},"end":{"line":96,"column":null}},"loc":{"start":{"line":96,"column":72},"end":{"line":118,"column":1}}},"6":{"name":"(anonymous_14)","decl":{"start":{"line":119,"column":43},"end":{"line":119,"column":50}},"loc":{"start":{"line":119,"column":62},"end":{"line":166,"column":2}}},"7":{"name":"(anonymous_15)","decl":{"start":{"line":119,"column":62},"end":{"line":119,"column":null}},"loc":{"start":{"line":119,"column":62},"end":{"line":166,"column":1}}},"8":{"name":"(anonymous_16)","decl":{"start":{"line":168,"column":102},"end":{"line":168,"column":109}},"loc":{"start":{"line":168,"column":121},"end":{"line":194,"column":2}}},"9":{"name":"(anonymous_17)","decl":{"start":{"line":168,"column":121},"end":{"line":168,"column":null}},"loc":{"start":{"line":168,"column":121},"end":{"line":194,"column":1}}},"10":{"name":"(anonymous_18)","decl":{"start":{"line":195,"column":106},"end":{"line":195,"column":113}},"loc":{"start":{"line":195,"column":125},"end":{"line":213,"column":2}}},"11":{"name":"(anonymous_19)","decl":{"start":{"line":195,"column":125},"end":{"line":195,"column":null}},"loc":{"start":{"line":195,"column":125},"end":{"line":213,"column":1}}},"12":{"name":"(anonymous_20)","decl":{"start":{"line":214,"column":53},"end":{"line":214,"column":60}},"loc":{"start":{"line":214,"column":72},"end":{"line":248,"column":2}}},"13":{"name":"(anonymous_21)","decl":{"start":{"line":214,"column":72},"end":{"line":214,"column":null}},"loc":{"start":{"line":214,"column":72},"end":{"line":248,"column":1}}},"14":{"name":"(anonymous_22)","decl":{"start":{"line":249,"column":48},"end":{"line":249,"column":55}},"loc":{"start":{"line":249,"column":67},"end":{"line":263,"column":2}}},"15":{"name":"(anonymous_23)","decl":{"start":{"line":249,"column":67},"end":{"line":249,"column":null}},"loc":{"start":{"line":249,"column":67},"end":{"line":263,"column":1}}}},"branchMap":{"0":{"loc":{"start":{"line":50,"column":19},"end":{"line":50,"column":38}},"type":"cond-expr","locations":[{"start":{"line":50,"column":27},"end":{"line":50,"column":29}},{"start":{"line":50,"column":27},"end":{"line":50,"column":38}}]},"1":{"loc":{"start":{"line":50,"column":19},"end":{"line":50,"column":29}},"type":"binary-expr","locations":[{"start":{"line":50,"column":19},"end":{"line":50,"column":29}},{"start":{"line":50,"column":27},"end":{"line":50,"column":29}}]},"2":{"loc":{"start":{"line":142,"column":15},"end":{"line":142,"column":69}},"type":"binary-expr","locations":[{"start":{"line":142,"column":15},"end":{"line":142,"column":56}},{"start":{"line":142,"column":60},"end":{"line":142,"column":69}}]},"3":{"loc":{"start":{"line":172,"column":19},"end":{"line":172,"column":38}},"type":"cond-expr","locations":[{"start":{"line":172,"column":27},"end":{"line":172,"column":29}},{"start":{"line":172,"column":27},"end":{"line":172,"column":38}}]},"4":{"loc":{"start":{"line":172,"column":19},"end":{"line":172,"column":29}},"type":"binary-expr","locations":[{"start":{"line":172,"column":19},"end":{"line":172,"column":29}},{"start":{"line":172,"column":27},"end":{"line":172,"column":29}}]},"5":{"loc":{"start":{"line":199,"column":19},"end":{"line":199,"column":38}},"type":"cond-expr","locations":[{"start":{"line":199,"column":27},"end":{"line":199,"column":29}},{"start":{"line":199,"column":27},"end":{"line":199,"column":38}}]},"6":{"loc":{"start":{"line":199,"column":19},"end":{"line":199,"column":29}},"type":"binary-expr","locations":[{"start":{"line":199,"column":19},"end":{"line":199,"column":29}},{"start":{"line":199,"column":27},"end":{"line":199,"column":29}}]},"7":{"loc":{"start":{"line":226,"column":15},"end":{"line":226,"column":55}},"type":"binary-expr","locations":[{"start":{"line":226,"column":15},"end":{"line":226,"column":42}},{"start":{"line":226,"column":46},"end":{"line":226,"column":55}}]},"8":{"loc":{"start":{"line":231,"column":15},"end":{"line":231,"column":55}},"type":"binary-expr","locations":[{"start":{"line":231,"column":15},"end":{"line":231,"column":42}},{"start":{"line":231,"column":46},"end":{"line":231,"column":55}}]},"9":{"loc":{"start":{"line":236,"column":15},"end":{"line":236,"column":57}},"type":"binary-expr","locations":[{"start":{"line":236,"column":15},"end":{"line":236,"column":44}},{"start":{"line":236,"column":48},"end":{"line":236,"column":57}}]},"10":{"loc":{"start":{"line":239,"column":24},"end":{"line":239,"column":78}},"type":"binary-expr","locations":[{"start":{"line":239,"column":24},"end":{"line":239,"column":65}},{"start":{"line":239,"column":69},"end":{"line":239,"column":78}}]}},"s":{"0":7,"1":7,"2":7,"3":7,"4":7,"5":7,"6":0,"7":0,"8":0,"9":0,"10":0,"11":7,"12":0,"13":0,"14":0,"15":0,"16":0,"17":7,"18":1,"19":1,"20":1,"21":1,"22":0,"23":7,"24":3,"25":3,"26":3,"27":3,"28":3,"29":0,"30":7,"31":0,"32":0,"33":0,"34":0,"35":0,"36":7,"37":0,"38":0,"39":0,"40":0,"41":0,"42":7,"43":1,"44":1,"45":1,"46":0,"47":1,"48":7,"49":3,"50":3,"51":3,"52":1,"53":2,"54":7},"f":{"0":0,"1":0,"2":0,"3":0,"4":1,"5":1,"6":3,"7":3,"8":0,"9":0,"10":0,"11":0,"12":1,"13":1,"14":3,"15":3},"b":{"0":[0,0],"1":[0,0],"2":[3,0],"3":[0,0],"4":[0,0],"5":[0,0],"6":[0,0],"7":[1,0],"8":[1,0],"9":[1,0],"10":[1,0]}}
}
