{"/Users/dominiksek/Documents/school-server/app.ts": {"path":"/Users/dominiksek/Documents/school-server/app.ts","statementMap":{"0":{"start":{"line":2,"column":0},"end":{"line":2,"column":66}},"1":{"start":{"line":2,"column":40},"end":{"line":2,"column":63}},"2":{"start":{"line":4,"column":0},"end":{"line":4,"column":30}},"3":{"start":{"line":5,"column":0},"end":{"line":5,"column":24}},"4":{"start":{"line":6,"column":0},"end":{"line":6,"column":34}},"5":{"start":{"line":7,"column":0},"end":{"line":7,"column":38}},"6":{"start":{"line":8,"column":0},"end":{"line":8,"column":32}},"7":{"start":{"line":9,"column":0},"end":{"line":9,"column":30}},"8":{"start":{"line":10,"column":0},"end":{"line":10,"column":47}},"9":{"start":{"line":11,"column":0},"end":{"line":11,"column":36}},"10":{"start":{"line":12,"column":0},"end":{"line":12,"column":57}},"11":{"start":{"line":13,"column":0},"end":{"line":13,"column":44}},"12":{"start":{"line":14,"column":0},"end":{"line":14,"column":36}},"13":{"start":{"line":15,"column":20},"end":{"line":15,"column":52}},"14":{"start":{"line":16,"column":15},"end":{"line":16,"column":32}},"15":{"start":{"line":18,"column":22},"end":{"line":18,"column":61}},"16":{"start":{"line":19,"column":21},"end":{"line":19,"column":98}},"17":{"start":{"line":21,"column":0},"end":{"line":21,"column":27}},"18":{"start":{"line":22,"column":12},"end":{"line":22,"column":21}},"19":{"start":{"line":25,"column":18},"end":{"line":25,"column":58}},"20":{"start":{"line":26,"column":13},"end":{"line":26,"column":50}},"21":{"start":{"line":27,"column":0},"end":{"line":27,"column":44}},"22":{"start":{"line":30,"column":15},"end":{"line":33,"column":null}},"23":{"start":{"line":35,"column":0},"end":{"line":35,"column":24}},"24":{"start":{"line":36,"column":0},"end":{"line":39,"column":4}},"25":{"start":{"line":40,"column":13},"end":{"line":40,"column":37}},"26":{"start":{"line":42,"column":0},"end":{"line":42,"column":17}},"27":{"start":{"line":43,"column":0},"end":{"line":53,"column":4}},"28":{"start":{"line":54,"column":0},"end":{"line":54,"column":21}},"29":{"start":{"line":55,"column":0},"end":{"line":55,"column":31}},"30":{"start":{"line":56,"column":0},"end":{"line":56,"column":28}},"31":{"start":{"line":58,"column":0},"end":{"line":58,"column":26}},"32":{"start":{"line":60,"column":0},"end":{"line":62,"column":3}},"33":{"start":{"line":61,"column":4},"end":{"line":61,"column":31}},"34":{"start":{"line":65,"column":0},"end":{"line":93,"column":3}},"35":{"start":{"line":66,"column":4},"end":{"line":92,"column":23}},"36":{"start":{"line":67,"column":8},"end":{"line":69,"column":10}},"37":{"start":{"line":68,"column":12},"end":{"line":68,"column":29}},"38":{"start":{"line":70,"column":8},"end":{"line":91,"column":null}},"39":{"start":{"line":70,"column":19},"end":{"line":70,"column":54}},"40":{"start":{"line":72,"column":12},"end":{"line":90,"column":15}},"41":{"start":{"line":72,"column":42},"end":{"line":90,"column":14}},"42":{"start":{"line":73,"column":16},"end":{"line":73,"column":35}},"43":{"start":{"line":73,"column":25},"end":{"line":73,"column":35}},"44":{"start":{"line":75,"column":39},"end":{"line":79,"column":18}},"45":{"start":{"line":81,"column":16},"end":{"line":88,"column":19}},"46":{"start":{"line":89,"column":16},"end":{"line":89,"column":53}},"47":{"start":{"line":95,"column":0},"end":{"line":114,"column":3}},"48":{"start":{"line":95,"column":49},"end":{"line":114,"column":2}},"49":{"start":{"line":96,"column":4},"end":{"line":113,"column":null}},"50":{"start":{"line":97,"column":8},"end":{"line":100,"column":11}},"51":{"start":{"line":102,"column":29},"end":{"line":106,"column":10}},"52":{"start":{"line":107,"column":8},"end":{"line":112,"column":10}},"53":{"start":{"line":116,"column":0},"end":{"line":126,"column":3}},"54":{"start":{"line":118,"column":22},"end":{"line":120,"column":38}},"55":{"start":{"line":121,"column":4},"end":{"line":124,"column":7}},"56":{"start":{"line":127,"column":0},"end":{"line":134,"column":3}},"57":{"start":{"line":128,"column":4},"end":{"line":133,"column":7}},"58":{"start":{"line":129,"column":8},"end":{"line":131,"column":null}},"59":{"start":{"line":130,"column":12},"end":{"line":130,"column":29}},"60":{"start":{"line":132,"column":8},"end":{"line":132,"column":56}},"61":{"start":{"line":135,"column":0},"end":{"line":171,"column":3}},"62":{"start":{"line":135,"column":61},"end":{"line":171,"column":2}},"63":{"start":{"line":136,"column":22},"end":{"line":136,"column":30}},"64":{"start":{"line":137,"column":30},"end":{"line":143,"column":6}},"65":{"start":{"line":144,"column":4},"end":{"line":170,"column":null}},"66":{"start":{"line":145,"column":8},"end":{"line":145,"column":60}},"67":{"start":{"line":147,"column":22},"end":{"line":147,"column":111}},"68":{"start":{"line":148,"column":8},"end":{"line":156,"column":null}},"69":{"start":{"line":157,"column":8},"end":{"line":168,"column":11}},"70":{"start":{"line":165,"column":12},"end":{"line":165,"column":60}},"71":{"start":{"line":167,"column":12},"end":{"line":167,"column":71}},"72":{"start":{"line":173,"column":0},"end":{"line":206,"column":3}},"73":{"start":{"line":173,"column":60},"end":{"line":206,"column":2}},"74":{"start":{"line":174,"column":32},"end":{"line":174,"column":40}},"75":{"start":{"line":175,"column":4},"end":{"line":204,"column":null}},"76":{"start":{"line":176,"column":8},"end":{"line":176,"column":null}},"77":{"start":{"line":178,"column":34},"end":{"line":182,"column":10}},"78":{"start":{"line":183,"column":8},"end":{"line":203,"column":null}},"79":{"start":{"line":184,"column":12},"end":{"line":184,"column":null}},"80":{"start":{"line":185,"column":12},"end":{"line":185,"column":64}},"81":{"start":{"line":188,"column":12},"end":{"line":202,"column":null}},"82":{"start":{"line":189,"column":16},"end":{"line":189,"column":67}},"83":{"start":{"line":191,"column":16},"end":{"line":200,"column":19}},"84":{"start":{"line":201,"column":16},"end":{"line":201,"column":70}},"85":{"start":{"line":208,"column":0},"end":{"line":208,"column":19}}},"fnMap":{"0":{"name":"(anonymous_8)","decl":{"start":{"line":2,"column":26},"end":{"line":2,"column":40}},"loc":{"start":{"line":2,"column":26},"end":{"line":2,"column":65}}},"1":{"name":"(anonymous_9)","decl":{"start":{"line":60,"column":20},"end":{"line":60,"column":21}},"loc":{"start":{"line":60,"column":39},"end":{"line":62,"column":1}}},"2":{"name":"(anonymous_10)","decl":{"start":{"line":65,"column":26},"end":{"line":65,"column":27}},"loc":{"start":{"line":65,"column":45},"end":{"line":93,"column":1}}},"3":{"name":"(anonymous_11)","decl":{"start":{"line":66,"column":35},"end":{"line":66,"column":36}},"loc":{"start":{"line":66,"column":55},"end":{"line":92,"column":5}}},"4":{"name":"(anonymous_12)","decl":{"start":{"line":72,"column":28},"end":{"line":72,"column":35}},"loc":{"start":{"line":72,"column":42},"end":{"line":90,"column":14}}},"5":{"name":"(anonymous_13)","decl":{"start":{"line":72,"column":42},"end":{"line":72,"column":null}},"loc":{"start":{"line":72,"column":42},"end":{"line":90,"column":13}}},"6":{"name":"(anonymous_14)","decl":{"start":{"line":95,"column":30},"end":{"line":95,"column":37}},"loc":{"start":{"line":95,"column":49},"end":{"line":114,"column":2}}},"7":{"name":"(anonymous_15)","decl":{"start":{"line":95,"column":49},"end":{"line":95,"column":null}},"loc":{"start":{"line":95,"column":49},"end":{"line":114,"column":1}}},"8":{"name":"(anonymous_16)","decl":{"start":{"line":116,"column":107},"end":{"line":116,"column":108}},"loc":{"start":{"line":116,"column":126},"end":{"line":126,"column":1}}},"9":{"name":"(anonymous_17)","decl":{"start":{"line":127,"column":29},"end":{"line":127,"column":30}},"loc":{"start":{"line":127,"column":48},"end":{"line":134,"column":1}}},"10":{"name":"(anonymous_18)","decl":{"start":{"line":128,"column":15},"end":{"line":128,"column":25}},"loc":{"start":{"line":128,"column":28},"end":{"line":133,"column":5}}},"11":{"name":"(anonymous_19)","decl":{"start":{"line":135,"column":36},"end":{"line":135,"column":43}},"loc":{"start":{"line":135,"column":61},"end":{"line":171,"column":2}}},"12":{"name":"(anonymous_20)","decl":{"start":{"line":135,"column":61},"end":{"line":135,"column":null}},"loc":{"start":{"line":135,"column":61},"end":{"line":171,"column":1}}},"13":{"name":"(anonymous_21)","decl":{"start":{"line":164,"column":16},"end":{"line":164,"column":17}},"loc":{"start":{"line":164,"column":29},"end":{"line":166,"column":9}}},"14":{"name":"(anonymous_22)","decl":{"start":{"line":166,"column":17},"end":{"line":166,"column":18}},"loc":{"start":{"line":166,"column":31},"end":{"line":168,"column":9}}},"15":{"name":"(anonymous_23)","decl":{"start":{"line":173,"column":35},"end":{"line":173,"column":42}},"loc":{"start":{"line":173,"column":60},"end":{"line":206,"column":2}}},"16":{"name":"(anonymous_24)","decl":{"start":{"line":173,"column":60},"end":{"line":173,"column":null}},"loc":{"start":{"line":173,"column":60},"end":{"line":206,"column":1}}}},"branchMap":{"0":{"loc":{"start":{"line":40,"column":13},"end":{"line":40,"column":37}},"type":"binary-expr","locations":[{"start":{"line":40,"column":13},"end":{"line":40,"column":17}},{"start":{"line":40,"column":21},"end":{"line":40,"column":37}}]},"1":{"loc":{"start":{"line":67,"column":8},"end":{"line":69,"column":10}},"type":"if","locations":[{"start":{"line":67,"column":8},"end":{"line":69,"column":10}}]},"2":{"loc":{"start":{"line":70,"column":8},"end":{"line":91,"column":null}},"type":"if","locations":[{"start":{"line":70,"column":8},"end":{"line":91,"column":null}},{"start":{"line":71,"column":13},"end":{"line":91,"column":null}}]},"3":{"loc":{"start":{"line":73,"column":16},"end":{"line":73,"column":35}},"type":"if","locations":[{"start":{"line":73,"column":16},"end":{"line":73,"column":35}}]},"4":{"loc":{"start":{"line":77,"column":28},"end":{"line":77,"column":47}},"type":"cond-expr","locations":[{"start":{"line":77,"column":36},"end":{"line":77,"column":38}},{"start":{"line":77,"column":36},"end":{"line":77,"column":47}}]},"5":{"loc":{"start":{"line":77,"column":28},"end":{"line":77,"column":38}},"type":"binary-expr","locations":[{"start":{"line":77,"column":28},"end":{"line":77,"column":38}},{"start":{"line":77,"column":36},"end":{"line":77,"column":38}}]},"6":{"loc":{"start":{"line":83,"column":35},"end":{"line":83,"column":54}},"type":"cond-expr","locations":[{"start":{"line":83,"column":43},"end":{"line":83,"column":45}},{"start":{"line":83,"column":43},"end":{"line":83,"column":54}}]},"7":{"loc":{"start":{"line":83,"column":35},"end":{"line":83,"column":45}},"type":"binary-expr","locations":[{"start":{"line":83,"column":35},"end":{"line":83,"column":45}},{"start":{"line":83,"column":43},"end":{"line":83,"column":45}}]},"8":{"loc":{"start":{"line":96,"column":4},"end":{"line":113,"column":null}},"type":"if","locations":[{"start":{"line":96,"column":4},"end":{"line":113,"column":null}},{"start":{"line":101,"column":11},"end":{"line":113,"column":null}}]},"9":{"loc":{"start":{"line":109,"column":22},"end":{"line":109,"column":40}},"type":"cond-expr","locations":[{"start":{"line":109,"column":34},"end":{"line":109,"column":36}},{"start":{"line":109,"column":22},"end":{"line":109,"column":40}}]},"10":{"loc":{"start":{"line":109,"column":22},"end":{"line":109,"column":36}},"type":"binary-expr","locations":[{"start":{"line":109,"column":22},"end":{"line":109,"column":36}},{"start":{"line":109,"column":22},"end":{"line":109,"column":36}}]},"11":{"loc":{"start":{"line":129,"column":8},"end":{"line":131,"column":null}},"type":"if","locations":[{"start":{"line":129,"column":8},"end":{"line":131,"column":null}}]},"12":{"loc":{"start":{"line":144,"column":4},"end":{"line":170,"column":null}},"type":"if","locations":[{"start":{"line":144,"column":4},"end":{"line":170,"column":null}},{"start":{"line":146,"column":11},"end":{"line":170,"column":null}}]},"13":{"loc":{"start":{"line":175,"column":4},"end":{"line":204,"column":null}},"type":"if","locations":[{"start":{"line":175,"column":4},"end":{"line":204,"column":null}},{"start":{"line":177,"column":11},"end":{"line":204,"column":null}}]},"14":{"loc":{"start":{"line":175,"column":8},"end":{"line":175,"column":27}},"type":"binary-expr","locations":[{"start":{"line":175,"column":8},"end":{"line":175,"column":14}},{"start":{"line":175,"column":18},"end":{"line":175,"column":27}}]},"15":{"loc":{"start":{"line":183,"column":8},"end":{"line":203,"column":null}},"type":"if","locations":[{"start":{"line":183,"column":8},"end":{"line":203,"column":null}},{"start":{"line":186,"column":15},"end":{"line":203,"column":null}}]},"16":{"loc":{"start":{"line":188,"column":12},"end":{"line":202,"column":null}},"type":"if","locations":[{"start":{"line":188,"column":12},"end":{"line":202,"column":null}},{"start":{"line":190,"column":19},"end":{"line":202,"column":null}}]}},"s":{"0":12,"1":69,"2":12,"3":12,"4":12,"5":12,"6":12,"7":12,"8":12,"9":12,"10":12,"11":12,"12":12,"13":12,"14":12,"15":12,"16":12,"17":12,"18":12,"19":12,"20":12,"21":12,"22":12,"23":12,"24":12,"25":12,"26":12,"27":12,"28":12,"29":12,"30":12,"31":12,"32":12,"33":2,"34":12,"35":50,"36":50,"37":0,"38":50,"39":2,"40":48,"41":48,"42":48,"43":0,"44":48,"45":48,"46":48,"47":12,"48":4,"49":4,"50":2,"51":2,"52":2,"53":12,"54":2,"55":2,"56":12,"57":2,"58":2,"59":0,"60":2,"61":12,"62":0,"63":0,"64":0,"65":0,"66":0,"67":0,"68":0,"69":0,"70":0,"71":0,"72":12,"73":0,"74":0,"75":0,"76":0,"77":0,"78":0,"79":0,"80":0,"81":0,"82":0,"83":0,"84":0,"85":12},"f":{"0":69,"1":2,"2":50,"3":50,"4":48,"5":48,"6":4,"7":4,"8":2,"9":2,"10":2,"11":0,"12":0,"13":0,"14":0,"15":0,"16":0},"b":{"0":[12,0],"1":[0],"2":[2,48],"3":[0],"4":[0,48],"5":[48,48],"6":[0,48],"7":[48,48],"8":[2,2],"9":[0,2],"10":[2,2],"11":[0],"12":[0,0],"13":[0,0],"14":[0,0],"15":[0,0],"16":[0,0]}}
,"/Users/dominiksek/Documents/school-server/passport-config.ts": {"path":"/Users/dominiksek/Documents/school-server/passport-config.ts","statementMap":{"0":{"start":{"line":2,"column":22},"end":{"line":2,"column":56}},"1":{"start":{"line":3,"column":15},"end":{"line":3,"column":32}},"2":{"start":{"line":6,"column":0},"end":{"line":6,"column":30}},"3":{"start":{"line":14,"column":26},"end":{"line":53,"column":1}},"4":{"start":{"line":15,"column":27},"end":{"line":37,"column":4}},"5":{"start":{"line":15,"column":159},"end":{"line":37,"column":4}},"6":{"start":{"line":17,"column":20},"end":{"line":21,"column":6}},"7":{"start":{"line":23,"column":4},"end":{"line":25,"column":null}},"8":{"start":{"line":24,"column":6},"end":{"line":24,"column":61}},"9":{"start":{"line":27,"column":4},"end":{"line":35,"column":null}},"10":{"start":{"line":28,"column":6},"end":{"line":32,"column":null}},"11":{"start":{"line":29,"column":8},"end":{"line":29,"column":35}},"12":{"start":{"line":31,"column":8},"end":{"line":31,"column":77}},"13":{"start":{"line":34,"column":6},"end":{"line":34,"column":21}},"14":{"start":{"line":39,"column":2},"end":{"line":43,"column":23}},"15":{"start":{"line":44,"column":2},"end":{"line":44,"column":84}},"16":{"start":{"line":44,"column":53},"end":{"line":44,"column":82}},"17":{"start":{"line":45,"column":2},"end":{"line":51,"column":5}},"18":{"start":{"line":45,"column":54},"end":{"line":51,"column":4}},"19":{"start":{"line":46,"column":4},"end":{"line":50,"column":8}},"20":{"start":{"line":14,"column":13},"end":{"line":14,"column":26}}},"fnMap":{"0":{"name":"(anonymous_8)","decl":{"start":{"line":14,"column":26},"end":{"line":14,"column":27}},"loc":{"start":{"line":14,"column":55},"end":{"line":53,"column":1}}},"1":{"name":"(anonymous_9)","decl":{"start":{"line":15,"column":27},"end":{"line":15,"column":34}},"loc":{"start":{"line":15,"column":159},"end":{"line":37,"column":4}}},"2":{"name":"(anonymous_10)","decl":{"start":{"line":15,"column":159},"end":{"line":15,"column":null}},"loc":{"start":{"line":15,"column":159},"end":{"line":37,"column":3}}},"3":{"name":"(anonymous_11)","decl":{"start":{"line":44,"column":25},"end":{"line":44,"column":26}},"loc":{"start":{"line":44,"column":53},"end":{"line":44,"column":82}}},"4":{"name":"(anonymous_12)","decl":{"start":{"line":45,"column":27},"end":{"line":45,"column":34}},"loc":{"start":{"line":45,"column":54},"end":{"line":51,"column":4}}},"5":{"name":"(anonymous_13)","decl":{"start":{"line":45,"column":54},"end":{"line":45,"column":null}},"loc":{"start":{"line":45,"column":54},"end":{"line":51,"column":3}}}},"branchMap":{"0":{"loc":{"start":{"line":23,"column":4},"end":{"line":25,"column":null}},"type":"if","locations":[{"start":{"line":23,"column":4},"end":{"line":25,"column":null}}]},"1":{"loc":{"start":{"line":28,"column":6},"end":{"line":32,"column":null}},"type":"if","locations":[{"start":{"line":28,"column":6},"end":{"line":32,"column":null}},{"start":{"line":30,"column":13},"end":{"line":32,"column":null}}]}},"s":{"0":12,"1":12,"2":12,"3":12,"4":12,"5":50,"6":50,"7":50,"8":2,"9":48,"10":48,"11":48,"12":0,"13":0,"14":12,"15":12,"16":48,"17":12,"18":62,"19":62,"20":12},"f":{"0":12,"1":50,"2":50,"3":48,"4":62,"5":62},"b":{"0":[2],"1":[48,0]}}
,"/Users/dominiksek/Documents/school-server/prisma.ts": {"path":"/Users/dominiksek/Documents/school-server/prisma.ts","statementMap":{"0":{"start":{"line":1,"column":0},"end":{"line":1,"column":43}},"1":{"start":{"line":3,"column":15},"end":{"line":3,"column":33}},"2":{"start":{"line":5,"column":0},"end":{"line":5,"column":22}}},"fnMap":{},"branchMap":{},"s":{"0":14,"1":14,"2":14},"f":{},"b":{}}
,"/Users/dominiksek/Documents/school-server/enums/userRole.ts": {"path":"/Users/dominiksek/Documents/school-server/enums/userRole.ts","statementMap":{"0":{"start":{"line":3,"column":0},"end":{"line":3,"column":null}},"1":{"start":{"line":5,"column":2},"end":{"line":5,"column":null}},"2":{"start":{"line":7,"column":2},"end":{"line":7,"column":null}},"3":{"start":{"line":9,"column":2},"end":{"line":9,"column":null}}},"fnMap":{"0":{"name":"(anonymous_0)","decl":{"start":{"line":3,"column":0},"end":{"line":3,"column":12}},"loc":{"start":{"line":3,"column":20},"end":{"line":10,"column":1}}}},"branchMap":{"0":{"loc":{"start":{"line":3,"column":12},"end":{"line":3,"column":null}},"type":"binary-expr","locations":[{"start":{"line":3,"column":12},"end":{"line":3,"column":20}},{"start":{"line":3,"column":12},"end":{"line":3,"column":null}}]}},"s":{"0":14,"1":14,"2":14,"3":14},"f":{"0":14},"b":{"0":[14,14]}}
,"/Users/dominiksek/Documents/school-server/middleware/authPage.ts": {"path":"/Users/dominiksek/Documents/school-server/middleware/authPage.ts","statementMap":{"0":{"start":{"line":2,"column":0},"end":{"line":2,"column":31}},"1":{"start":{"line":5,"column":24},"end":{"line":25,"column":1}},"2":{"start":{"line":6,"column":2},"end":{"line":23,"column":4}},"3":{"start":{"line":6,"column":67},"end":{"line":23,"column":4}},"4":{"start":{"line":7,"column":4},"end":{"line":22,"column":null}},"5":{"start":{"line":8,"column":6},"end":{"line":8,"column":43}},"6":{"start":{"line":10,"column":25},"end":{"line":14,"column":8}},"7":{"start":{"line":15,"column":6},"end":{"line":15,"column":49}},"8":{"start":{"line":16,"column":28},"end":{"line":16,"column":68}},"9":{"start":{"line":16,"column":45},"end":{"line":16,"column":68}},"10":{"start":{"line":17,"column":6},"end":{"line":21,"column":null}},"11":{"start":{"line":18,"column":8},"end":{"line":18,"column":42}},"12":{"start":{"line":20,"column":8},"end":{"line":20,"column":15}},"13":{"start":{"line":5,"column":13},"end":{"line":5,"column":24}},"14":{"start":{"line":27,"column":32},"end":{"line":51,"column":1}},"15":{"start":{"line":28,"column":2},"end":{"line":50,"column":4}},"16":{"start":{"line":28,"column":67},"end":{"line":50,"column":4}},"17":{"start":{"line":30,"column":4},"end":{"line":49,"column":null}},"18":{"start":{"line":31,"column":6},"end":{"line":31,"column":43}},"19":{"start":{"line":33,"column":25},"end":{"line":37,"column":8}},"20":{"start":{"line":39,"column":6},"end":{"line":39,"column":49}},"21":{"start":{"line":40,"column":28},"end":{"line":40,"column":68}},"22":{"start":{"line":40,"column":45},"end":{"line":40,"column":68}},"23":{"start":{"line":42,"column":23},"end":{"line":42,"column":65}},"24":{"start":{"line":44,"column":6},"end":{"line":48,"column":null}},"25":{"start":{"line":45,"column":8},"end":{"line":45,"column":15}},"26":{"start":{"line":47,"column":8},"end":{"line":47,"column":42}},"27":{"start":{"line":27,"column":13},"end":{"line":27,"column":32}}},"fnMap":{"0":{"name":"(anonymous_8)","decl":{"start":{"line":5,"column":24},"end":{"line":5,"column":25}},"loc":{"start":{"line":5,"column":56},"end":{"line":25,"column":1}}},"1":{"name":"(anonymous_9)","decl":{"start":{"line":6,"column":9},"end":{"line":6,"column":16}},"loc":{"start":{"line":6,"column":67},"end":{"line":23,"column":4}}},"2":{"name":"(anonymous_10)","decl":{"start":{"line":6,"column":67},"end":{"line":6,"column":null}},"loc":{"start":{"line":6,"column":67},"end":{"line":23,"column":3}}},"3":{"name":"(anonymous_11)","decl":{"start":{"line":16,"column":38},"end":{"line":16,"column":39}},"loc":{"start":{"line":16,"column":45},"end":{"line":16,"column":68}}},"4":{"name":"(anonymous_12)","decl":{"start":{"line":27,"column":32},"end":{"line":27,"column":33}},"loc":{"start":{"line":27,"column":64},"end":{"line":51,"column":1}}},"5":{"name":"(anonymous_13)","decl":{"start":{"line":28,"column":9},"end":{"line":28,"column":16}},"loc":{"start":{"line":28,"column":67},"end":{"line":50,"column":4}}},"6":{"name":"(anonymous_14)","decl":{"start":{"line":28,"column":67},"end":{"line":28,"column":null}},"loc":{"start":{"line":28,"column":67},"end":{"line":50,"column":3}}},"7":{"name":"(anonymous_15)","decl":{"start":{"line":40,"column":38},"end":{"line":40,"column":39}},"loc":{"start":{"line":40,"column":45},"end":{"line":40,"column":68}}}},"branchMap":{"0":{"loc":{"start":{"line":7,"column":4},"end":{"line":22,"column":null}},"type":"if","locations":[{"start":{"line":7,"column":4},"end":{"line":22,"column":null}},{"start":{"line":9,"column":11},"end":{"line":22,"column":null}}]},"1":{"loc":{"start":{"line":15,"column":13},"end":{"line":15,"column":48}},"type":"cond-expr","locations":[{"start":{"line":15,"column":35},"end":{"line":15,"column":39}},{"start":{"line":15,"column":42},"end":{"line":15,"column":48}}]},"2":{"loc":{"start":{"line":16,"column":51},"end":{"line":16,"column":67}},"type":"cond-expr","locations":[{"start":{"line":16,"column":61},"end":{"line":16,"column":63}},{"start":{"line":16,"column":51},"end":{"line":16,"column":67}}]},"3":{"loc":{"start":{"line":16,"column":51},"end":{"line":16,"column":63}},"type":"binary-expr","locations":[{"start":{"line":16,"column":51},"end":{"line":16,"column":63}},{"start":{"line":16,"column":51},"end":{"line":16,"column":63}}]},"4":{"loc":{"start":{"line":17,"column":6},"end":{"line":21,"column":null}},"type":"if","locations":[{"start":{"line":17,"column":6},"end":{"line":21,"column":null}},{"start":{"line":19,"column":13},"end":{"line":21,"column":null}}]},"5":{"loc":{"start":{"line":30,"column":4},"end":{"line":49,"column":null}},"type":"if","locations":[{"start":{"line":30,"column":4},"end":{"line":49,"column":null}},{"start":{"line":32,"column":11},"end":{"line":49,"column":null}}]},"6":{"loc":{"start":{"line":39,"column":13},"end":{"line":39,"column":48}},"type":"cond-expr","locations":[{"start":{"line":39,"column":35},"end":{"line":39,"column":39}},{"start":{"line":39,"column":42},"end":{"line":39,"column":48}}]},"7":{"loc":{"start":{"line":40,"column":51},"end":{"line":40,"column":67}},"type":"cond-expr","locations":[{"start":{"line":40,"column":61},"end":{"line":40,"column":63}},{"start":{"line":40,"column":51},"end":{"line":40,"column":67}}]},"8":{"loc":{"start":{"line":40,"column":51},"end":{"line":40,"column":63}},"type":"binary-expr","locations":[{"start":{"line":40,"column":51},"end":{"line":40,"column":63}},{"start":{"line":40,"column":51},"end":{"line":40,"column":63}}]},"9":{"loc":{"start":{"line":42,"column":23},"end":{"line":42,"column":37}},"type":"cond-expr","locations":[{"start":{"line":42,"column":33},"end":{"line":42,"column":35}},{"start":{"line":42,"column":23},"end":{"line":42,"column":37}}]},"10":{"loc":{"start":{"line":42,"column":23},"end":{"line":42,"column":35}},"type":"binary-expr","locations":[{"start":{"line":42,"column":23},"end":{"line":42,"column":35}},{"start":{"line":42,"column":23},"end":{"line":42,"column":35}}]},"11":{"loc":{"start":{"line":44,"column":6},"end":{"line":48,"column":null}},"type":"if","locations":[{"start":{"line":44,"column":6},"end":{"line":48,"column":null}},{"start":{"line":46,"column":13},"end":{"line":48,"column":null}}]},"12":{"loc":{"start":{"line":44,"column":10},"end":{"line":44,"column":35}},"type":"binary-expr","locations":[{"start":{"line":44,"column":10},"end":{"line":44,"column":23}},{"start":{"line":44,"column":27},"end":{"line":44,"column":35}}]}},"s":{"0":14,"1":14,"2":352,"3":50,"4":50,"5":1,"6":49,"7":49,"8":49,"9":49,"10":49,"11":3,"12":46,"13":14,"14":14,"15":108,"16":13,"17":13,"18":0,"19":13,"20":13,"21":13,"22":13,"23":13,"24":13,"25":11,"26":2,"27":14},"f":{"0":352,"1":50,"2":50,"3":49,"4":108,"5":13,"6":13,"7":13},"b":{"0":[1,49],"1":[14,35],"2":[0,49],"3":[49,49],"4":[3,46],"5":[0,13],"6":[10,3],"7":[0,13],"8":[13,13],"9":[0,13],"10":[13,13],"11":[11,2],"12":[13,4]}}
,"/Users/dominiksek/Documents/school-server/routes/api/v1/courses.ts": {"path":"/Users/dominiksek/Documents/school-server/routes/api/v1/courses.ts","statementMap":{"0":{"start":{"line":1,"column":0},"end":{"line":1,"column":33}},"1":{"start":{"line":2,"column":0},"end":{"line":2,"column":37}},"2":{"start":{"line":3,"column":0},"end":{"line":3,"column":74}},"3":{"start":{"line":4,"column":0},"end":{"line":4,"column":51}},"4":{"start":{"line":7,"column":15},"end":{"line":7,"column":23}},"5":{"start":{"line":9,"column":0},"end":{"line":21,"column":3}},"6":{"start":{"line":9,"column":61},"end":{"line":21,"column":2}},"7":{"start":{"line":10,"column":2},"end":{"line":20,"column":null}},"8":{"start":{"line":11,"column":19},"end":{"line":16,"column":6}},"9":{"start":{"line":17,"column":4},"end":{"line":17,"column":33}},"10":{"start":{"line":19,"column":4},"end":{"line":19,"column":51}},"11":{"start":{"line":23,"column":0},"end":{"line":49,"column":null}},"12":{"start":{"line":23,"column":128},"end":{"line":49,"column":2}},"13":{"start":{"line":24,"column":2},"end":{"line":47,"column":null}},"14":{"start":{"line":25,"column":19},"end":{"line":43,"column":6}},"15":{"start":{"line":44,"column":4},"end":{"line":44,"column":33}},"16":{"start":{"line":46,"column":4},"end":{"line":46,"column":49}},"17":{"start":{"line":51,"column":0},"end":{"line":78,"column":3}},"18":{"start":{"line":51,"column":89},"end":{"line":78,"column":2}},"19":{"start":{"line":52,"column":2},"end":{"line":77,"column":null}},"20":{"start":{"line":53,"column":19},"end":{"line":73,"column":6}},"21":{"start":{"line":74,"column":4},"end":{"line":74,"column":33}},"22":{"start":{"line":76,"column":4},"end":{"line":76,"column":49}},"23":{"start":{"line":80,"column":0},"end":{"line":94,"column":3}},"24":{"start":{"line":80,"column":84},"end":{"line":94,"column":2}},"25":{"start":{"line":81,"column":2},"end":{"line":93,"column":null}},"26":{"start":{"line":82,"column":19},"end":{"line":89,"column":6}},"27":{"start":{"line":90,"column":4},"end":{"line":90,"column":33}},"28":{"start":{"line":92,"column":4},"end":{"line":92,"column":49}},"29":{"start":{"line":96,"column":0},"end":{"line":134,"column":3}},"30":{"start":{"line":96,"column":62},"end":{"line":134,"column":2}},"31":{"start":{"line":97,"column":2},"end":{"line":133,"column":null}},"32":{"start":{"line":98,"column":22},"end":{"line":107,"column":6}},"33":{"start":{"line":109,"column":31},"end":{"line":118,"column":6}},"34":{"start":{"line":120,"column":4},"end":{"line":127,"column":7}},"35":{"start":{"line":120,"column":54},"end":{"line":127,"column":6}},"36":{"start":{"line":121,"column":6},"end":{"line":126,"column":9}},"37":{"start":{"line":129,"column":4},"end":{"line":129,"column":36}},"38":{"start":{"line":131,"column":4},"end":{"line":131,"column":null}},"39":{"start":{"line":132,"column":4},"end":{"line":132,"column":49}},"40":{"start":{"line":136,"column":0},"end":{"line":148,"column":3}},"41":{"start":{"line":136,"column":74},"end":{"line":148,"column":2}},"42":{"start":{"line":137,"column":2},"end":{"line":147,"column":null}},"43":{"start":{"line":138,"column":29},"end":{"line":143,"column":6}},"44":{"start":{"line":144,"column":4},"end":{"line":144,"column":43}},"45":{"start":{"line":146,"column":4},"end":{"line":146,"column":49}},"46":{"start":{"line":150,"column":0},"end":{"line":169,"column":3}},"47":{"start":{"line":150,"column":93},"end":{"line":169,"column":2}},"48":{"start":{"line":151,"column":2},"end":{"line":168,"column":null}},"49":{"start":{"line":152,"column":19},"end":{"line":164,"column":6}},"50":{"start":{"line":165,"column":4},"end":{"line":165,"column":33}},"51":{"start":{"line":167,"column":4},"end":{"line":167,"column":49}},"52":{"start":{"line":172,"column":0},"end":{"line":187,"column":3}},"53":{"start":{"line":172,"column":72},"end":{"line":187,"column":2}},"54":{"start":{"line":173,"column":2},"end":{"line":186,"column":null}},"55":{"start":{"line":174,"column":26},"end":{"line":181,"column":6}},"56":{"start":{"line":182,"column":4},"end":{"line":182,"column":40}},"57":{"start":{"line":184,"column":4},"end":{"line":184,"column":null}},"58":{"start":{"line":185,"column":4},"end":{"line":185,"column":49}},"59":{"start":{"line":189,"column":0},"end":{"line":204,"column":3}},"60":{"start":{"line":189,"column":64},"end":{"line":204,"column":2}},"61":{"start":{"line":190,"column":2},"end":{"line":203,"column":null}},"62":{"start":{"line":191,"column":26},"end":{"line":198,"column":6}},"63":{"start":{"line":199,"column":4},"end":{"line":199,"column":40}},"64":{"start":{"line":201,"column":4},"end":{"line":201,"column":null}},"65":{"start":{"line":202,"column":4},"end":{"line":202,"column":49}},"66":{"start":{"line":205,"column":0},"end":{"line":218,"column":3}},"67":{"start":{"line":205,"column":67},"end":{"line":218,"column":2}},"68":{"start":{"line":206,"column":2},"end":{"line":216,"column":null}},"69":{"start":{"line":207,"column":26},"end":{"line":211,"column":6}},"70":{"start":{"line":212,"column":4},"end":{"line":212,"column":40}},"71":{"start":{"line":214,"column":4},"end":{"line":214,"column":null}},"72":{"start":{"line":215,"column":4},"end":{"line":215,"column":49}},"73":{"start":{"line":221,"column":0},"end":{"line":221,"column":22}}},"fnMap":{"0":{"name":"(anonymous_8)","decl":{"start":{"line":9,"column":42},"end":{"line":9,"column":49}},"loc":{"start":{"line":9,"column":61},"end":{"line":21,"column":2}}},"1":{"name":"(anonymous_9)","decl":{"start":{"line":9,"column":61},"end":{"line":9,"column":null}},"loc":{"start":{"line":9,"column":61},"end":{"line":21,"column":1}}},"2":{"name":"(anonymous_10)","decl":{"start":{"line":23,"column":109},"end":{"line":23,"column":116}},"loc":{"start":{"line":23,"column":128},"end":{"line":49,"column":2}}},"3":{"name":"(anonymous_11)","decl":{"start":{"line":23,"column":128},"end":{"line":23,"column":null}},"loc":{"start":{"line":23,"column":128},"end":{"line":49,"column":1}}},"4":{"name":"(anonymous_12)","decl":{"start":{"line":51,"column":70},"end":{"line":51,"column":77}},"loc":{"start":{"line":51,"column":89},"end":{"line":78,"column":2}}},"5":{"name":"(anonymous_13)","decl":{"start":{"line":51,"column":89},"end":{"line":51,"column":null}},"loc":{"start":{"line":51,"column":89},"end":{"line":78,"column":1}}},"6":{"name":"(anonymous_14)","decl":{"start":{"line":80,"column":65},"end":{"line":80,"column":72}},"loc":{"start":{"line":80,"column":84},"end":{"line":94,"column":2}}},"7":{"name":"(anonymous_15)","decl":{"start":{"line":80,"column":84},"end":{"line":80,"column":null}},"loc":{"start":{"line":80,"column":84},"end":{"line":94,"column":1}}},"8":{"name":"(anonymous_16)","decl":{"start":{"line":96,"column":43},"end":{"line":96,"column":50}},"loc":{"start":{"line":96,"column":62},"end":{"line":134,"column":2}}},"9":{"name":"(anonymous_17)","decl":{"start":{"line":96,"column":62},"end":{"line":96,"column":null}},"loc":{"start":{"line":96,"column":62},"end":{"line":134,"column":1}}},"10":{"name":"(anonymous_18)","decl":{"start":{"line":120,"column":31},"end":{"line":120,"column":38}},"loc":{"start":{"line":120,"column":54},"end":{"line":127,"column":6}}},"11":{"name":"(anonymous_19)","decl":{"start":{"line":120,"column":54},"end":{"line":120,"column":null}},"loc":{"start":{"line":120,"column":54},"end":{"line":127,"column":5}}},"12":{"name":"(anonymous_20)","decl":{"start":{"line":136,"column":55},"end":{"line":136,"column":62}},"loc":{"start":{"line":136,"column":74},"end":{"line":148,"column":2}}},"13":{"name":"(anonymous_21)","decl":{"start":{"line":136,"column":74},"end":{"line":136,"column":null}},"loc":{"start":{"line":136,"column":74},"end":{"line":148,"column":1}}},"14":{"name":"(anonymous_22)","decl":{"start":{"line":150,"column":74},"end":{"line":150,"column":81}},"loc":{"start":{"line":150,"column":93},"end":{"line":169,"column":2}}},"15":{"name":"(anonymous_23)","decl":{"start":{"line":150,"column":93},"end":{"line":150,"column":null}},"loc":{"start":{"line":150,"column":93},"end":{"line":169,"column":1}}},"16":{"name":"(anonymous_24)","decl":{"start":{"line":172,"column":53},"end":{"line":172,"column":60}},"loc":{"start":{"line":172,"column":72},"end":{"line":187,"column":2}}},"17":{"name":"(anonymous_25)","decl":{"start":{"line":172,"column":72},"end":{"line":172,"column":null}},"loc":{"start":{"line":172,"column":72},"end":{"line":187,"column":1}}},"18":{"name":"(anonymous_26)","decl":{"start":{"line":189,"column":45},"end":{"line":189,"column":52}},"loc":{"start":{"line":189,"column":64},"end":{"line":204,"column":2}}},"19":{"name":"(anonymous_27)","decl":{"start":{"line":189,"column":64},"end":{"line":189,"column":null}},"loc":{"start":{"line":189,"column":64},"end":{"line":204,"column":1}}},"20":{"name":"(anonymous_28)","decl":{"start":{"line":205,"column":48},"end":{"line":205,"column":55}},"loc":{"start":{"line":205,"column":67},"end":{"line":218,"column":2}}},"21":{"name":"(anonymous_29)","decl":{"start":{"line":205,"column":67},"end":{"line":205,"column":null}},"loc":{"start":{"line":205,"column":67},"end":{"line":218,"column":1}}}},"branchMap":{"0":{"loc":{"start":{"line":55,"column":26},"end":{"line":55,"column":45}},"type":"cond-expr","locations":[{"start":{"line":55,"column":34},"end":{"line":55,"column":36}},{"start":{"line":55,"column":34},"end":{"line":55,"column":45}}]},"1":{"loc":{"start":{"line":55,"column":26},"end":{"line":55,"column":36}},"type":"binary-expr","locations":[{"start":{"line":55,"column":26},"end":{"line":55,"column":36}},{"start":{"line":55,"column":34},"end":{"line":55,"column":36}}]}},"s":{"0":12,"1":12,"2":12,"3":12,"4":12,"5":12,"6":2,"7":2,"8":2,"9":2,"10":0,"11":12,"12":2,"13":2,"14":2,"15":2,"16":0,"17":12,"18":2,"19":2,"20":2,"21":2,"22":0,"23":12,"24":2,"25":2,"26":2,"27":2,"28":0,"29":12,"30":1,"31":1,"32":1,"33":1,"34":1,"35":1,"36":1,"37":1,"38":0,"39":0,"40":12,"41":1,"42":1,"43":1,"44":0,"45":1,"46":12,"47":2,"48":2,"49":2,"50":2,"51":0,"52":12,"53":1,"54":1,"55":1,"56":0,"57":1,"58":1,"59":12,"60":1,"61":1,"62":1,"63":0,"64":1,"65":1,"66":12,"67":1,"68":1,"69":1,"70":1,"71":0,"72":0,"73":12},"f":{"0":2,"1":2,"2":2,"3":2,"4":2,"5":2,"6":2,"7":2,"8":1,"9":1,"10":1,"11":1,"12":1,"13":1,"14":2,"15":2,"16":1,"17":1,"18":1,"19":1,"20":1,"21":1},"b":{"0":[0,2],"1":[2,2]}}
,"/Users/dominiksek/Documents/school-server/routes/api/v1/departments.ts": {"path":"/Users/dominiksek/Documents/school-server/routes/api/v1/departments.ts","statementMap":{"0":{"start":{"line":1,"column":0},"end":{"line":1,"column":33}},"1":{"start":{"line":2,"column":0},"end":{"line":2,"column":37}},"2":{"start":{"line":3,"column":0},"end":{"line":3,"column":56}},"3":{"start":{"line":4,"column":0},"end":{"line":4,"column":51}},"4":{"start":{"line":5,"column":15},"end":{"line":5,"column":23}},"5":{"start":{"line":7,"column":0},"end":{"line":18,"column":3}},"6":{"start":{"line":7,"column":61},"end":{"line":18,"column":2}},"7":{"start":{"line":8,"column":2},"end":{"line":17,"column":null}},"8":{"start":{"line":9,"column":19},"end":{"line":13,"column":6}},"9":{"start":{"line":14,"column":4},"end":{"line":14,"column":33}},"10":{"start":{"line":16,"column":4},"end":{"line":16,"column":49}},"11":{"start":{"line":20,"column":0},"end":{"line":34,"column":3}},"12":{"start":{"line":20,"column":64},"end":{"line":34,"column":2}},"13":{"start":{"line":21,"column":2},"end":{"line":33,"column":null}},"14":{"start":{"line":22,"column":19},"end":{"line":29,"column":6}},"15":{"start":{"line":30,"column":4},"end":{"line":30,"column":33}},"16":{"start":{"line":32,"column":4},"end":{"line":32,"column":49}},"17":{"start":{"line":36,"column":0},"end":{"line":52,"column":3}},"18":{"start":{"line":36,"column":62},"end":{"line":52,"column":2}},"19":{"start":{"line":37,"column":2},"end":{"line":50,"column":null}},"20":{"start":{"line":38,"column":26},"end":{"line":46,"column":6}},"21":{"start":{"line":47,"column":4},"end":{"line":47,"column":40}},"22":{"start":{"line":49,"column":4},"end":{"line":49,"column":49}},"23":{"start":{"line":54,"column":0},"end":{"line":68,"column":3}},"24":{"start":{"line":54,"column":64},"end":{"line":68,"column":2}},"25":{"start":{"line":55,"column":2},"end":{"line":67,"column":null}},"26":{"start":{"line":56,"column":30},"end":{"line":63,"column":6}},"27":{"start":{"line":64,"column":4},"end":{"line":64,"column":44}},"28":{"start":{"line":66,"column":4},"end":{"line":66,"column":49}},"29":{"start":{"line":70,"column":0},"end":{"line":82,"column":3}},"30":{"start":{"line":70,"column":67},"end":{"line":82,"column":2}},"31":{"start":{"line":71,"column":2},"end":{"line":80,"column":null}},"32":{"start":{"line":72,"column":30},"end":{"line":76,"column":6}},"33":{"start":{"line":77,"column":4},"end":{"line":77,"column":44}},"34":{"start":{"line":79,"column":4},"end":{"line":79,"column":49}},"35":{"start":{"line":85,"column":0},"end":{"line":85,"column":22}}},"fnMap":{"0":{"name":"(anonymous_8)","decl":{"start":{"line":7,"column":42},"end":{"line":7,"column":49}},"loc":{"start":{"line":7,"column":61},"end":{"line":18,"column":2}}},"1":{"name":"(anonymous_9)","decl":{"start":{"line":7,"column":61},"end":{"line":7,"column":null}},"loc":{"start":{"line":7,"column":61},"end":{"line":18,"column":1}}},"2":{"name":"(anonymous_10)","decl":{"start":{"line":20,"column":45},"end":{"line":20,"column":52}},"loc":{"start":{"line":20,"column":64},"end":{"line":34,"column":2}}},"3":{"name":"(anonymous_11)","decl":{"start":{"line":20,"column":64},"end":{"line":20,"column":null}},"loc":{"start":{"line":20,"column":64},"end":{"line":34,"column":1}}},"4":{"name":"(anonymous_12)","decl":{"start":{"line":36,"column":43},"end":{"line":36,"column":50}},"loc":{"start":{"line":36,"column":62},"end":{"line":52,"column":2}}},"5":{"name":"(anonymous_13)","decl":{"start":{"line":36,"column":62},"end":{"line":36,"column":null}},"loc":{"start":{"line":36,"column":62},"end":{"line":52,"column":1}}},"6":{"name":"(anonymous_14)","decl":{"start":{"line":54,"column":45},"end":{"line":54,"column":52}},"loc":{"start":{"line":54,"column":64},"end":{"line":68,"column":2}}},"7":{"name":"(anonymous_15)","decl":{"start":{"line":54,"column":64},"end":{"line":54,"column":null}},"loc":{"start":{"line":54,"column":64},"end":{"line":68,"column":1}}},"8":{"name":"(anonymous_16)","decl":{"start":{"line":70,"column":48},"end":{"line":70,"column":55}},"loc":{"start":{"line":70,"column":67},"end":{"line":82,"column":2}}},"9":{"name":"(anonymous_17)","decl":{"start":{"line":70,"column":67},"end":{"line":70,"column":null}},"loc":{"start":{"line":70,"column":67},"end":{"line":82,"column":1}}}},"branchMap":{},"s":{"0":12,"1":12,"2":12,"3":12,"4":12,"5":12,"6":2,"7":2,"8":2,"9":2,"10":0,"11":12,"12":2,"13":2,"14":2,"15":2,"16":0,"17":12,"18":2,"19":2,"20":2,"21":2,"22":0,"23":12,"24":2,"25":2,"26":2,"27":2,"28":0,"29":12,"30":2,"31":2,"32":2,"33":2,"34":0,"35":12},"f":{"0":2,"1":2,"2":2,"3":2,"4":2,"5":2,"6":2,"7":2,"8":2,"9":2},"b":{}}
,"/Users/dominiksek/Documents/school-server/routes/api/v1/faculties.ts": {"path":"/Users/dominiksek/Documents/school-server/routes/api/v1/faculties.ts","statementMap":{"0":{"start":{"line":1,"column":0},"end":{"line":1,"column":33}},"1":{"start":{"line":2,"column":0},"end":{"line":2,"column":37}},"2":{"start":{"line":3,"column":0},"end":{"line":3,"column":74}},"3":{"start":{"line":4,"column":0},"end":{"line":4,"column":51}},"4":{"start":{"line":6,"column":15},"end":{"line":6,"column":23}},"5":{"start":{"line":8,"column":0},"end":{"line":21,"column":3}},"6":{"start":{"line":8,"column":61},"end":{"line":21,"column":2}},"7":{"start":{"line":9,"column":2},"end":{"line":20,"column":null}},"8":{"start":{"line":10,"column":19},"end":{"line":15,"column":6}},"9":{"start":{"line":16,"column":4},"end":{"line":16,"column":33}},"10":{"start":{"line":19,"column":4},"end":{"line":19,"column":49}},"11":{"start":{"line":23,"column":0},"end":{"line":39,"column":3}},"12":{"start":{"line":23,"column":84},"end":{"line":39,"column":2}},"13":{"start":{"line":24,"column":2},"end":{"line":38,"column":null}},"14":{"start":{"line":25,"column":19},"end":{"line":33,"column":6}},"15":{"start":{"line":34,"column":4},"end":{"line":34,"column":33}},"16":{"start":{"line":37,"column":4},"end":{"line":37,"column":49}},"17":{"start":{"line":41,"column":0},"end":{"line":55,"column":3}},"18":{"start":{"line":41,"column":62},"end":{"line":55,"column":2}},"19":{"start":{"line":42,"column":2},"end":{"line":54,"column":null}},"20":{"start":{"line":43,"column":23},"end":{"line":48,"column":6}},"21":{"start":{"line":49,"column":4},"end":{"line":49,"column":37}},"22":{"start":{"line":52,"column":4},"end":{"line":52,"column":null}},"23":{"start":{"line":53,"column":4},"end":{"line":53,"column":49}},"24":{"start":{"line":56,"column":0},"end":{"line":76,"column":3}},"25":{"start":{"line":56,"column":64},"end":{"line":76,"column":2}},"26":{"start":{"line":57,"column":2},"end":{"line":75,"column":null}},"27":{"start":{"line":58,"column":27},"end":{"line":70,"column":6}},"28":{"start":{"line":71,"column":4},"end":{"line":71,"column":41}},"29":{"start":{"line":74,"column":4},"end":{"line":74,"column":49}},"30":{"start":{"line":77,"column":0},"end":{"line":91,"column":3}},"31":{"start":{"line":77,"column":67},"end":{"line":91,"column":2}},"32":{"start":{"line":78,"column":2},"end":{"line":89,"column":null}},"33":{"start":{"line":79,"column":27},"end":{"line":83,"column":6}},"34":{"start":{"line":84,"column":4},"end":{"line":84,"column":41}},"35":{"start":{"line":87,"column":4},"end":{"line":87,"column":null}},"36":{"start":{"line":88,"column":4},"end":{"line":88,"column":49}},"37":{"start":{"line":94,"column":0},"end":{"line":94,"column":22}}},"fnMap":{"0":{"name":"(anonymous_8)","decl":{"start":{"line":8,"column":42},"end":{"line":8,"column":49}},"loc":{"start":{"line":8,"column":61},"end":{"line":21,"column":2}}},"1":{"name":"(anonymous_9)","decl":{"start":{"line":8,"column":61},"end":{"line":8,"column":null}},"loc":{"start":{"line":8,"column":61},"end":{"line":21,"column":1}}},"2":{"name":"(anonymous_10)","decl":{"start":{"line":23,"column":65},"end":{"line":23,"column":72}},"loc":{"start":{"line":23,"column":84},"end":{"line":39,"column":2}}},"3":{"name":"(anonymous_11)","decl":{"start":{"line":23,"column":84},"end":{"line":23,"column":null}},"loc":{"start":{"line":23,"column":84},"end":{"line":39,"column":1}}},"4":{"name":"(anonymous_12)","decl":{"start":{"line":41,"column":43},"end":{"line":41,"column":50}},"loc":{"start":{"line":41,"column":62},"end":{"line":55,"column":2}}},"5":{"name":"(anonymous_13)","decl":{"start":{"line":41,"column":62},"end":{"line":41,"column":null}},"loc":{"start":{"line":41,"column":62},"end":{"line":55,"column":1}}},"6":{"name":"(anonymous_14)","decl":{"start":{"line":56,"column":45},"end":{"line":56,"column":52}},"loc":{"start":{"line":56,"column":64},"end":{"line":76,"column":2}}},"7":{"name":"(anonymous_15)","decl":{"start":{"line":56,"column":64},"end":{"line":56,"column":null}},"loc":{"start":{"line":56,"column":64},"end":{"line":76,"column":1}}},"8":{"name":"(anonymous_16)","decl":{"start":{"line":77,"column":48},"end":{"line":77,"column":55}},"loc":{"start":{"line":77,"column":67},"end":{"line":91,"column":2}}},"9":{"name":"(anonymous_17)","decl":{"start":{"line":77,"column":67},"end":{"line":77,"column":null}},"loc":{"start":{"line":77,"column":67},"end":{"line":91,"column":1}}}},"branchMap":{},"s":{"0":12,"1":12,"2":12,"3":12,"4":12,"5":12,"6":2,"7":2,"8":2,"9":2,"10":0,"11":12,"12":2,"13":2,"14":2,"15":2,"16":0,"17":12,"18":2,"19":2,"20":2,"21":2,"22":0,"23":0,"24":12,"25":2,"26":2,"27":2,"28":2,"29":0,"30":12,"31":2,"32":2,"33":2,"34":2,"35":0,"36":0,"37":12},"f":{"0":2,"1":2,"2":2,"3":2,"4":2,"5":2,"6":2,"7":2,"8":2,"9":2},"b":{}}
,"/Users/dominiksek/Documents/school-server/routes/api/v1/grades.ts": {"path":"/Users/dominiksek/Documents/school-server/routes/api/v1/grades.ts","statementMap":{"0":{"start":{"line":1,"column":0},"end":{"line":1,"column":33}},"1":{"start":{"line":2,"column":0},"end":{"line":2,"column":37}},"2":{"start":{"line":3,"column":0},"end":{"line":3,"column":74}},"3":{"start":{"line":4,"column":0},"end":{"line":4,"column":51}},"4":{"start":{"line":6,"column":15},"end":{"line":6,"column":23}},"5":{"start":{"line":7,"column":18},"end":{"line":7,"column":85}},"6":{"start":{"line":9,"column":0},"end":{"line":22,"column":3}},"7":{"start":{"line":9,"column":61},"end":{"line":22,"column":2}},"8":{"start":{"line":11,"column":2},"end":{"line":20,"column":null}},"9":{"start":{"line":12,"column":19},"end":{"line":16,"column":6}},"10":{"start":{"line":17,"column":4},"end":{"line":17,"column":33}},"11":{"start":{"line":19,"column":4},"end":{"line":19,"column":49}},"12":{"start":{"line":24,"column":0},"end":{"line":40,"column":3}},"13":{"start":{"line":24,"column":128},"end":{"line":40,"column":2}},"14":{"start":{"line":25,"column":2},"end":{"line":38,"column":null}},"15":{"start":{"line":26,"column":19},"end":{"line":34,"column":6}},"16":{"start":{"line":35,"column":4},"end":{"line":35,"column":33}},"17":{"start":{"line":37,"column":4},"end":{"line":37,"column":49}},"18":{"start":{"line":41,"column":0},"end":{"line":60,"column":3}},"19":{"start":{"line":41,"column":88},"end":{"line":60,"column":2}},"20":{"start":{"line":43,"column":4},"end":{"line":58,"column":null}},"21":{"start":{"line":44,"column":21},"end":{"line":54,"column":8}},"22":{"start":{"line":55,"column":6},"end":{"line":55,"column":35}},"23":{"start":{"line":57,"column":6},"end":{"line":57,"column":51}},"24":{"start":{"line":61,"column":0},"end":{"line":77,"column":3}},"25":{"start":{"line":61,"column":98},"end":{"line":77,"column":2}},"26":{"start":{"line":63,"column":2},"end":{"line":76,"column":null}},"27":{"start":{"line":64,"column":19},"end":{"line":71,"column":6}},"28":{"start":{"line":72,"column":4},"end":{"line":72,"column":33}},"29":{"start":{"line":75,"column":4},"end":{"line":75,"column":49}},"30":{"start":{"line":79,"column":0},"end":{"line":93,"column":3}},"31":{"start":{"line":79,"column":82},"end":{"line":93,"column":2}},"32":{"start":{"line":80,"column":2},"end":{"line":92,"column":null}},"33":{"start":{"line":81,"column":21},"end":{"line":88,"column":6}},"34":{"start":{"line":89,"column":4},"end":{"line":89,"column":35}},"35":{"start":{"line":91,"column":4},"end":{"line":91,"column":49}},"36":{"start":{"line":95,"column":0},"end":{"line":116,"column":3}},"37":{"start":{"line":95,"column":128},"end":{"line":116,"column":2}},"38":{"start":{"line":97,"column":4},"end":{"line":115,"column":null}},"39":{"start":{"line":98,"column":24},"end":{"line":106,"column":8}},"40":{"start":{"line":108,"column":6},"end":{"line":112,"column":null}},"41":{"start":{"line":109,"column":8},"end":{"line":109,"column":40}},"42":{"start":{"line":111,"column":8},"end":{"line":111,"column":48}},"43":{"start":{"line":114,"column":6},"end":{"line":114,"column":51}},"44":{"start":{"line":119,"column":0},"end":{"line":133,"column":3}},"45":{"start":{"line":119,"column":101},"end":{"line":133,"column":2}},"46":{"start":{"line":121,"column":2},"end":{"line":131,"column":null}},"47":{"start":{"line":122,"column":25},"end":{"line":126,"column":6}},"48":{"start":{"line":127,"column":4},"end":{"line":127,"column":39}},"49":{"start":{"line":130,"column":4},"end":{"line":130,"column":49}},"50":{"start":{"line":136,"column":0},"end":{"line":136,"column":22}}},"fnMap":{"0":{"name":"(anonymous_8)","decl":{"start":{"line":9,"column":42},"end":{"line":9,"column":49}},"loc":{"start":{"line":9,"column":61},"end":{"line":22,"column":2}}},"1":{"name":"(anonymous_9)","decl":{"start":{"line":9,"column":61},"end":{"line":9,"column":null}},"loc":{"start":{"line":9,"column":61},"end":{"line":22,"column":1}}},"2":{"name":"(anonymous_10)","decl":{"start":{"line":24,"column":109},"end":{"line":24,"column":116}},"loc":{"start":{"line":24,"column":128},"end":{"line":40,"column":2}}},"3":{"name":"(anonymous_11)","decl":{"start":{"line":24,"column":128},"end":{"line":24,"column":null}},"loc":{"start":{"line":24,"column":128},"end":{"line":40,"column":1}}},"4":{"name":"(anonymous_12)","decl":{"start":{"line":41,"column":69},"end":{"line":41,"column":76}},"loc":{"start":{"line":41,"column":88},"end":{"line":60,"column":2}}},"5":{"name":"(anonymous_13)","decl":{"start":{"line":41,"column":88},"end":{"line":41,"column":null}},"loc":{"start":{"line":41,"column":88},"end":{"line":60,"column":1}}},"6":{"name":"(anonymous_14)","decl":{"start":{"line":61,"column":79},"end":{"line":61,"column":86}},"loc":{"start":{"line":61,"column":98},"end":{"line":77,"column":2}}},"7":{"name":"(anonymous_15)","decl":{"start":{"line":61,"column":98},"end":{"line":61,"column":null}},"loc":{"start":{"line":61,"column":98},"end":{"line":77,"column":1}}},"8":{"name":"(anonymous_16)","decl":{"start":{"line":79,"column":63},"end":{"line":79,"column":70}},"loc":{"start":{"line":79,"column":82},"end":{"line":93,"column":2}}},"9":{"name":"(anonymous_17)","decl":{"start":{"line":79,"column":82},"end":{"line":79,"column":null}},"loc":{"start":{"line":79,"column":82},"end":{"line":93,"column":1}}},"10":{"name":"(anonymous_18)","decl":{"start":{"line":95,"column":109},"end":{"line":95,"column":116}},"loc":{"start":{"line":95,"column":128},"end":{"line":116,"column":2}}},"11":{"name":"(anonymous_19)","decl":{"start":{"line":95,"column":128},"end":{"line":95,"column":null}},"loc":{"start":{"line":95,"column":128},"end":{"line":116,"column":1}}},"12":{"name":"(anonymous_20)","decl":{"start":{"line":119,"column":82},"end":{"line":119,"column":89}},"loc":{"start":{"line":119,"column":101},"end":{"line":133,"column":2}}},"13":{"name":"(anonymous_21)","decl":{"start":{"line":119,"column":101},"end":{"line":119,"column":null}},"loc":{"start":{"line":119,"column":101},"end":{"line":133,"column":1}}}},"branchMap":{"0":{"loc":{"start":{"line":46,"column":28},"end":{"line":46,"column":47}},"type":"cond-expr","locations":[{"start":{"line":46,"column":36},"end":{"line":46,"column":38}},{"start":{"line":46,"column":36},"end":{"line":46,"column":47}}]},"1":{"loc":{"start":{"line":46,"column":28},"end":{"line":46,"column":38}},"type":"binary-expr","locations":[{"start":{"line":46,"column":28},"end":{"line":46,"column":38}},{"start":{"line":46,"column":36},"end":{"line":46,"column":38}}]},"2":{"loc":{"start":{"line":108,"column":6},"end":{"line":112,"column":null}},"type":"if","locations":[{"start":{"line":108,"column":6},"end":{"line":112,"column":null}},{"start":{"line":110,"column":13},"end":{"line":112,"column":null}}]}},"s":{"0":12,"1":12,"2":12,"3":12,"4":12,"5":12,"6":12,"7":4,"8":4,"9":4,"10":4,"11":0,"12":12,"13":2,"14":2,"15":2,"16":2,"17":0,"18":12,"19":2,"20":2,"21":2,"22":2,"23":0,"24":12,"25":2,"26":2,"27":2,"28":2,"29":0,"30":12,"31":0,"32":0,"33":0,"34":0,"35":0,"36":12,"37":2,"38":2,"39":2,"40":2,"41":2,"42":0,"43":0,"44":12,"45":0,"46":0,"47":0,"48":0,"49":0,"50":12},"f":{"0":4,"1":4,"2":2,"3":2,"4":2,"5":2,"6":2,"7":2,"8":0,"9":0,"10":2,"11":2,"12":0,"13":0},"b":{"0":[0,2],"1":[2,2],"2":[2,0]}}
,"/Users/dominiksek/Documents/school-server/routes/api/v1/index.ts": {"path":"/Users/dominiksek/Documents/school-server/routes/api/v1/index.ts","statementMap":{"0":{"start":{"line":1,"column":0},"end":{"line":1,"column":30}},"1":{"start":{"line":2,"column":0},"end":{"line":2,"column":34}},"2":{"start":{"line":3,"column":0},"end":{"line":3,"column":38}},"3":{"start":{"line":4,"column":0},"end":{"line":4,"column":46}},"4":{"start":{"line":5,"column":0},"end":{"line":5,"column":42}},"5":{"start":{"line":6,"column":0},"end":{"line":6,"column":36}},"6":{"start":{"line":7,"column":0},"end":{"line":7,"column":41}},"7":{"start":{"line":9,"column":15},"end":{"line":9,"column":31}},"8":{"start":{"line":11,"column":0},"end":{"line":11,"column":34}},"9":{"start":{"line":12,"column":0},"end":{"line":12,"column":38}},"10":{"start":{"line":13,"column":0},"end":{"line":13,"column":46}},"11":{"start":{"line":14,"column":0},"end":{"line":14,"column":42}},"12":{"start":{"line":15,"column":0},"end":{"line":15,"column":36}},"13":{"start":{"line":16,"column":0},"end":{"line":16,"column":41}},"14":{"start":{"line":18,"column":0},"end":{"line":18,"column":22}}},"fnMap":{},"branchMap":{},"s":{"0":12,"1":12,"2":12,"3":12,"4":12,"5":12,"6":12,"7":12,"8":12,"9":12,"10":12,"11":12,"12":12,"13":12,"14":12},"f":{},"b":{}}
,"/Users/dominiksek/Documents/school-server/routes/api/v1/printouts.ts": {"path":"/Users/dominiksek/Documents/school-server/routes/api/v1/printouts.ts","statementMap":{"0":{"start":{"line":1,"column":0},"end":{"line":1,"column":33}},"1":{"start":{"line":2,"column":0},"end":{"line":2,"column":37}},"2":{"start":{"line":3,"column":0},"end":{"line":3,"column":74}},"3":{"start":{"line":4,"column":0},"end":{"line":4,"column":51}},"4":{"start":{"line":7,"column":15},"end":{"line":7,"column":23}},"5":{"start":{"line":9,"column":0},"end":{"line":23,"column":3}},"6":{"start":{"line":9,"column":99},"end":{"line":23,"column":2}},"7":{"start":{"line":10,"column":2},"end":{"line":22,"column":null}},"8":{"start":{"line":11,"column":19},"end":{"line":17,"column":6}},"9":{"start":{"line":18,"column":4},"end":{"line":18,"column":33}},"10":{"start":{"line":21,"column":4},"end":{"line":21,"column":49}},"11":{"start":{"line":24,"column":0},"end":{"line":36,"column":3}},"12":{"start":{"line":24,"column":82},"end":{"line":36,"column":2}},"13":{"start":{"line":25,"column":2},"end":{"line":35,"column":null}},"14":{"start":{"line":26,"column":19},"end":{"line":31,"column":6}},"15":{"start":{"line":32,"column":4},"end":{"line":32,"column":33}},"16":{"start":{"line":34,"column":4},"end":{"line":34,"column":49}},"17":{"start":{"line":39,"column":0},"end":{"line":39,"column":22}}},"fnMap":{"0":{"name":"(anonymous_8)","decl":{"start":{"line":9,"column":80},"end":{"line":9,"column":87}},"loc":{"start":{"line":9,"column":99},"end":{"line":23,"column":2}}},"1":{"name":"(anonymous_9)","decl":{"start":{"line":9,"column":99},"end":{"line":9,"column":null}},"loc":{"start":{"line":9,"column":99},"end":{"line":23,"column":1}}},"2":{"name":"(anonymous_10)","decl":{"start":{"line":24,"column":63},"end":{"line":24,"column":70}},"loc":{"start":{"line":24,"column":82},"end":{"line":36,"column":2}}},"3":{"name":"(anonymous_11)","decl":{"start":{"line":24,"column":82},"end":{"line":24,"column":null}},"loc":{"start":{"line":24,"column":82},"end":{"line":36,"column":1}}}},"branchMap":{},"s":{"0":12,"1":12,"2":12,"3":12,"4":12,"5":12,"6":0,"7":0,"8":0,"9":0,"10":0,"11":12,"12":0,"13":0,"14":0,"15":0,"16":0,"17":12},"f":{"0":0,"1":0,"2":0,"3":0},"b":{}}
,"/Users/dominiksek/Documents/school-server/routes/api/v1/users.ts": {"path":"/Users/dominiksek/Documents/school-server/routes/api/v1/users.ts","statementMap":{"0":{"start":{"line":1,"column":0},"end":{"line":1,"column":33}},"1":{"start":{"line":2,"column":0},"end":{"line":2,"column":37}},"2":{"start":{"line":3,"column":0},"end":{"line":3,"column":74}},"3":{"start":{"line":4,"column":0},"end":{"line":4,"column":51}},"4":{"start":{"line":7,"column":15},"end":{"line":7,"column":23}},"5":{"start":{"line":8,"column":0},"end":{"line":45,"column":3}},"6":{"start":{"line":8,"column":61},"end":{"line":45,"column":2}},"7":{"start":{"line":9,"column":2},"end":{"line":44,"column":null}},"8":{"start":{"line":10,"column":28},"end":{"line":39,"column":6}},"9":{"start":{"line":41,"column":4},"end":{"line":41,"column":33}},"10":{"start":{"line":43,"column":4},"end":{"line":43,"column":49}},"11":{"start":{"line":46,"column":0},"end":{"line":94,"column":3}},"12":{"start":{"line":46,"column":114},"end":{"line":94,"column":2}},"13":{"start":{"line":47,"column":2},"end":{"line":93,"column":null}},"14":{"start":{"line":48,"column":19},"end":{"line":88,"column":6}},"15":{"start":{"line":90,"column":4},"end":{"line":90,"column":33}},"16":{"start":{"line":92,"column":4},"end":{"line":92,"column":49}},"17":{"start":{"line":96,"column":0},"end":{"line":118,"column":3}},"18":{"start":{"line":96,"column":72},"end":{"line":118,"column":2}},"19":{"start":{"line":97,"column":2},"end":{"line":116,"column":null}},"20":{"start":{"line":98,"column":19},"end":{"line":110,"column":6}},"21":{"start":{"line":112,"column":4},"end":{"line":112,"column":33}},"22":{"start":{"line":115,"column":4},"end":{"line":115,"column":49}},"23":{"start":{"line":119,"column":0},"end":{"line":204,"column":3}},"24":{"start":{"line":119,"column":62},"end":{"line":204,"column":2}},"25":{"start":{"line":120,"column":2},"end":{"line":202,"column":null}},"26":{"start":{"line":121,"column":22},"end":{"line":157,"column":6}},"27":{"start":{"line":159,"column":19},"end":{"line":169,"column":6}},"28":{"start":{"line":170,"column":4},"end":{"line":195,"column":null}},"29":{"start":{"line":171,"column":6},"end":{"line":176,"column":9}},"30":{"start":{"line":177,"column":22},"end":{"line":182,"column":8}},"31":{"start":{"line":184,"column":6},"end":{"line":193,"column":null}},"32":{"start":{"line":185,"column":8},"end":{"line":192,"column":null}},"33":{"start":{"line":185,"column":21},"end":{"line":185,"column":22}},"34":{"start":{"line":186,"column":10},"end":{"line":191,"column":13}},"35":{"start":{"line":197,"column":4},"end":{"line":197,"column":33}},"36":{"start":{"line":200,"column":4},"end":{"line":200,"column":21}},"37":{"start":{"line":201,"column":4},"end":{"line":201,"column":49}},"38":{"start":{"line":206,"column":0},"end":{"line":232,"column":3}},"39":{"start":{"line":206,"column":121},"end":{"line":232,"column":2}},"40":{"start":{"line":207,"column":2},"end":{"line":231,"column":null}},"41":{"start":{"line":208,"column":19},"end":{"line":227,"column":6}},"42":{"start":{"line":228,"column":4},"end":{"line":228,"column":33}},"43":{"start":{"line":230,"column":4},"end":{"line":230,"column":49}},"44":{"start":{"line":233,"column":0},"end":{"line":251,"column":3}},"45":{"start":{"line":233,"column":125},"end":{"line":251,"column":2}},"46":{"start":{"line":234,"column":2},"end":{"line":250,"column":null}},"47":{"start":{"line":235,"column":19},"end":{"line":246,"column":6}},"48":{"start":{"line":247,"column":4},"end":{"line":247,"column":33}},"49":{"start":{"line":249,"column":4},"end":{"line":249,"column":49}},"50":{"start":{"line":252,"column":0},"end":{"line":303,"column":3}},"51":{"start":{"line":252,"column":72},"end":{"line":303,"column":2}},"52":{"start":{"line":253,"column":2},"end":{"line":301,"column":null}},"53":{"start":{"line":254,"column":4},"end":{"line":254,"column":null}},"54":{"start":{"line":255,"column":19},"end":{"line":296,"column":6}},"55":{"start":{"line":297,"column":4},"end":{"line":297,"column":33}},"56":{"start":{"line":299,"column":4},"end":{"line":299,"column":21}},"57":{"start":{"line":300,"column":4},"end":{"line":300,"column":49}},"58":{"start":{"line":304,"column":0},"end":{"line":319,"column":3}},"59":{"start":{"line":304,"column":67},"end":{"line":319,"column":2}},"60":{"start":{"line":306,"column":2},"end":{"line":318,"column":null}},"61":{"start":{"line":307,"column":19},"end":{"line":311,"column":6}},"62":{"start":{"line":313,"column":4},"end":{"line":313,"column":33}},"63":{"start":{"line":316,"column":4},"end":{"line":316,"column":null}},"64":{"start":{"line":317,"column":4},"end":{"line":317,"column":49}},"65":{"start":{"line":322,"column":0},"end":{"line":322,"column":22}}},"fnMap":{"0":{"name":"(anonymous_8)","decl":{"start":{"line":8,"column":42},"end":{"line":8,"column":49}},"loc":{"start":{"line":8,"column":61},"end":{"line":45,"column":2}}},"1":{"name":"(anonymous_9)","decl":{"start":{"line":8,"column":61},"end":{"line":8,"column":null}},"loc":{"start":{"line":8,"column":61},"end":{"line":45,"column":1}}},"2":{"name":"(anonymous_10)","decl":{"start":{"line":46,"column":95},"end":{"line":46,"column":102}},"loc":{"start":{"line":46,"column":114},"end":{"line":94,"column":2}}},"3":{"name":"(anonymous_11)","decl":{"start":{"line":46,"column":114},"end":{"line":46,"column":null}},"loc":{"start":{"line":46,"column":114},"end":{"line":94,"column":1}}},"4":{"name":"(anonymous_12)","decl":{"start":{"line":96,"column":53},"end":{"line":96,"column":60}},"loc":{"start":{"line":96,"column":72},"end":{"line":118,"column":2}}},"5":{"name":"(anonymous_13)","decl":{"start":{"line":96,"column":72},"end":{"line":96,"column":null}},"loc":{"start":{"line":96,"column":72},"end":{"line":118,"column":1}}},"6":{"name":"(anonymous_14)","decl":{"start":{"line":119,"column":43},"end":{"line":119,"column":50}},"loc":{"start":{"line":119,"column":62},"end":{"line":204,"column":2}}},"7":{"name":"(anonymous_15)","decl":{"start":{"line":119,"column":62},"end":{"line":119,"column":null}},"loc":{"start":{"line":119,"column":62},"end":{"line":204,"column":1}}},"8":{"name":"(anonymous_16)","decl":{"start":{"line":206,"column":102},"end":{"line":206,"column":109}},"loc":{"start":{"line":206,"column":121},"end":{"line":232,"column":2}}},"9":{"name":"(anonymous_17)","decl":{"start":{"line":206,"column":121},"end":{"line":206,"column":null}},"loc":{"start":{"line":206,"column":121},"end":{"line":232,"column":1}}},"10":{"name":"(anonymous_18)","decl":{"start":{"line":233,"column":106},"end":{"line":233,"column":113}},"loc":{"start":{"line":233,"column":125},"end":{"line":251,"column":2}}},"11":{"name":"(anonymous_19)","decl":{"start":{"line":233,"column":125},"end":{"line":233,"column":null}},"loc":{"start":{"line":233,"column":125},"end":{"line":251,"column":1}}},"12":{"name":"(anonymous_20)","decl":{"start":{"line":252,"column":53},"end":{"line":252,"column":60}},"loc":{"start":{"line":252,"column":72},"end":{"line":303,"column":2}}},"13":{"name":"(anonymous_21)","decl":{"start":{"line":252,"column":72},"end":{"line":252,"column":null}},"loc":{"start":{"line":252,"column":72},"end":{"line":303,"column":1}}},"14":{"name":"(anonymous_22)","decl":{"start":{"line":304,"column":48},"end":{"line":304,"column":55}},"loc":{"start":{"line":304,"column":67},"end":{"line":319,"column":2}}},"15":{"name":"(anonymous_23)","decl":{"start":{"line":304,"column":67},"end":{"line":304,"column":null}},"loc":{"start":{"line":304,"column":67},"end":{"line":319,"column":1}}}},"branchMap":{"0":{"loc":{"start":{"line":50,"column":19},"end":{"line":50,"column":38}},"type":"cond-expr","locations":[{"start":{"line":50,"column":27},"end":{"line":50,"column":29}},{"start":{"line":50,"column":27},"end":{"line":50,"column":38}}]},"1":{"loc":{"start":{"line":50,"column":19},"end":{"line":50,"column":29}},"type":"binary-expr","locations":[{"start":{"line":50,"column":19},"end":{"line":50,"column":29}},{"start":{"line":50,"column":27},"end":{"line":50,"column":29}}]},"2":{"loc":{"start":{"line":170,"column":4},"end":{"line":195,"column":null}},"type":"if","locations":[{"start":{"line":170,"column":4},"end":{"line":195,"column":null}}]},"3":{"loc":{"start":{"line":184,"column":6},"end":{"line":193,"column":null}},"type":"if","locations":[{"start":{"line":184,"column":6},"end":{"line":193,"column":null}}]},"4":{"loc":{"start":{"line":210,"column":19},"end":{"line":210,"column":38}},"type":"cond-expr","locations":[{"start":{"line":210,"column":27},"end":{"line":210,"column":29}},{"start":{"line":210,"column":27},"end":{"line":210,"column":38}}]},"5":{"loc":{"start":{"line":210,"column":19},"end":{"line":210,"column":29}},"type":"binary-expr","locations":[{"start":{"line":210,"column":19},"end":{"line":210,"column":29}},{"start":{"line":210,"column":27},"end":{"line":210,"column":29}}]},"6":{"loc":{"start":{"line":237,"column":19},"end":{"line":237,"column":38}},"type":"cond-expr","locations":[{"start":{"line":237,"column":27},"end":{"line":237,"column":29}},{"start":{"line":237,"column":27},"end":{"line":237,"column":38}}]},"7":{"loc":{"start":{"line":237,"column":19},"end":{"line":237,"column":29}},"type":"binary-expr","locations":[{"start":{"line":237,"column":19},"end":{"line":237,"column":29}},{"start":{"line":237,"column":27},"end":{"line":237,"column":29}}]},"8":{"loc":{"start":{"line":260,"column":20},"end":{"line":260,"column":52}},"type":"binary-expr","locations":[{"start":{"line":260,"column":20},"end":{"line":260,"column":39}},{"start":{"line":260,"column":43},"end":{"line":260,"column":52}}]},"9":{"loc":{"start":{"line":261,"column":19},"end":{"line":261,"column":50}},"type":"binary-expr","locations":[{"start":{"line":261,"column":19},"end":{"line":261,"column":37}},{"start":{"line":261,"column":41},"end":{"line":261,"column":50}}]},"10":{"loc":{"start":{"line":262,"column":15},"end":{"line":262,"column":50}},"type":"binary-expr","locations":[{"start":{"line":262,"column":15},"end":{"line":262,"column":37}},{"start":{"line":262,"column":41},"end":{"line":262,"column":50}}]},"11":{"loc":{"start":{"line":263,"column":14},"end":{"line":263,"column":40}},"type":"binary-expr","locations":[{"start":{"line":263,"column":14},"end":{"line":263,"column":27}},{"start":{"line":263,"column":31},"end":{"line":263,"column":40}}]},"12":{"loc":{"start":{"line":264,"column":20},"end":{"line":264,"column":129}},"type":"binary-expr","locations":[{"start":{"line":264,"column":20},"end":{"line":264,"column":116}},{"start":{"line":264,"column":120},"end":{"line":264,"column":129}}]},"13":{"loc":{"start":{"line":265,"column":16},"end":{"line":265,"column":44}},"type":"binary-expr","locations":[{"start":{"line":265,"column":16},"end":{"line":265,"column":31}},{"start":{"line":265,"column":35},"end":{"line":265,"column":44}}]},"14":{"loc":{"start":{"line":266,"column":15},"end":{"line":266,"column":42}},"type":"binary-expr","locations":[{"start":{"line":266,"column":15},"end":{"line":266,"column":29}},{"start":{"line":266,"column":33},"end":{"line":266,"column":42}}]},"15":{"loc":{"start":{"line":270,"column":18},"end":{"line":270,"column":53}},"type":"binary-expr","locations":[{"start":{"line":270,"column":18},"end":{"line":270,"column":40}},{"start":{"line":270,"column":44},"end":{"line":270,"column":53}}]},"16":{"loc":{"start":{"line":270,"column":18},"end":{"line":270,"column":40}},"type":"cond-expr","locations":[{"start":{"line":270,"column":34},"end":{"line":270,"column":36}},{"start":{"line":270,"column":34},"end":{"line":270,"column":40}}]},"17":{"loc":{"start":{"line":270,"column":18},"end":{"line":270,"column":36}},"type":"binary-expr","locations":[{"start":{"line":270,"column":18},"end":{"line":270,"column":36}},{"start":{"line":270,"column":34},"end":{"line":270,"column":36}}]},"18":{"loc":{"start":{"line":271,"column":20},"end":{"line":271,"column":57}},"type":"binary-expr","locations":[{"start":{"line":271,"column":20},"end":{"line":271,"column":44}},{"start":{"line":271,"column":48},"end":{"line":271,"column":57}}]},"19":{"loc":{"start":{"line":271,"column":20},"end":{"line":271,"column":44}},"type":"cond-expr","locations":[{"start":{"line":271,"column":36},"end":{"line":271,"column":38}},{"start":{"line":271,"column":36},"end":{"line":271,"column":44}}]},"20":{"loc":{"start":{"line":271,"column":20},"end":{"line":271,"column":38}},"type":"binary-expr","locations":[{"start":{"line":271,"column":20},"end":{"line":271,"column":38}},{"start":{"line":271,"column":36},"end":{"line":271,"column":38}}]},"21":{"loc":{"start":{"line":272,"column":21},"end":{"line":272,"column":59}},"type":"binary-expr","locations":[{"start":{"line":272,"column":21},"end":{"line":272,"column":46}},{"start":{"line":272,"column":50},"end":{"line":272,"column":59}}]},"22":{"loc":{"start":{"line":272,"column":21},"end":{"line":272,"column":46}},"type":"cond-expr","locations":[{"start":{"line":272,"column":37},"end":{"line":272,"column":39}},{"start":{"line":272,"column":37},"end":{"line":272,"column":46}}]},"23":{"loc":{"start":{"line":272,"column":21},"end":{"line":272,"column":39}},"type":"binary-expr","locations":[{"start":{"line":272,"column":21},"end":{"line":272,"column":39}},{"start":{"line":272,"column":37},"end":{"line":272,"column":39}}]},"24":{"loc":{"start":{"line":273,"column":25},"end":{"line":273,"column":67}},"type":"binary-expr","locations":[{"start":{"line":273,"column":25},"end":{"line":273,"column":54}},{"start":{"line":273,"column":58},"end":{"line":273,"column":67}}]},"25":{"loc":{"start":{"line":273,"column":25},"end":{"line":273,"column":54}},"type":"cond-expr","locations":[{"start":{"line":273,"column":41},"end":{"line":273,"column":43}},{"start":{"line":273,"column":41},"end":{"line":273,"column":54}}]},"26":{"loc":{"start":{"line":273,"column":25},"end":{"line":273,"column":43}},"type":"binary-expr","locations":[{"start":{"line":273,"column":25},"end":{"line":273,"column":43}},{"start":{"line":273,"column":41},"end":{"line":273,"column":43}}]},"27":{"loc":{"start":{"line":274,"column":19},"end":{"line":274,"column":55}},"type":"binary-expr","locations":[{"start":{"line":274,"column":19},"end":{"line":274,"column":42}},{"start":{"line":274,"column":46},"end":{"line":274,"column":55}}]},"28":{"loc":{"start":{"line":274,"column":19},"end":{"line":274,"column":42}},"type":"cond-expr","locations":[{"start":{"line":274,"column":35},"end":{"line":274,"column":37}},{"start":{"line":274,"column":35},"end":{"line":274,"column":42}}]},"29":{"loc":{"start":{"line":274,"column":19},"end":{"line":274,"column":37}},"type":"binary-expr","locations":[{"start":{"line":274,"column":19},"end":{"line":274,"column":37}},{"start":{"line":274,"column":35},"end":{"line":274,"column":37}}]},"30":{"loc":{"start":{"line":279,"column":19},"end":{"line":279,"column":55}},"type":"binary-expr","locations":[{"start":{"line":279,"column":19},"end":{"line":279,"column":42}},{"start":{"line":279,"column":46},"end":{"line":279,"column":55}}]},"31":{"loc":{"start":{"line":279,"column":19},"end":{"line":279,"column":42}},"type":"cond-expr","locations":[{"start":{"line":279,"column":35},"end":{"line":279,"column":37}},{"start":{"line":279,"column":35},"end":{"line":279,"column":42}}]},"32":{"loc":{"start":{"line":279,"column":19},"end":{"line":279,"column":37}},"type":"binary-expr","locations":[{"start":{"line":279,"column":19},"end":{"line":279,"column":37}},{"start":{"line":279,"column":35},"end":{"line":279,"column":37}}]},"33":{"loc":{"start":{"line":280,"column":26},"end":{"line":280,"column":77}},"type":"binary-expr","locations":[{"start":{"line":280,"column":26},"end":{"line":280,"column":64}},{"start":{"line":280,"column":68},"end":{"line":280,"column":77}}]},"34":{"loc":{"start":{"line":280,"column":33},"end":{"line":280,"column":63}},"type":"cond-expr","locations":[{"start":{"line":280,"column":49},"end":{"line":280,"column":51}},{"start":{"line":280,"column":49},"end":{"line":280,"column":63}}]},"35":{"loc":{"start":{"line":280,"column":33},"end":{"line":280,"column":51}},"type":"binary-expr","locations":[{"start":{"line":280,"column":33},"end":{"line":280,"column":51}},{"start":{"line":280,"column":49},"end":{"line":280,"column":51}}]},"36":{"loc":{"start":{"line":285,"column":22},"end":{"line":285,"column":62}},"type":"binary-expr","locations":[{"start":{"line":285,"column":22},"end":{"line":285,"column":49}},{"start":{"line":285,"column":53},"end":{"line":285,"column":62}}]},"37":{"loc":{"start":{"line":285,"column":22},"end":{"line":285,"column":49}},"type":"cond-expr","locations":[{"start":{"line":285,"column":39},"end":{"line":285,"column":41}},{"start":{"line":285,"column":39},"end":{"line":285,"column":49}}]},"38":{"loc":{"start":{"line":285,"column":22},"end":{"line":285,"column":41}},"type":"binary-expr","locations":[{"start":{"line":285,"column":22},"end":{"line":285,"column":41}},{"start":{"line":285,"column":39},"end":{"line":285,"column":41}}]},"39":{"loc":{"start":{"line":286,"column":21},"end":{"line":286,"column":60}},"type":"binary-expr","locations":[{"start":{"line":286,"column":21},"end":{"line":286,"column":47}},{"start":{"line":286,"column":51},"end":{"line":286,"column":60}}]},"40":{"loc":{"start":{"line":286,"column":21},"end":{"line":286,"column":47}},"type":"cond-expr","locations":[{"start":{"line":286,"column":38},"end":{"line":286,"column":40}},{"start":{"line":286,"column":38},"end":{"line":286,"column":47}}]},"41":{"loc":{"start":{"line":286,"column":21},"end":{"line":286,"column":40}},"type":"binary-expr","locations":[{"start":{"line":286,"column":21},"end":{"line":286,"column":40}},{"start":{"line":286,"column":38},"end":{"line":286,"column":40}}]},"42":{"loc":{"start":{"line":291,"column":24},"end":{"line":291,"column":72}},"type":"binary-expr","locations":[{"start":{"line":291,"column":24},"end":{"line":291,"column":59}},{"start":{"line":291,"column":63},"end":{"line":291,"column":72}}]},"43":{"loc":{"start":{"line":291,"column":24},"end":{"line":291,"column":59}},"type":"cond-expr","locations":[{"start":{"line":291,"column":47},"end":{"line":291,"column":49}},{"start":{"line":291,"column":47},"end":{"line":291,"column":59}}]},"44":{"loc":{"start":{"line":291,"column":24},"end":{"line":291,"column":49}},"type":"binary-expr","locations":[{"start":{"line":291,"column":24},"end":{"line":291,"column":49}},{"start":{"line":291,"column":47},"end":{"line":291,"column":49}}]}},"s":{"0":12,"1":12,"2":12,"3":12,"4":12,"5":12,"6":0,"7":0,"8":0,"9":0,"10":0,"11":12,"12":0,"13":0,"14":0,"15":0,"16":0,"17":12,"18":2,"19":2,"20":2,"21":2,"22":0,"23":12,"24":2,"25":2,"26":2,"27":1,"28":1,"29":1,"30":1,"31":1,"32":1,"33":1,"34":1,"35":1,"36":1,"37":1,"38":12,"39":0,"40":0,"41":0,"42":0,"43":0,"44":12,"45":0,"46":0,"47":0,"48":0,"49":0,"50":12,"51":1,"52":1,"53":1,"54":1,"55":0,"56":1,"57":1,"58":12,"59":1,"60":1,"61":1,"62":0,"63":1,"64":1,"65":12},"f":{"0":0,"1":0,"2":0,"3":0,"4":2,"5":2,"6":2,"7":2,"8":0,"9":0,"10":0,"11":0,"12":1,"13":1,"14":1,"15":1},"b":{"0":[0,0],"1":[0,0],"2":[1],"3":[1],"4":[0,0],"5":[0,0],"6":[0,0],"7":[0,0],"8":[1,0],"9":[1,0],"10":[1,0],"11":[1,0],"12":[1,0],"13":[1,0],"14":[1,0],"15":[1,0],"16":[0,1],"17":[1,1],"18":[1,0],"19":[0,1],"20":[1,1],"21":[1,0],"22":[0,1],"23":[1,1],"24":[1,0],"25":[0,1],"26":[1,1],"27":[1,0],"28":[0,1],"29":[1,1],"30":[1,0],"31":[0,1],"32":[1,1],"33":[1,0],"34":[0,1],"35":[1,1],"36":[1,0],"37":[0,1],"38":[1,1],"39":[1,0],"40":[0,1],"41":[1,1],"42":[1,1],"43":[1,0],"44":[1,1]}}
}
