TN:
SF:app.ts
FN:2,(anonymous_8)
FN:44,(anonymous_9)
FN:47,(anonymous_10)
FN:60,(anonymous_11)
FN:61,(anonymous_12)
FN:67,(anonymous_13)
FN:67,(anonymous_14)
FN:92,(anonymous_15)
FN:92,(anonymous_16)
FN:113,(anonymous_17)
FN:114,(anonymous_18)
FNF:11
FNH:8
FNDA:0,(anonymous_8)
FNDA:0,(anonymous_9)
FNDA:0,(anonymous_10)
FNDA:15,(anonymous_11)
FNDA:15,(anonymous_12)
FNDA:13,(anonymous_13)
FNDA:13,(anonymous_14)
FNDA:2,(anonymous_15)
FNDA:2,(anonymous_16)
FNDA:2,(anonymous_17)
FNDA:2,(anonymous_18)
DA:2,7
DA:4,7
DA:5,7
DA:6,7
DA:7,7
DA:8,7
DA:9,7
DA:10,7
DA:11,7
DA:12,7
DA:13,7
DA:14,7
DA:16,7
DA:17,7
DA:19,7
DA:20,7
DA:24,7
DA:26,7
DA:27,7
DA:38,7
DA:39,7
DA:40,7
DA:42,7
DA:44,7
DA:45,0
DA:47,7
DA:48,0
DA:50,0
DA:53,0
DA:60,7
DA:61,15
DA:62,15
DA:63,0
DA:65,15
DA:67,13
DA:68,13
DA:69,13
DA:71,13
DA:77,13
DA:85,13
DA:92,7
DA:93,2
DA:94,1
DA:99,1
DA:104,1
DA:113,7
DA:114,2
DA:115,2
DA:116,0
DA:118,2
DA:124,7
LF:51
LH:45
BRDA:24,0,0,7
BRDA:24,0,1,0
BRDA:62,1,0,0
BRDA:65,2,0,2
BRDA:65,2,1,13
BRDA:68,3,0,0
BRDA:73,4,0,0
BRDA:73,4,1,13
BRDA:73,5,0,13
BRDA:73,5,1,13
BRDA:79,6,0,0
BRDA:79,6,1,13
BRDA:79,7,0,13
BRDA:79,7,1,13
BRDA:93,8,0,1
BRDA:93,8,1,1
BRDA:106,9,0,0
BRDA:106,9,1,1
BRDA:106,10,0,1
BRDA:106,10,1,1
BRDA:115,11,0,0
BRF:21
BRH:14
end_of_record
TN:
SF:passport-config.ts
FN:14,(anonymous_8)
FN:15,(anonymous_9)
FN:15,(anonymous_10)
FN:44,(anonymous_11)
FN:45,(anonymous_12)
FN:45,(anonymous_13)
FNF:6
FNH:6
FNDA:7,(anonymous_8)
FNDA:13,(anonymous_9)
FNDA:13,(anonymous_10)
FNDA:13,(anonymous_11)
FNDA:33,(anonymous_12)
FNDA:33,(anonymous_13)
DA:2,7
DA:3,7
DA:6,7
DA:14,7
DA:15,13
DA:17,13
DA:23,13
DA:24,0
DA:27,13
DA:28,13
DA:29,13
DA:31,0
DA:34,0
DA:39,7
DA:44,13
DA:45,33
DA:46,33
LF:17
LH:14
BRDA:23,0,0,0
BRDA:28,1,0,13
BRDA:28,1,1,0
BRF:3
BRH:1
end_of_record
TN:
SF:prisma.ts
FNF:0
FNH:0
DA:1,8
DA:3,8
DA:5,8
LF:3
LH:3
BRF:0
BRH:0
end_of_record
TN:
SF:enums/userRole.ts
FN:3,(anonymous_0)
FNF:1
FNH:1
FNDA:8,(anonymous_0)
DA:3,8
DA:5,8
DA:7,8
DA:9,8
LF:4
LH:4
BRDA:3,0,0,8
BRDA:3,0,1,8
BRF:2
BRH:2
end_of_record
TN:
SF:middleware/authPage.ts
FN:5,(anonymous_8)
FN:6,(anonymous_9)
FN:6,(anonymous_10)
FN:16,(anonymous_11)
FN:27,(anonymous_12)
FN:28,(anonymous_13)
FN:28,(anonymous_14)
FN:40,(anonymous_15)
FNF:8
FNH:8
FNDA:205,(anonymous_8)
FNDA:25,(anonymous_9)
FNDA:25,(anonymous_10)
FNDA:24,(anonymous_11)
FNDA:77,(anonymous_12)
FNDA:3,(anonymous_13)
FNDA:3,(anonymous_14)
FNDA:3,(anonymous_15)
DA:2,8
DA:5,8
DA:6,205
DA:7,25
DA:8,1
DA:10,24
DA:15,24
DA:16,24
DA:17,24
DA:18,2
DA:20,22
DA:27,8
DA:28,77
DA:30,3
DA:31,0
DA:33,3
DA:39,3
DA:40,3
DA:42,3
DA:44,3
DA:45,2
DA:47,1
LF:22
LH:21
BRDA:7,0,0,1
BRDA:7,0,1,24
BRDA:15,1,0,2
BRDA:15,1,1,22
BRDA:16,2,0,0
BRDA:16,2,1,24
BRDA:16,3,0,24
BRDA:16,3,1,24
BRDA:17,4,0,2
BRDA:17,4,1,22
BRDA:30,5,0,0
BRDA:30,5,1,3
BRDA:39,6,0,1
BRDA:39,6,1,2
BRDA:40,7,0,0
BRDA:40,7,1,3
BRDA:40,8,0,3
BRDA:40,8,1,3
BRDA:42,9,0,0
BRDA:42,9,1,3
BRDA:42,10,0,3
BRDA:42,10,1,3
BRDA:44,11,0,2
BRDA:44,11,1,1
BRDA:44,12,0,3
BRDA:44,12,1,2
BRF:26
BRH:22
end_of_record
TN:
SF:routes/api/v1/courses.ts
FN:9,(anonymous_8)
FN:9,(anonymous_9)
FN:24,(anonymous_10)
FN:24,(anonymous_11)
FN:44,(anonymous_12)
FN:44,(anonymous_13)
FN:72,(anonymous_14)
FN:72,(anonymous_15)
FN:106,(anonymous_16)
FN:106,(anonymous_17)
FN:122,(anonymous_18)
FN:122,(anonymous_19)
FN:134,(anonymous_20)
FN:134,(anonymous_21)
FN:149,(anonymous_22)
FN:149,(anonymous_23)
FNF:16
FNH:10
FNDA:1,(anonymous_8)
FNDA:1,(anonymous_9)
FNDA:0,(anonymous_10)
FNDA:0,(anonymous_11)
FNDA:0,(anonymous_12)
FNDA:0,(anonymous_13)
FNDA:0,(anonymous_14)
FNDA:0,(anonymous_15)
FNDA:1,(anonymous_16)
FNDA:1,(anonymous_17)
FNDA:1,(anonymous_18)
FNDA:1,(anonymous_19)
FNDA:1,(anonymous_20)
FNDA:1,(anonymous_21)
FNDA:1,(anonymous_22)
FNDA:1,(anonymous_23)
DA:1,7
DA:2,7
DA:3,7
DA:4,7
DA:7,7
DA:9,7
DA:10,1
DA:11,1
DA:17,1
DA:19,0
DA:24,7
DA:25,0
DA:26,0
DA:39,0
DA:41,0
DA:44,7
DA:45,0
DA:46,0
DA:65,0
DA:67,0
DA:72,7
DA:73,0
DA:74,0
DA:98,0
DA:100,0
DA:101,0
DA:106,7
DA:107,1
DA:108,1
DA:116,1
DA:118,0
DA:122,7
DA:123,1
DA:124,1
DA:129,1
DA:131,0
DA:134,7
DA:135,1
DA:136,1
DA:144,1
DA:146,0
DA:149,7
DA:150,1
DA:151,1
DA:156,1
DA:158,0
DA:164,7
LF:47
LH:29
BRDA:76,0,0,0
BRDA:76,0,1,0
BRDA:76,1,0,0
BRDA:76,1,1,0
BRF:4
BRH:0
end_of_record
TN:
SF:routes/api/v1/department-students.ts
FN:8,(anonymous_8)
FN:8,(anonymous_9)
FN:23,(anonymous_10)
FN:23,(anonymous_11)
FN:40,(anonymous_12)
FN:40,(anonymous_13)
FN:58,(anonymous_14)
FN:58,(anonymous_15)
FN:71,(anonymous_16)
FN:71,(anonymous_17)
FN:89,(anonymous_18)
FN:89,(anonymous_19)
FNF:12
FNH:0
FNDA:0,(anonymous_8)
FNDA:0,(anonymous_9)
FNDA:0,(anonymous_10)
FNDA:0,(anonymous_11)
FNDA:0,(anonymous_12)
FNDA:0,(anonymous_13)
FNDA:0,(anonymous_14)
FNDA:0,(anonymous_15)
FNDA:0,(anonymous_16)
FNDA:0,(anonymous_17)
FNDA:0,(anonymous_18)
FNDA:0,(anonymous_19)
DA:1,7
DA:2,7
DA:3,7
DA:4,7
DA:6,7
DA:8,7
DA:9,0
DA:10,0
DA:16,0
DA:18,0
DA:23,7
DA:24,0
DA:25,0
DA:34,0
DA:36,0
DA:40,7
DA:41,0
DA:42,0
DA:51,0
DA:54,0
DA:58,7
DA:59,0
DA:60,0
DA:65,0
DA:67,0
DA:71,7
DA:73,0
DA:74,0
DA:82,0
DA:84,0
DA:89,7
DA:90,0
DA:91,0
DA:96,0
DA:98,0
DA:103,7
LF:36
LH:12
BRF:0
BRH:0
end_of_record
TN:
SF:routes/api/v1/departments.ts
FN:7,(anonymous_8)
FN:7,(anonymous_9)
FN:20,(anonymous_10)
FN:20,(anonymous_11)
FN:36,(anonymous_12)
FN:36,(anonymous_13)
FN:50,(anonymous_14)
FN:50,(anonymous_15)
FN:67,(anonymous_16)
FN:67,(anonymous_17)
FNF:10
FNH:10
FNDA:1,(anonymous_8)
FNDA:1,(anonymous_9)
FNDA:1,(anonymous_10)
FNDA:1,(anonymous_11)
FNDA:1,(anonymous_12)
FNDA:1,(anonymous_13)
FNDA:1,(anonymous_14)
FNDA:1,(anonymous_15)
FNDA:1,(anonymous_16)
FNDA:1,(anonymous_17)
DA:1,7
DA:2,7
DA:3,7
DA:4,7
DA:5,7
DA:7,7
DA:8,1
DA:9,1
DA:14,1
DA:16,0
DA:20,7
DA:21,1
DA:22,1
DA:30,1
DA:32,0
DA:36,7
DA:37,1
DA:38,1
DA:43,1
DA:45,0
DA:50,7
DA:51,1
DA:52,1
DA:60,1
DA:62,0
DA:67,7
DA:68,1
DA:69,1
DA:74,1
DA:76,0
DA:82,7
LF:31
LH:26
BRF:0
BRH:0
end_of_record
TN:
SF:routes/api/v1/faculties.ts
FN:8,(anonymous_8)
FN:8,(anonymous_9)
FN:23,(anonymous_10)
FN:23,(anonymous_11)
FN:41,(anonymous_12)
FN:41,(anonymous_13)
FN:59,(anonymous_14)
FN:59,(anonymous_15)
FN:80,(anonymous_16)
FN:80,(anonymous_17)
FNF:10
FNH:10
FNDA:1,(anonymous_8)
FNDA:1,(anonymous_9)
FNDA:1,(anonymous_10)
FNDA:1,(anonymous_11)
FNDA:1,(anonymous_12)
FNDA:1,(anonymous_13)
FNDA:1,(anonymous_14)
FNDA:1,(anonymous_15)
FNDA:1,(anonymous_16)
FNDA:1,(anonymous_17)
DA:1,7
DA:2,7
DA:3,7
DA:4,7
DA:6,7
DA:8,7
DA:9,1
DA:10,1
DA:16,1
DA:19,0
DA:23,7
DA:24,1
DA:25,1
DA:34,1
DA:37,0
DA:41,7
DA:42,1
DA:43,1
DA:53,1
DA:56,0
DA:59,7
DA:60,1
DA:61,1
DA:74,1
DA:77,0
DA:80,7
DA:81,1
DA:82,1
DA:91,1
DA:94,0
DA:100,7
LF:31
LH:26
BRF:0
BRH:0
end_of_record
TN:
SF:routes/api/v1/grades.ts
FN:9,(anonymous_8)
FN:9,(anonymous_9)
FN:24,(anonymous_10)
FN:24,(anonymous_11)
FN:41,(anonymous_12)
FN:41,(anonymous_13)
FN:61,(anonymous_14)
FN:61,(anonymous_15)
FN:79,(anonymous_16)
FN:79,(anonymous_17)
FN:95,(anonymous_18)
FN:95,(anonymous_19)
FN:148,(anonymous_20)
FN:148,(anonymous_21)
FNF:14
FNH:0
FNDA:0,(anonymous_8)
FNDA:0,(anonymous_9)
FNDA:0,(anonymous_10)
FNDA:0,(anonymous_11)
FNDA:0,(anonymous_12)
FNDA:0,(anonymous_13)
FNDA:0,(anonymous_14)
FNDA:0,(anonymous_15)
FNDA:0,(anonymous_16)
FNDA:0,(anonymous_17)
FNDA:0,(anonymous_18)
FNDA:0,(anonymous_19)
FNDA:0,(anonymous_20)
FNDA:0,(anonymous_21)
DA:1,7
DA:2,7
DA:3,7
DA:4,7
DA:6,7
DA:7,7
DA:9,7
DA:11,0
DA:12,0
DA:17,0
DA:19,0
DA:24,7
DA:25,0
DA:26,0
DA:35,0
DA:37,0
DA:41,7
DA:43,0
DA:44,0
DA:55,0
DA:57,0
DA:61,7
DA:63,0
DA:64,0
DA:72,0
DA:75,0
DA:79,7
DA:80,0
DA:81,0
DA:89,0
DA:91,0
DA:95,7
DA:97,0
DA:98,0
DA:108,0
DA:109,0
DA:111,0
DA:114,0
DA:148,7
DA:150,0
DA:151,0
DA:156,0
DA:159,0
DA:165,7
LF:44
LH:14
BRDA:46,0,0,0
BRDA:46,0,1,0
BRDA:46,1,0,0
BRDA:46,1,1,0
BRDA:108,2,0,0
BRDA:108,2,1,0
BRF:6
BRH:0
end_of_record
TN:
SF:routes/api/v1/index.ts
FNF:0
FNH:0
DA:1,7
DA:2,7
DA:3,7
DA:4,7
DA:5,7
DA:6,7
DA:7,7
DA:9,7
DA:11,7
DA:12,7
DA:13,7
DA:14,7
DA:15,7
DA:16,7
DA:18,7
LF:15
LH:15
BRF:0
BRH:0
end_of_record
TN:
SF:routes/api/v1/users.ts
FN:8,(anonymous_8)
FN:8,(anonymous_9)
FN:46,(anonymous_10)
FN:46,(anonymous_11)
FN:96,(anonymous_12)
FN:96,(anonymous_13)
FN:119,(anonymous_14)
FN:119,(anonymous_15)
FN:168,(anonymous_16)
FN:168,(anonymous_17)
FN:195,(anonymous_18)
FN:195,(anonymous_19)
FN:214,(anonymous_20)
FN:214,(anonymous_21)
FN:249,(anonymous_22)
FN:249,(anonymous_23)
FNF:16
FNH:8
FNDA:0,(anonymous_8)
FNDA:0,(anonymous_9)
FNDA:0,(anonymous_10)
FNDA:0,(anonymous_11)
FNDA:1,(anonymous_12)
FNDA:1,(anonymous_13)
FNDA:3,(anonymous_14)
FNDA:3,(anonymous_15)
FNDA:0,(anonymous_16)
FNDA:0,(anonymous_17)
FNDA:0,(anonymous_18)
FNDA:0,(anonymous_19)
FNDA:1,(anonymous_20)
FNDA:1,(anonymous_21)
FNDA:3,(anonymous_22)
FNDA:3,(anonymous_23)
DA:1,7
DA:2,7
DA:3,7
DA:4,7
DA:7,7
DA:8,7
DA:10,0
DA:11,0
DA:41,0
DA:43,0
DA:46,7
DA:47,0
DA:48,0
DA:90,0
DA:92,0
DA:96,7
DA:97,1
DA:98,1
DA:112,1
DA:115,0
DA:119,7
DA:120,3
DA:121,3
DA:148,3
DA:161,3
DA:163,0
DA:168,7
DA:169,0
DA:170,0
DA:190,0
DA:192,0
DA:195,7
DA:196,0
DA:197,0
DA:209,0
DA:211,0
DA:214,7
DA:215,1
DA:217,1
DA:243,0
DA:245,1
DA:249,7
DA:251,3
DA:252,3
DA:258,1
DA:261,2
DA:266,7
LF:47
LH:28
BRDA:50,0,0,0
BRDA:50,0,1,0
BRDA:50,1,0,0
BRDA:50,1,1,0
BRDA:142,2,0,3
BRDA:142,2,1,0
BRDA:172,3,0,0
BRDA:172,3,1,0
BRDA:172,4,0,0
BRDA:172,4,1,0
BRDA:199,5,0,0
BRDA:199,5,1,0
BRDA:199,6,0,0
BRDA:199,6,1,0
BRDA:226,7,0,1
BRDA:226,7,1,0
BRDA:231,8,0,1
BRDA:231,8,1,0
BRDA:236,9,0,1
BRDA:236,9,1,0
BRDA:239,10,0,1
BRDA:239,10,1,0
BRF:22
BRH:5
end_of_record
