TN:
SF:app.ts
FN:2,(anonymous_8)
FN:60,(anonymous_9)
FN:65,(anonymous_10)
FN:66,(anonymous_11)
FN:72,(anonymous_12)
FN:72,(anonymous_13)
FN:95,(anonymous_14)
FN:95,(anonymous_15)
FN:116,(anonymous_16)
FN:127,(anonymous_17)
FN:128,(anonymous_18)
FN:135,(anonymous_19)
FN:135,(anonymous_20)
FN:164,(anonymous_21)
FN:166,(anonymous_22)
FN:173,(anonymous_23)
FN:173,(anonymous_24)
FNF:17
FNH:11
FNDA:69,(anonymous_8)
FNDA:2,(anonymous_9)
FNDA:50,(anonymous_10)
FNDA:50,(anonymous_11)
FNDA:48,(anonymous_12)
FNDA:48,(anonymous_13)
FNDA:4,(anonymous_14)
FNDA:4,(anonymous_15)
FNDA:2,(anonymous_16)
FNDA:2,(anonymous_17)
FNDA:2,(anonymous_18)
FNDA:0,(anonymous_19)
FNDA:0,(anonymous_20)
FNDA:0,(anonymous_21)
FNDA:0,(anonymous_22)
FNDA:0,(anonymous_23)
FNDA:0,(anonymous_24)
DA:2,69
DA:4,12
DA:5,12
DA:6,12
DA:7,12
DA:8,12
DA:9,12
DA:10,12
DA:11,12
DA:12,12
DA:13,12
DA:14,12
DA:15,12
DA:16,12
DA:18,12
DA:19,12
DA:21,12
DA:22,12
DA:25,12
DA:26,12
DA:27,12
DA:30,12
DA:35,12
DA:36,12
DA:40,12
DA:42,12
DA:43,12
DA:54,12
DA:55,12
DA:56,12
DA:58,12
DA:60,12
DA:61,2
DA:65,12
DA:66,50
DA:67,50
DA:68,0
DA:70,50
DA:72,48
DA:73,48
DA:75,48
DA:81,48
DA:89,48
DA:95,12
DA:96,4
DA:97,2
DA:102,2
DA:107,2
DA:116,12
DA:118,2
DA:121,2
DA:127,12
DA:128,2
DA:129,2
DA:130,0
DA:132,2
DA:135,12
DA:136,0
DA:137,0
DA:144,0
DA:145,0
DA:147,0
DA:148,0
DA:157,0
DA:165,0
DA:167,0
DA:173,12
DA:174,0
DA:175,0
DA:176,0
DA:178,0
DA:183,0
DA:184,0
DA:185,0
DA:188,0
DA:189,0
DA:191,0
DA:201,0
DA:208,12
LF:79
LH:57
BRDA:40,0,0,12
BRDA:40,0,1,0
BRDA:67,1,0,0
BRDA:70,2,0,2
BRDA:70,2,1,48
BRDA:73,3,0,0
BRDA:77,4,0,0
BRDA:77,4,1,48
BRDA:77,5,0,48
BRDA:77,5,1,48
BRDA:83,6,0,0
BRDA:83,6,1,48
BRDA:83,7,0,48
BRDA:83,7,1,48
BRDA:96,8,0,2
BRDA:96,8,1,2
BRDA:109,9,0,0
BRDA:109,9,1,2
BRDA:109,10,0,2
BRDA:109,10,1,2
BRDA:129,11,0,0
BRDA:144,12,0,0
BRDA:144,12,1,0
BRDA:175,13,0,0
BRDA:175,13,1,0
BRDA:175,14,0,0
BRDA:175,14,1,0
BRDA:183,15,0,0
BRDA:183,15,1,0
BRDA:188,16,0,0
BRDA:188,16,1,0
BRF:31
BRH:14
end_of_record
TN:
SF:passport-config.ts
FN:14,(anonymous_8)
FN:15,(anonymous_9)
FN:15,(anonymous_10)
FN:44,(anonymous_11)
FN:45,(anonymous_12)
FN:45,(anonymous_13)
FNF:6
FNH:6
FNDA:12,(anonymous_8)
FNDA:50,(anonymous_9)
FNDA:50,(anonymous_10)
FNDA:48,(anonymous_11)
FNDA:62,(anonymous_12)
FNDA:62,(anonymous_13)
DA:2,12
DA:3,12
DA:6,12
DA:14,12
DA:15,50
DA:17,50
DA:23,50
DA:24,2
DA:27,48
DA:28,48
DA:29,48
DA:31,0
DA:34,0
DA:39,12
DA:44,48
DA:45,62
DA:46,62
LF:17
LH:15
BRDA:23,0,0,2
BRDA:28,1,0,48
BRDA:28,1,1,0
BRF:3
BRH:2
end_of_record
TN:
SF:prisma.ts
FNF:0
FNH:0
DA:1,14
DA:3,14
DA:5,14
LF:3
LH:3
BRF:0
BRH:0
end_of_record
TN:
SF:enums/userRole.ts
FN:3,(anonymous_0)
FNF:1
FNH:1
FNDA:14,(anonymous_0)
DA:3,14
DA:5,14
DA:7,14
DA:9,14
LF:4
LH:4
BRDA:3,0,0,14
BRDA:3,0,1,14
BRF:2
BRH:2
end_of_record
TN:
SF:middleware/authPage.ts
FN:5,(anonymous_8)
FN:6,(anonymous_9)
FN:6,(anonymous_10)
FN:16,(anonymous_11)
FN:27,(anonymous_12)
FN:28,(anonymous_13)
FN:28,(anonymous_14)
FN:40,(anonymous_15)
FNF:8
FNH:8
FNDA:352,(anonymous_8)
FNDA:50,(anonymous_9)
FNDA:50,(anonymous_10)
FNDA:49,(anonymous_11)
FNDA:108,(anonymous_12)
FNDA:13,(anonymous_13)
FNDA:13,(anonymous_14)
FNDA:13,(anonymous_15)
DA:2,14
DA:5,14
DA:6,352
DA:7,50
DA:8,1
DA:10,49
DA:15,49
DA:16,49
DA:17,49
DA:18,3
DA:20,46
DA:27,14
DA:28,108
DA:30,13
DA:31,0
DA:33,13
DA:39,13
DA:40,13
DA:42,13
DA:44,13
DA:45,11
DA:47,2
LF:22
LH:21
BRDA:7,0,0,1
BRDA:7,0,1,49
BRDA:15,1,0,14
BRDA:15,1,1,35
BRDA:16,2,0,0
BRDA:16,2,1,49
BRDA:16,3,0,49
BRDA:16,3,1,49
BRDA:17,4,0,3
BRDA:17,4,1,46
BRDA:30,5,0,0
BRDA:30,5,1,13
BRDA:39,6,0,10
BRDA:39,6,1,3
BRDA:40,7,0,0
BRDA:40,7,1,13
BRDA:40,8,0,13
BRDA:40,8,1,13
BRDA:42,9,0,0
BRDA:42,9,1,13
BRDA:42,10,0,13
BRDA:42,10,1,13
BRDA:44,11,0,11
BRDA:44,11,1,2
BRDA:44,12,0,13
BRDA:44,12,1,4
BRF:26
BRH:22
end_of_record
TN:
SF:routes/api/v1/courses.ts
FN:9,(anonymous_8)
FN:9,(anonymous_9)
FN:23,(anonymous_10)
FN:23,(anonymous_11)
FN:51,(anonymous_12)
FN:51,(anonymous_13)
FN:80,(anonymous_14)
FN:80,(anonymous_15)
FN:96,(anonymous_16)
FN:96,(anonymous_17)
FN:120,(anonymous_18)
FN:120,(anonymous_19)
FN:136,(anonymous_20)
FN:136,(anonymous_21)
FN:150,(anonymous_22)
FN:150,(anonymous_23)
FN:172,(anonymous_24)
FN:172,(anonymous_25)
FN:189,(anonymous_26)
FN:189,(anonymous_27)
FN:205,(anonymous_28)
FN:205,(anonymous_29)
FNF:22
FNH:22
FNDA:2,(anonymous_8)
FNDA:2,(anonymous_9)
FNDA:2,(anonymous_10)
FNDA:2,(anonymous_11)
FNDA:2,(anonymous_12)
FNDA:2,(anonymous_13)
FNDA:2,(anonymous_14)
FNDA:2,(anonymous_15)
FNDA:1,(anonymous_16)
FNDA:1,(anonymous_17)
FNDA:1,(anonymous_18)
FNDA:1,(anonymous_19)
FNDA:1,(anonymous_20)
FNDA:1,(anonymous_21)
FNDA:2,(anonymous_22)
FNDA:2,(anonymous_23)
FNDA:1,(anonymous_24)
FNDA:1,(anonymous_25)
FNDA:1,(anonymous_26)
FNDA:1,(anonymous_27)
FNDA:1,(anonymous_28)
FNDA:1,(anonymous_29)
DA:1,12
DA:2,12
DA:3,12
DA:4,12
DA:7,12
DA:9,12
DA:10,2
DA:11,2
DA:17,2
DA:19,0
DA:23,12
DA:24,2
DA:25,2
DA:44,2
DA:46,0
DA:51,12
DA:52,2
DA:53,2
DA:74,2
DA:76,0
DA:80,12
DA:81,2
DA:82,2
DA:90,2
DA:92,0
DA:96,12
DA:97,1
DA:98,1
DA:109,1
DA:120,1
DA:121,1
DA:129,1
DA:131,0
DA:132,0
DA:136,12
DA:137,1
DA:138,1
DA:144,0
DA:146,1
DA:150,12
DA:151,2
DA:152,2
DA:165,2
DA:167,0
DA:172,12
DA:173,1
DA:174,1
DA:182,0
DA:184,1
DA:185,1
DA:189,12
DA:190,1
DA:191,1
DA:199,0
DA:201,1
DA:202,1
DA:205,12
DA:206,1
DA:207,1
DA:212,1
DA:214,0
DA:215,0
DA:221,12
LF:63
LH:51
BRDA:55,0,0,0
BRDA:55,0,1,2
BRDA:55,1,0,2
BRDA:55,1,1,2
BRF:4
BRH:3
end_of_record
TN:
SF:routes/api/v1/departments.ts
FN:7,(anonymous_8)
FN:7,(anonymous_9)
FN:20,(anonymous_10)
FN:20,(anonymous_11)
FN:36,(anonymous_12)
FN:36,(anonymous_13)
FN:54,(anonymous_14)
FN:54,(anonymous_15)
FN:70,(anonymous_16)
FN:70,(anonymous_17)
FNF:10
FNH:10
FNDA:2,(anonymous_8)
FNDA:2,(anonymous_9)
FNDA:2,(anonymous_10)
FNDA:2,(anonymous_11)
FNDA:2,(anonymous_12)
FNDA:2,(anonymous_13)
FNDA:2,(anonymous_14)
FNDA:2,(anonymous_15)
FNDA:2,(anonymous_16)
FNDA:2,(anonymous_17)
DA:1,12
DA:2,12
DA:3,12
DA:4,12
DA:5,12
DA:7,12
DA:8,2
DA:9,2
DA:14,2
DA:16,0
DA:20,12
DA:21,2
DA:22,2
DA:30,2
DA:32,0
DA:36,12
DA:37,2
DA:38,2
DA:47,2
DA:49,0
DA:54,12
DA:55,2
DA:56,2
DA:64,2
DA:66,0
DA:70,12
DA:71,2
DA:72,2
DA:77,2
DA:79,0
DA:85,12
LF:31
LH:26
BRF:0
BRH:0
end_of_record
TN:
SF:routes/api/v1/faculties.ts
FN:8,(anonymous_8)
FN:8,(anonymous_9)
FN:23,(anonymous_10)
FN:23,(anonymous_11)
FN:41,(anonymous_12)
FN:41,(anonymous_13)
FN:56,(anonymous_14)
FN:56,(anonymous_15)
FN:77,(anonymous_16)
FN:77,(anonymous_17)
FNF:10
FNH:10
FNDA:2,(anonymous_8)
FNDA:2,(anonymous_9)
FNDA:2,(anonymous_10)
FNDA:2,(anonymous_11)
FNDA:2,(anonymous_12)
FNDA:2,(anonymous_13)
FNDA:2,(anonymous_14)
FNDA:2,(anonymous_15)
FNDA:2,(anonymous_16)
FNDA:2,(anonymous_17)
DA:1,12
DA:2,12
DA:3,12
DA:4,12
DA:6,12
DA:8,12
DA:9,2
DA:10,2
DA:16,2
DA:19,0
DA:23,12
DA:24,2
DA:25,2
DA:34,2
DA:37,0
DA:41,12
DA:42,2
DA:43,2
DA:49,2
DA:52,0
DA:53,0
DA:56,12
DA:57,2
DA:58,2
DA:71,2
DA:74,0
DA:77,12
DA:78,2
DA:79,2
DA:84,2
DA:87,0
DA:88,0
DA:94,12
LF:33
LH:26
BRF:0
BRH:0
end_of_record
TN:
SF:routes/api/v1/grades.ts
FN:9,(anonymous_8)
FN:9,(anonymous_9)
FN:24,(anonymous_10)
FN:24,(anonymous_11)
FN:41,(anonymous_12)
FN:41,(anonymous_13)
FN:61,(anonymous_14)
FN:61,(anonymous_15)
FN:79,(anonymous_16)
FN:79,(anonymous_17)
FN:95,(anonymous_18)
FN:95,(anonymous_19)
FN:119,(anonymous_20)
FN:119,(anonymous_21)
FNF:14
FNH:10
FNDA:4,(anonymous_8)
FNDA:4,(anonymous_9)
FNDA:2,(anonymous_10)
FNDA:2,(anonymous_11)
FNDA:2,(anonymous_12)
FNDA:2,(anonymous_13)
FNDA:2,(anonymous_14)
FNDA:2,(anonymous_15)
FNDA:0,(anonymous_16)
FNDA:0,(anonymous_17)
FNDA:2,(anonymous_18)
FNDA:2,(anonymous_19)
FNDA:0,(anonymous_20)
FNDA:0,(anonymous_21)
DA:1,12
DA:2,12
DA:3,12
DA:4,12
DA:6,12
DA:7,12
DA:9,12
DA:11,4
DA:12,4
DA:17,4
DA:19,0
DA:24,12
DA:25,2
DA:26,2
DA:35,2
DA:37,0
DA:41,12
DA:43,2
DA:44,2
DA:55,2
DA:57,0
DA:61,12
DA:63,2
DA:64,2
DA:72,2
DA:75,0
DA:79,12
DA:80,0
DA:81,0
DA:89,0
DA:91,0
DA:95,12
DA:97,2
DA:98,2
DA:108,2
DA:109,2
DA:111,0
DA:114,0
DA:119,12
DA:121,0
DA:122,0
DA:127,0
DA:130,0
DA:136,12
LF:44
LH:30
BRDA:46,0,0,0
BRDA:46,0,1,2
BRDA:46,1,0,2
BRDA:46,1,1,2
BRDA:108,2,0,2
BRDA:108,2,1,0
BRF:6
BRH:4
end_of_record
TN:
SF:routes/api/v1/index.ts
FNF:0
FNH:0
DA:1,12
DA:2,12
DA:3,12
DA:4,12
DA:5,12
DA:6,12
DA:7,12
DA:9,12
DA:11,12
DA:12,12
DA:13,12
DA:14,12
DA:15,12
DA:16,12
DA:18,12
LF:15
LH:15
BRF:0
BRH:0
end_of_record
TN:
SF:routes/api/v1/printouts.ts
FN:9,(anonymous_8)
FN:9,(anonymous_9)
FN:24,(anonymous_10)
FN:24,(anonymous_11)
FNF:4
FNH:0
FNDA:0,(anonymous_8)
FNDA:0,(anonymous_9)
FNDA:0,(anonymous_10)
FNDA:0,(anonymous_11)
DA:1,12
DA:2,12
DA:3,12
DA:4,12
DA:7,12
DA:9,12
DA:10,0
DA:11,0
DA:18,0
DA:21,0
DA:24,12
DA:25,0
DA:26,0
DA:32,0
DA:34,0
DA:39,12
LF:16
LH:8
BRF:0
BRH:0
end_of_record
TN:
SF:routes/api/v1/users.ts
FN:8,(anonymous_8)
FN:8,(anonymous_9)
FN:46,(anonymous_10)
FN:46,(anonymous_11)
FN:96,(anonymous_12)
FN:96,(anonymous_13)
FN:119,(anonymous_14)
FN:119,(anonymous_15)
FN:206,(anonymous_16)
FN:206,(anonymous_17)
FN:233,(anonymous_18)
FN:233,(anonymous_19)
FN:252,(anonymous_20)
FN:252,(anonymous_21)
FN:304,(anonymous_22)
FN:304,(anonymous_23)
FNF:16
FNH:8
FNDA:0,(anonymous_8)
FNDA:0,(anonymous_9)
FNDA:0,(anonymous_10)
FNDA:0,(anonymous_11)
FNDA:2,(anonymous_12)
FNDA:2,(anonymous_13)
FNDA:2,(anonymous_14)
FNDA:2,(anonymous_15)
FNDA:0,(anonymous_16)
FNDA:0,(anonymous_17)
FNDA:0,(anonymous_18)
FNDA:0,(anonymous_19)
FNDA:1,(anonymous_20)
FNDA:1,(anonymous_21)
FNDA:1,(anonymous_22)
FNDA:1,(anonymous_23)
DA:1,12
DA:2,12
DA:3,12
DA:4,12
DA:7,12
DA:8,12
DA:9,0
DA:10,0
DA:41,0
DA:43,0
DA:46,12
DA:47,0
DA:48,0
DA:90,0
DA:92,0
DA:96,12
DA:97,2
DA:98,2
DA:112,2
DA:115,0
DA:119,12
DA:120,2
DA:121,2
DA:159,1
DA:170,1
DA:171,1
DA:177,1
DA:184,1
DA:185,1
DA:186,1
DA:197,1
DA:200,1
DA:201,1
DA:206,12
DA:207,0
DA:208,0
DA:228,0
DA:230,0
DA:233,12
DA:234,0
DA:235,0
DA:247,0
DA:249,0
DA:252,12
DA:253,1
DA:254,1
DA:255,1
DA:297,0
DA:299,1
DA:300,1
DA:304,12
DA:306,1
DA:307,1
DA:313,0
DA:316,1
DA:317,1
DA:322,12
LF:57
LH:38
BRDA:50,0,0,0
BRDA:50,0,1,0
BRDA:50,1,0,0
BRDA:50,1,1,0
BRDA:170,2,0,1
BRDA:184,3,0,1
BRDA:210,4,0,0
BRDA:210,4,1,0
BRDA:210,5,0,0
BRDA:210,5,1,0
BRDA:237,6,0,0
BRDA:237,6,1,0
BRDA:237,7,0,0
BRDA:237,7,1,0
BRDA:260,8,0,1
BRDA:260,8,1,0
BRDA:261,9,0,1
BRDA:261,9,1,0
BRDA:262,10,0,1
BRDA:262,10,1,0
BRDA:263,11,0,1
BRDA:263,11,1,0
BRDA:264,12,0,1
BRDA:264,12,1,0
BRDA:265,13,0,1
BRDA:265,13,1,0
BRDA:266,14,0,1
BRDA:266,14,1,0
BRDA:270,15,0,1
BRDA:270,15,1,0
BRDA:270,16,0,0
BRDA:270,16,1,1
BRDA:270,17,0,1
BRDA:270,17,1,1
BRDA:271,18,0,1
BRDA:271,18,1,0
BRDA:271,19,0,0
BRDA:271,19,1,1
BRDA:271,20,0,1
BRDA:271,20,1,1
BRDA:272,21,0,1
BRDA:272,21,1,0
BRDA:272,22,0,0
BRDA:272,22,1,1
BRDA:272,23,0,1
BRDA:272,23,1,1
BRDA:273,24,0,1
BRDA:273,24,1,0
BRDA:273,25,0,0
BRDA:273,25,1,1
BRDA:273,26,0,1
BRDA:273,26,1,1
BRDA:274,27,0,1
BRDA:274,27,1,0
BRDA:274,28,0,0
BRDA:274,28,1,1
BRDA:274,29,0,1
BRDA:274,29,1,1
BRDA:279,30,0,1
BRDA:279,30,1,0
BRDA:279,31,0,0
BRDA:279,31,1,1
BRDA:279,32,0,1
BRDA:279,32,1,1
BRDA:280,33,0,1
BRDA:280,33,1,0
BRDA:280,34,0,0
BRDA:280,34,1,1
BRDA:280,35,0,1
BRDA:280,35,1,1
BRDA:285,36,0,1
BRDA:285,36,1,0
BRDA:285,37,0,0
BRDA:285,37,1,1
BRDA:285,38,0,1
BRDA:285,38,1,1
BRDA:286,39,0,1
BRDA:286,39,1,0
BRDA:286,40,0,0
BRDA:286,40,1,1
BRDA:286,41,0,1
BRDA:286,41,1,1
BRDA:291,42,0,1
BRDA:291,42,1,1
BRDA:291,43,0,1
BRDA:291,43,1,0
BRDA:291,44,0,1
BRDA:291,44,1,1
BRF:88
BRH:50
end_of_record
